RUN	com.gatling.tests.OHRMRejectApplicant	ohrmrejectapplicant	1694274209883	 	3.6.1
USER	OHRMRejectApplicant	START	1694274211332
REQUEST		request_0	1694274211362	1694274212361	OK	 
REQUEST		favicon.ico?v=1688731390829	1694274212497	1694274212521	OK	 
REQUEST		request_1	1694274212501	1694274212538	OK	 
REQUEST		app.css?v=1688731390829	1694274212499	1694274212573	OK	 
REQUEST		chunk-vendors.css?v=1688731390829	1694274212498	1694274212612	OK	 
REQUEST		request_2	1694274212534	1694274212645	OK	 
REQUEST		app.js?v=1688731390829	1694274212500	1694274212725	OK	 
REQUEST		request_7	1694274212653	1694274212733	OK	 
REQUEST		chunk-vendors.js?v=1688731390829	1694274212500	1694274212753	OK	 
REQUEST		request_3	1694274212570	1694274212763	OK	 
REQUEST		request_4	1694274212576	1694274212772	OK	 
REQUEST		request_8	1694274212726	1694274212776	OK	 
REQUEST		request_9	1694274212736	1694274212779	OK	 
REQUEST		request_10	1694274212758	1694274212781	OK	 
REQUEST		request_11	1694274212766	1694274212782	OK	 
REQUEST		request_12	1694274212773	1694274212784	OK	 
REQUEST		request_13	1694274212777	1694274212786	OK	 
REQUEST		request_6	1694274212627	1694274213170	OK	 
REQUEST		request_14	1694274214198	1694274214411	OK	 
REQUEST		request_14 Redirect 1	1694274214420	1694274215009	OK	 
REQUEST		favicon.ico?v=1688731390829	1694274215040	1694274215052	OK	 
REQUEST		app.css?v=1688731390829	1694274215042	1694274215067	OK	 
REQUEST		chunk-vendors.css?v=1688731390829	1694274215041	1694274215068	OK	 
REQUEST		request_24	1694274215061	1694274215070	OK	 
REQUEST		request_25	1694274215067	1694274215082	OK	 
REQUEST		request_26	1694274215069	1694274215089	OK	 
REQUEST		request_27	1694274215073	1694274215092	OK	 
REQUEST		request_28	1694274215087	1694274215107	OK	 
REQUEST		chunk-vendors.js?v=1688731390829	1694274215046	1694274215173	OK	 
REQUEST		request_15	1694274215050	1694274215203	OK	 
REQUEST		app.js?v=1688731390829	1694274215050	1694274215326	OK	 
REQUEST		request_32	1694274215174	1694274215752	KO	status.find.in(200,201,202,203,204,205,206,207,208,209,304), found 401
REQUEST		request_33	1694274215205	1694274215827	KO	status.find.in(200,201,202,203,204,205,206,207,208,209,304), found 401
REQUEST		request_34	1694274215329	1694274216130	KO	status.find.in(200,201,202,203,204,205,206,207,208,209,304), found 401
REQUEST		request_30	1694274215099	1694274216450	OK	 
REQUEST		request_31	1694274215115	1694274216763	KO	status.find.in(200,201,202,203,204,205,206,207,208,209,304), found 401
REQUEST		request_29	1694274215090	1694274216907	OK	 
REQUEST		request_35	1694274215762	1694274216976	KO	status.find.in(200,201,202,203,204,205,206,207,208,209,304), found 401
REQUEST		request_36	1694274215828	1694274217204	KO	status.find.in(200,201,202,203,204,205,206,207,208,209,304), found 401
REQUEST		request_37	1694274216131	1694274217423	KO	status.find.in(200,201,202,203,204,205,206,207,208,209,304), found 401
REQUEST		request_30	1694274216451	1694274217719	OK	 
REQUEST		request_29	1694274216908	1694274217821	OK	 
REQUEST		request_38	1694274218825	1694274219102	OK	 
REQUEST		request_38 Redirect 1	1694274219103	1694274219451	OK	 
REQUEST		app.js?v=1688731390829	1694274219476	1694274219491	OK	 
REQUEST		request_39	1694274219478	1694274219498	OK	 
REQUEST		app.css?v=1688731390829	1694274219471	1694274219501	OK	 
REQUEST		chunk-vendors.js?v=1688731390829	1694274219474	1694274219508	OK	 
REQUEST		favicon.ico?v=1688731390829	1694274219465	1694274219510	OK	 
REQUEST		chunk-vendors.css?v=1688731390829	1694274219469	1694274219521	OK	 
REQUEST		request_54	1694274219502	1694274220040	KO	status.find.in(200,201,202,203,204,205,206,207,208,209,304), found 401
REQUEST		request_57	1694274219522	1694274220128	KO	status.find.in(200,201,202,203,204,205,206,207,208,209,304), found 401
REQUEST		request_55	1694274219509	1694274220238	KO	status.find.in(200,201,202,203,204,205,206,207,208,209,304), found 401
REQUEST		request_56	1694274219512	1694274220440	KO	status.find.in(200,201,202,203,204,205,206,207,208,209,304), found 401
REQUEST		request_53	1694274219499	1694274220557	KO	status.find.in(200,201,202,203,204,205,206,207,208,209,304), found 401
REQUEST		request_52	1694274219497	1694274220656	OK	 
REQUEST		request_59	1694274220129	1694274220793	KO	status.find.in(200,201,202,203,204,205,206,207,208,209,304), found 401
REQUEST		request_58	1694274220041	1694274220951	KO	status.find.in(200,201,202,203,204,205,206,207,208,209,304), found 401
REQUEST		request_60	1694274220240	1694274221024	KO	status.find.in(200,201,202,203,204,205,206,207,208,209,304), found 401
REQUEST		request_61	1694274220441	1694274221148	KO	status.find.in(200,201,202,203,204,205,206,207,208,209,304), found 401
REQUEST		request_52	1694274220658	1694274221507	OK	 
REQUEST		request_62	1694274222522	1694274222922	OK	 
REQUEST		request_62 Redirect 1	1694274222923	1694274223565	OK	 
REQUEST		favicon.ico?v=1688731390829	1694274223572	1694274223582	OK	 
REQUEST		chunk-vendors.css?v=1688731390829	1694274223573	1694274223584	OK	 
REQUEST		app.css?v=1688731390829	1694274223574	1694274223586	OK	 
REQUEST		chunk-vendors.js?v=1688731390829	1694274223574	1694274223587	OK	 
REQUEST		app.js?v=1688731390829	1694274223575	1694274223605	OK	 
REQUEST		request_63	1694274223575	1694274223691	OK	 
REQUEST		request_78	1694274223586	1694274223944	KO	status.find.in(200,201,202,203,204,205,206,207,208,209,304), found 401
REQUEST		request_76	1694274223584	1694274224035	OK	 
REQUEST		request_77	1694274223585	1694274224138	KO	status.find.in(200,201,202,203,204,205,206,207,208,209,304), found 401
REQUEST		request_79	1694274223587	1694274224319	KO	status.find.in(200,201,202,203,204,205,206,207,208,209,304), found 401
REQUEST		request_81	1694274223692	1694274224490	KO	status.find.in(200,201,202,203,204,205,206,207,208,209,304), found 401
REQUEST		request_80	1694274223606	1694274224648	KO	status.find.in(200,201,202,203,204,205,206,207,208,209,304), found 401
REQUEST		request_82	1694274223945	1694274224717	KO	status.find.in(200,201,202,203,204,205,206,207,208,209,304), found 401
REQUEST		request_76	1694274224036	1694274224888	OK	 
REQUEST		request_83	1694274224139	1694274225023	KO	status.find.in(200,201,202,203,204,205,206,207,208,209,304), found 401
REQUEST		request_84	1694274226041	1694274226379	OK	 
REQUEST		request_84 Redirect 1	1694274226380	1694274226644	OK	 
REQUEST		favicon.ico?v=1688731390829	1694274226653	1694274226663	OK	 
REQUEST		app.css?v=1688731390829	1694274226655	1694274226666	OK	 
REQUEST		request_85	1694274226657	1694274226667	OK	 
REQUEST		chunk-vendors.css?v=1688731390829	1694274226654	1694274226667	OK	 
REQUEST		chunk-vendors.js?v=1688731390829	1694274226656	1694274226669	OK	 
REQUEST		app.js?v=1688731390829	1694274226657	1694274226670	OK	 
REQUEST		request_99	1694274226666	1694274226857	KO	status.find.in(200,201,202,203,204,205,206,207,208,209,304), found 401
REQUEST		request_98	1694274226665	1694274226948	OK	 
REQUEST		request_98	1694274226949	1694274227215	OK	 
REQUEST		request_100	1694274228222	1694274228484	KO	status.find.in(200,201,202,203,204,205,206,207,208,209,304), found 401
REQUEST		request_101	1694274229496	1694274229807	OK	 
REQUEST		request_101 Redirect 1	1694274229808	1694274230130	OK	 
REQUEST		favicon.ico?v=1688731390829	1694274230137	1694274230148	OK	 
REQUEST		chunk-vendors.css?v=1688731390829	1694274230138	1694274230150	OK	 
REQUEST		app.css?v=1688731390829	1694274230139	1694274230151	OK	 
REQUEST		chunk-vendors.js?v=1688731390829	1694274230139	1694274230159	OK	 
REQUEST		app.js?v=1688731390829	1694274230140	1694274230163	OK	 
REQUEST		request_102	1694274230140	1694274230165	OK	 
REQUEST		request_117	1694274230151	1694274230473	KO	status.find.in(200,201,202,203,204,205,206,207,208,209,304), found 401
REQUEST		request_119	1694274230163	1694274230544	KO	status.find.in(200,201,202,203,204,205,206,207,208,209,304), found 401
REQUEST		request_118	1694274230160	1694274230621	KO	status.find.in(200,201,202,203,204,205,206,207,208,209,304), found 401
REQUEST		request_120	1694274230165	1694274230686	KO	status.find.in(200,201,202,203,204,205,206,207,208,209,304), found 401
REQUEST		request_116	1694274230150	1694274230768	KO	status.find.in(200,201,202,203,204,205,206,207,208,209,304), found 401
REQUEST		request_115	1694274230149	1694274230827	OK	 
REQUEST		request_121	1694274230476	1694274230891	KO	status.find.in(200,201,202,203,204,205,206,207,208,209,304), found 401
REQUEST		request_122	1694274230545	1694274230970	KO	status.find.in(200,201,202,203,204,205,206,207,208,209,304), found 401
REQUEST		request_115	1694274230828	1694274231084	OK	 
REQUEST		request_123	1694274232097	1694274232422	OK	 
REQUEST		request_123 Redirect 1	1694274232423	1694274232686	OK	 
REQUEST		favicon.ico?v=1688731390829	1694274232691	1694274232698	OK	 
REQUEST		chunk-vendors.css?v=1688731390829	1694274232692	1694274232703	OK	 
REQUEST		app.css?v=1688731390829	1694274232692	1694274232705	OK	 
REQUEST		chunk-vendors.js?v=1688731390829	1694274232693	1694274232712	OK	 
REQUEST		app.js?v=1688731390829	1694274232694	1694274232713	OK	 
REQUEST		request_124	1694274232694	1694274232714	OK	 
REQUEST		request_138	1694274232704	1694274232957	OK	 
REQUEST		request_140	1694274232713	1694274233036	KO	status.find.in(200,201,202,203,204,205,206,207,208,209,304), found 401
REQUEST		request_137	1694274232701	1694274233101	KO	status.find.in(200,201,202,203,204,205,206,207,208,209,304), found 401
REQUEST		request_139	1694274232706	1694274233171	KO	status.find.in(200,201,202,203,204,205,206,207,208,209,304), found 401
REQUEST		request_138	1694274232957	1694274233285	OK	 
REQUEST		request_141	1694274234295	1694274234466	KO	status.find.in(200,201,202,203,204,205,206,207,208,209,304), found 401
REQUEST		request_142	1694274235480	1694274235746	KO	status.find.in(200,201,202,203,204,205,206,207,208,209,304), found 401
REQUEST		request_143	1694274236757	1694274237150	KO	status.find.in(200,201,202,203,204,205,206,207,208,209,304), found 401
REQUEST		request_144	1694274238165	1694274238453	OK	 
REQUEST		request_144 Redirect 1	1694274238454	1694274238707	OK	 
REQUEST		favicon.ico?v=1688731390829	1694274238712	1694274238722	OK	 
REQUEST		chunk-vendors.css?v=1688731390829	1694274238714	1694274238726	OK	 
REQUEST		app.css?v=1688731390829	1694274238714	1694274238734	OK	 
REQUEST		chunk-vendors.js?v=1688731390829	1694274238715	1694274238736	OK	 
REQUEST		app.js?v=1688731390829	1694274238715	1694274238745	OK	 
REQUEST		request_145	1694274238715	1694274238746	OK	 
REQUEST		request_161	1694274238736	1694274239075	KO	status.find.in(200,201,202,203,204,205,206,207,208,209,304), found 401
REQUEST		request_159	1694274238728	1694274239162	KO	status.find.in(200,201,202,203,204,205,206,207,208,209,304), found 401
REQUEST		request_160	1694274238735	1694274239235	KO	status.find.in(200,201,202,203,204,205,206,207,208,209,304), found 401
REQUEST		request_162	1694274238746	1694274239309	KO	status.find.in(200,201,202,203,204,205,206,207,208,209,304), found 401
REQUEST		request_163	1694274238747	1694274239395	KO	status.find.in(200,201,202,203,204,205,206,207,208,209,304), found 401
REQUEST		request_158	1694274238723	1694274239460	OK	 
REQUEST		request_164	1694274239076	1694274239526	KO	status.find.in(200,201,202,203,204,205,206,207,208,209,304), found 401
REQUEST		request_165	1694274239163	1694274239606	KO	status.find.in(200,201,202,203,204,205,206,207,208,209,304), found 401
REQUEST		request_158	1694274239460	1694274239727	OK	 
REQUEST		request_166	1694274240730	1694274241079	OK	 
REQUEST		request_166 Redirect 1	1694274241079	1694274241364	OK	 
REQUEST		chunk-vendors.js?v=1688731390829	1694274241372	1694274241379	OK	 
REQUEST		app.css?v=1688731390829	1694274241371	1694274241382	OK	 
REQUEST		request_167	1694274241373	1694274241385	OK	 
REQUEST		chunk-vendors.css?v=1688731390829	1694274241370	1694274241386	OK	 
REQUEST		favicon.ico?v=1688731390829	1694274241369	1694274241387	OK	 
REQUEST		app.js?v=1688731390829	1694274241372	1694274241395	OK	 
REQUEST		request_181	1694274241383	1694274241583	KO	status.find.in(200,201,202,203,204,205,206,207,208,209,304), found 401
REQUEST		request_180	1694274241381	1694274241649	OK	 
REQUEST		request_180	1694274241650	1694274241890	OK	 
REQUEST		request_182	1694274242897	1694274243191	KO	status.find.in(200,201,202,203,204,205,206,207,208,209,304), found 401
REQUEST		request_183	1694274244206	1694274244513	OK	 
REQUEST		request_183 Redirect 1	1694274244514	1694274244869	OK	 
REQUEST		chunk-vendors.css?v=1688731390829	1694274244879	1694274244884	OK	 
REQUEST		app.css?v=1688731390829	1694274244879	1694274244887	OK	 
REQUEST		favicon.ico?v=1688731390829	1694274244878	1694274244888	OK	 
REQUEST		chunk-vendors.js?v=1688731390829	1694274244880	1694274244891	OK	 
REQUEST		request_184	1694274244880	1694274244895	OK	 
REQUEST		app.js?v=1688731390829	1694274244880	1694274244928	OK	 
REQUEST		request_197	1694274244886	1694274245295	OK	 
REQUEST		request_198	1694274244888	1694274245362	KO	status.find.in(200,201,202,203,204,205,206,207,208,209,304), found 401
REQUEST		request_199	1694274244889	1694274245461	KO	status.find.in(200,201,202,203,204,205,206,207,208,209,304), found 401
REQUEST		request_202	1694274244928	1694274245645	KO	status.find.in(200,201,202,203,204,205,206,207,208,209,304), found 401
REQUEST		request_201	1694274244927	1694274245780	KO	status.find.in(200,201,202,203,204,205,206,207,208,209,304), found 401
REQUEST		request_200	1694274244891	1694274245927	KO	status.find.in(200,201,202,203,204,205,206,207,208,209,304), found 401
REQUEST		request_197	1694274245295	1694274246179	OK	 
REQUEST		request_203	1694274245363	1694274246263	KO	status.find.in(200,201,202,203,204,205,206,207,208,209,304), found 401
REQUEST		request_204	1694274245462	1694274246353	KO	status.find.in(200,201,202,203,204,205,206,207,208,209,304), found 401
REQUEST		request_205	1694274247367	1694274247370	OK	 
REQUEST		request_206	1694274248375	1694274248714	OK	 
REQUEST		request_206 Redirect 1	1694274248715	1694274249031	OK	 
REQUEST		favicon.ico?v=1688731390829	1694274249037	1694274249045	OK	 
REQUEST		chunk-vendors.js?v=1688731390829	1694274249040	1694274249046	OK	 
REQUEST		app.js?v=1688731390829	1694274249041	1694274249047	OK	 
REQUEST		request_207	1694274249041	1694274249047	OK	 
REQUEST		chunk-vendors.css?v=1688731390829	1694274249038	1694274249048	OK	 
REQUEST		app.css?v=1688731390829	1694274249039	1694274249048	OK	 
USER	OHRMRejectApplicant	END	1694274249050
