RUN	com.gatling.tests.OHRMAddEmployees	ohrmaddemployees	1693108530191	Performance when user no. = 1	3.6.1
USER	OHRMAddEmployees	START	1693108531731
REQUEST		request_0	1693108531759	1693108533093	OK	 
REQUEST		request_0 Redirect 1	1693108533121	1693108533731	OK	 
REQUEST		favicon.ico?v=1688731390829	1693108533871	1693108533891	OK	 
REQUEST		app.css?v=1688731390829	1693108533873	1693108533907	OK	 
REQUEST		request_1	1693108533875	1693108534005	OK	 
REQUEST		chunk-vendors.css?v=1688731390829	1693108533872	1693108534070	OK	 
REQUEST		request_2	1693108533899	1693108534095	OK	 
REQUEST		app.js?v=1688731390829	1693108533874	1693108534144	OK	 
REQUEST		chunk-vendors.js?v=1688731390829	1693108533873	1693108534152	OK	 
REQUEST		request_6	1693108534099	1693108534158	OK	 
REQUEST		request_3	1693108533950	1693108534161	OK	 
REQUEST		request_4	1693108534040	1693108534166	OK	 
REQUEST		request_7	1693108534144	1693108534168	OK	 
REQUEST		request_8	1693108534153	1693108534170	OK	 
REQUEST		request_9	1693108534158	1693108534172	OK	 
REQUEST		request_10	1693108534162	1693108534173	OK	 
REQUEST		request_11	1693108534167	1693108534175	OK	 
REQUEST		request_12	1693108534169	1693108534176	OK	 
REQUEST		request_13	1693108534171	1693108534178	OK	 
REQUEST		request_14	1693108534172	1693108534181	OK	 
REQUEST		request_19	1693108534182	1693108535388	KO	status.find.in(200,201,202,203,204,205,206,207,208,209,304), found 401
REQUEST		request_18	1693108534179	1693108535608	KO	status.find.in(200,201,202,203,204,205,206,207,208,209,304), found 401
REQUEST		request_15	1693108534174	1693108535903	OK	 
REQUEST		request_5	1693108534073	1693108536081	OK	 
REQUEST		request_17	1693108534177	1693108536311	KO	status.find.in(200,201,202,203,204,205,206,207,208,209,304), found 401
REQUEST		request_16	1693108534175	1693108536460	OK	 
REQUEST		request_20	1693108535403	1693108536597	KO	status.find.in(200,201,202,203,204,205,206,207,208,209,304), found 401
REQUEST		request_21	1693108535609	1693108536699	KO	status.find.in(200,201,202,203,204,205,206,207,208,209,304), found 401
REQUEST		request_15	1693108535904	1693108536884	OK	 
REQUEST		request_22	1693108536086	1693108536961	KO	status.find.in(200,201,202,203,204,205,206,207,208,209,304), found 401
REQUEST		request_23	1693108536313	1693108537040	KO	status.find.in(200,201,202,203,204,205,206,207,208,209,304), found 401
REQUEST		request_16	1693108536462	1693108537272	OK	 
REQUEST		request_24	1693108538283	1693108538621	OK	 
REQUEST		request_24 Redirect 1	1693108538622	1693108538959	OK	 
REQUEST		app.css?v=1688731390829	1693108538973	1693108538982	OK	 
REQUEST		app.js?v=1688731390829	1693108538974	1693108538988	OK	 
REQUEST		request_25	1693108538975	1693108538989	OK	 
REQUEST		favicon.ico?v=1688731390829	1693108538971	1693108538990	OK	 
REQUEST		chunk-vendors.css?v=1688731390829	1693108538972	1693108538993	OK	 
REQUEST		chunk-vendors.js?v=1688731390829	1693108538973	1693108539003	OK	 
REQUEST		request_34	1693108538987	1693108539028	OK	 
REQUEST		request_39	1693108538990	1693108539437	KO	status.find.in(200,201,202,203,204,205,206,207,208,209,304), found 401
REQUEST		request_38	1693108538989	1693108539515	OK	 
REQUEST		request_42	1693108538993	1693108539593	KO	status.find.in(200,201,202,203,204,205,206,207,208,209,304), found 401
REQUEST		request_43	1693108539004	1693108539806	KO	status.find.in(200,201,202,203,204,205,206,207,208,209,304), found 401
REQUEST		request_40	1693108538991	1693108539978	KO	status.find.in(200,201,202,203,204,205,206,207,208,209,304), found 401
REQUEST		request_38	1693108539516	1693108540357	OK	 
REQUEST		request_44	1693108547369	1693108547735	OK	 
REQUEST		request_44 Redirect 1	1693108547736	1693108548070	OK	 
REQUEST		favicon.ico?v=1688731390829	1693108548073	1693108548080	OK	 
REQUEST		chunk-vendors.css?v=1688731390829	1693108548074	1693108548083	OK	 
REQUEST		app.css?v=1688731390829	1693108548074	1693108548086	OK	 
REQUEST		chunk-vendors.js?v=1688731390829	1693108548075	1693108548087	OK	 
REQUEST		request_45	1693108548075	1693108548088	OK	 
REQUEST		app.js?v=1688731390829	1693108548075	1693108548088	OK	 
REQUEST		request_52	1693108548081	1693108548089	OK	 
REQUEST		request_59	1693108548085	1693108548442	OK	 
REQUEST		request_61	1693108548087	1693108548526	KO	status.find.in(200,201,202,203,204,205,206,207,208,209,304), found 401
REQUEST		request_60	1693108548086	1693108548618	KO	status.find.in(200,201,202,203,204,205,206,207,208,209,304), found 401
REQUEST		request_59	1693108548443	1693108548790	OK	 
REQUEST		request_62	1693108589847	1693108590418	OK	 
REQUEST		request_63	1693108592428	1693108592772	OK	 
REQUEST		request_64	1693108592773	1693108593109	OK	 
REQUEST		request_65	1693108594119	1693108594459	OK	 
REQUEST		request_66	1693108609469	1693108609751	OK	 
REQUEST		request_68	1693108609755	1693108610136	KO	status.find.in(200,201,202,203,204,205,206,207,208,209,304), found 401
REQUEST		request_67	1693108609754	1693108610209	KO	status.find.in(200,201,202,203,204,205,206,207,208,209,304), found 401
REQUEST		request_69	1693108612217	1693108612431	OK	 
REQUEST		request_69 Redirect 1	1693108612433	1693108612694	OK	 
REQUEST		favicon.ico?v=1688731390829	1693108612709	1693108612723	OK	 
REQUEST		chunk-vendors.css?v=1688731390829	1693108612709	1693108612727	OK	 
REQUEST		app.css?v=1688731390829	1693108612710	1693108612728	OK	 
REQUEST		chunk-vendors.js?v=1688731390829	1693108612711	1693108612730	OK	 
REQUEST		app.js?v=1688731390829	1693108612711	1693108612731	OK	 
REQUEST		request_70	1693108612712	1693108612733	OK	 
REQUEST		request_85	1693108612729	1693108613110	OK	 
REQUEST		request_84	1693108612727	1693108613173	OK	 
REQUEST		request_87	1693108612732	1693108613249	KO	status.find.in(200,201,202,203,204,205,206,207,208,209,304), found 401
REQUEST		request_86	1693108612730	1693108613422	KO	status.find.in(200,201,202,203,204,205,206,207,208,209,304), found 401
REQUEST		request_83	1693108612725	1693108613462	KO	status.find.in(200,201,202,203,204,205,206,207,208,209,304), found 401
REQUEST		request_88	1693108612733	1693108613545	KO	status.find.in(200,201,202,203,204,205,206,207,208,209,304), found 401
REQUEST		request_85	1693108613110	1693108613730	OK	 
REQUEST		request_84	1693108613173	1693108613847	OK	 
REQUEST		request_89	1693108613250	1693108613956	KO	status.find.in(200,201,202,203,204,205,206,207,208,209,304), found 401
REQUEST		request_91	1693108613463	1693108614034	KO	status.find.in(200,201,202,203,204,205,206,207,208,209,304), found 401
REQUEST		request_90	1693108613424	1693108614205	KO	status.find.in(200,201,202,203,204,205,206,207,208,209,304), found 401
REQUEST		request_92	1693108613546	1693108614264	KO	status.find.in(200,201,202,203,204,205,206,207,208,209,304), found 401
REQUEST		request_93	1693108613731	1693108614328	KO	status.find.in(200,201,202,203,204,205,206,207,208,209,304), found 401
REQUEST		request_94	1693108807342	1693108807638	KO	status.find.in(200,201,202,203,204,205,206,207,208,209,304), found 401
REQUEST		request_95	1693108858641	1693108859084	KO	status.find.in(200,201,202,203,204,205,206,207,208,209,304), found 401
REQUEST		request_96	1693108865102	1693108865623	OK	 
REQUEST		request_96 Redirect 1	1693108865624	1693108865998	OK	 
REQUEST		favicon.ico?v=1688731390829	1693108866003	1693108866009	OK	 
REQUEST		chunk-vendors.css?v=1688731390829	1693108866004	1693108866011	OK	 
REQUEST		app.css?v=1688731390829	1693108866004	1693108866014	OK	 
REQUEST		chunk-vendors.js?v=1688731390829	1693108866005	1693108866084	OK	 
REQUEST		request_97	1693108866005	1693108866127	OK	 
REQUEST		app.js?v=1688731390829	1693108866005	1693108866137	OK	 
REQUEST		request_111	1693108866012	1693108866660	KO	status.find.in(200,201,202,203,204,205,206,207,208,209,304), found 401
REQUEST		request_109	1693108866010	1693108866737	OK	 
REQUEST		request_115	1693108866128	1693108866817	KO	status.find.in(200,201,202,203,204,205,206,207,208,209,304), found 401
REQUEST		request_114	1693108866085	1693108866968	KO	status.find.in(200,201,202,203,204,205,206,207,208,209,304), found 401
REQUEST		request_116	1693108866137	1693108867077	OK	 
REQUEST		request_112	1693108866015	1693108867177	KO	status.find.in(200,201,202,203,204,205,206,207,208,209,304), found 401
REQUEST		request_131	1693108866662	1693108867262	OK	 
REQUEST		request_109	1693108866738	1693108867370	OK	 
REQUEST		request_132	1693108866817	1693108867466	KO	status.find.in(200,201,202,203,204,205,206,207,208,209,304), found 401
REQUEST		request_133	1693108866970	1693108867527	KO	status.find.in(200,201,202,203,204,205,206,207,208,209,304), found 401
REQUEST		request_116	1693108867078	1693108867635	OK	 
REQUEST		request_131	1693108867263	1693108867745	OK	 
REQUEST		request_134	1693108920749	1693108921067	OK	 
REQUEST		request_135	1693108924080	1693108924385	OK	 
REQUEST		request_136	1693108948395	1693108948656	OK	 
REQUEST		request_137	1693108948657	1693108948891	OK	 
REQUEST		request_138	1693108950902	1693108951226	OK	 
REQUEST		request_139	1693108951227	1693108951479	OK	 
REQUEST		request_140	1693108953490	1693108953804	OK	 
REQUEST		request_141	1693108953804	1693108953970	OK	 
REQUEST		request_142	1693108961976	1693108962251	OK	 
REQUEST		request_143	1693108972256	1693108972553	OK	 
REQUEST		request_144	1693108972554	1693108972798	OK	 
REQUEST		request_145	1693108973802	1693108974081	OK	 
REQUEST		request_146	1693108975097	1693108975393	OK	 
REQUEST		request_147	1693108977406	1693108977710	OK	 
REQUEST		request_148	1693108977710	1693108977970	OK	 
REQUEST		request_149	1693108979974	1693108980264	OK	 
REQUEST		request_150	1693109006276	1693109006594	OK	 
REQUEST		request_151	1693109007600	1693109007926	OK	 
REQUEST		request_152	1693109008930	1693109009232	OK	 
REQUEST		request_153	1693109010241	1693109010550	OK	 
REQUEST		request_154	1693109012562	1693109012883	OK	 
REQUEST		request_155	1693109036890	1693109037298	OK	 
REQUEST		request_156	1693109039304	1693109039607	OK	 
REQUEST		request_157	1693109040619	1693109040901	OK	 
REQUEST		request_158	1693109041914	1693109042247	OK	 
REQUEST		request_159	1693109061259	1693109061554	OK	 
REQUEST		request_160	1693109061555	1693109061829	KO	status.find.in(200,201,202,203,204,205,206,207,208,209,304), found 401
REQUEST		request_161	1693109061556	1693109061911	KO	status.find.in(200,201,202,203,204,205,206,207,208,209,304), found 401
REQUEST		request_162	1693109063916	1693109064217	OK	 
REQUEST		request_162 Redirect 1	1693109064217	1693109064503	OK	 
REQUEST		favicon.ico?v=1688731390829	1693109064509	1693109064518	OK	 
REQUEST		chunk-vendors.css?v=1688731390829	1693109064511	1693109064520	OK	 
REQUEST		app.css?v=1688731390829	1693109064512	1693109064522	OK	 
REQUEST		app.js?v=1688731390829	1693109064513	1693109064523	OK	 
REQUEST		chunk-vendors.js?v=1688731390829	1693109064513	1693109064524	OK	 
REQUEST		request_163	1693109064513	1693109064525	OK	 
REQUEST		request_176	1693109064520	1693109064875	OK	 
REQUEST		request_178	1693109064522	1693109064948	KO	status.find.in(200,201,202,203,204,205,206,207,208,209,304), found 401
REQUEST		request_180	1693109064525	1693109065050	KO	status.find.in(200,201,202,203,204,205,206,207,208,209,304), found 401
REQUEST		request_177	1693109064521	1693109065206	OK	 
REQUEST		request_181	1693109064525	1693109065262	KO	status.find.in(200,201,202,203,204,205,206,207,208,209,304), found 401
REQUEST		request_179	1693109064523	1693109065360	KO	status.find.in(200,201,202,203,204,205,206,207,208,209,304), found 401
REQUEST		request_176	1693109064875	1693109065492	OK	 
REQUEST		request_183	1693109065051	1693109065587	KO	status.find.in(200,201,202,203,204,205,206,207,208,209,304), found 401
REQUEST		request_182	1693109064949	1693109065638	KO	status.find.in(200,201,202,203,204,205,206,207,208,209,304), found 401
REQUEST		request_177	1693109065206	1693109065778	OK	 
REQUEST		request_184	1693109065263	1693109065840	KO	status.find.in(200,201,202,203,204,205,206,207,208,209,304), found 401
REQUEST		request_185	1693109065362	1693109065896	KO	status.find.in(200,201,202,203,204,205,206,207,208,209,304), found 401
REQUEST		request_186	1693109065493	1693109065957	KO	status.find.in(200,201,202,203,204,205,206,207,208,209,304), found 401
REQUEST		request_187	1693109089961	1693109090202	KO	status.find.in(200,201,202,203,204,205,206,207,208,209,304), found 401
REQUEST		request_188	1693109112206	1693109112441	KO	status.find.in(200,201,202,203,204,205,206,207,208,209,304), found 401
REQUEST		request_189	1693109116445	1693109116730	OK	 
REQUEST		request_189 Redirect 1	1693109116731	1693109116980	OK	 
REQUEST		favicon.ico?v=1688731390829	1693109116983	1693109116991	OK	 
REQUEST		chunk-vendors.css?v=1688731390829	1693109116984	1693109116994	OK	 
REQUEST		app.css?v=1688731390829	1693109116984	1693109116995	OK	 
REQUEST		chunk-vendors.js?v=1688731390829	1693109116986	1693109116996	OK	 
REQUEST		app.js?v=1688731390829	1693109116986	1693109116997	OK	 
REQUEST		request_190	1693109116986	1693109116998	OK	 
REQUEST		request_205	1693109116994	1693109117293	KO	status.find.in(200,201,202,203,204,205,206,207,208,209,304), found 401
REQUEST		request_208	1693109116997	1693109117350	KO	status.find.in(200,201,202,203,204,205,206,207,208,209,304), found 401
REQUEST		request_203	1693109116993	1693109117410	KO	status.find.in(200,201,202,203,204,205,206,207,208,209,304), found 401
REQUEST		request_207	1693109116996	1693109117476	OK	 
REQUEST		request_206	1693109116995	1693109117535	KO	status.find.in(200,201,202,203,204,205,206,207,208,209,304), found 401
REQUEST		request_207	1693109117477	1693109117683	OK	 
REQUEST		request_209	1693109128692	1693109128962	OK	 
REQUEST		request_209 Redirect 1	1693109128963	1693109129198	OK	 
REQUEST		favicon.ico?v=1688731390829	1693109129204	1693109129214	OK	 
REQUEST		app.css?v=1688731390829	1693109129205	1693109129217	OK	 
REQUEST		chunk-vendors.js?v=1688731390829	1693109129206	1693109129219	OK	 
REQUEST		app.js?v=1688731390829	1693109129207	1693109129221	OK	 
REQUEST		request_210	1693109129208	1693109129224	OK	 
REQUEST		chunk-vendors.css?v=1688731390829	1693109129204	1693109129245	OK	 
REQUEST		request_224	1693109129215	1693109129486	OK	 
REQUEST		request_225	1693109129217	1693109129555	KO	status.find.in(200,201,202,203,204,205,206,207,208,209,304), found 401
REQUEST		request_226	1693109129220	1693109129640	KO	status.find.in(200,201,202,203,204,205,206,207,208,209,304), found 401
REQUEST		request_224	1693109129488	1693109129775	OK	 
REQUEST		request_227	1693109261782	1693109262226	OK	 
REQUEST		request_228	1693109263233	1693109263529	OK	 
REQUEST		request_229	1693109264531	1693109264900	OK	 
REQUEST		request_230	1693109265908	1693109266072	OK	 
REQUEST		request_231	1693109289088	1693109289325	OK	 
REQUEST		request_232	1693109289327	1693109289538	KO	status.find.in(200,201,202,203,204,205,206,207,208,209,304), found 401
REQUEST		request_233	1693109289327	1693109289657	KO	status.find.in(200,201,202,203,204,205,206,207,208,209,304), found 401
REQUEST		request_234	1693109291671	1693109291675	OK	 
REQUEST		request_237	1693109291680	1693109291686	OK	 
REQUEST		request_236	1693109291680	1693109291690	OK	 
REQUEST		request_238	1693109291681	1693109291691	OK	 
REQUEST		request_239	1693109291681	1693109291692	OK	 
REQUEST		request_241	1693109291681	1693109291693	OK	 
REQUEST		request_235	1693109291679	1693109292199	OK	 
REQUEST		request_250	1693109291690	1693109292271	KO	status.find.in(200,201,202,203,204,205,206,207,208,209,304), found 401
REQUEST		request_251	1693109291691	1693109292362	OK	 
REQUEST		request_248	1693109291689	1693109292458	OK	 
REQUEST		request_252	1693109291693	1693109292550	KO	status.find.in(200,201,202,203,204,205,206,207,208,209,304), found 401
REQUEST		request_253	1693109291693	1693109292625	KO	status.find.in(200,201,202,203,204,205,206,207,208,209,304), found 401
REQUEST		request_235	1693109292199	1693109292768	OK	 
REQUEST		request_254	1693109292272	1693109292850	KO	status.find.in(200,201,202,203,204,205,206,207,208,209,304), found 401
REQUEST		request_251	1693109292362	1693109292965	OK	 
REQUEST		request_248	1693109292459	1693109293128	OK	 
REQUEST		request_255	1693109292551	1693109293211	KO	status.find.in(200,201,202,203,204,205,206,207,208,209,304), found 401
REQUEST		request_256	1693109292626	1693109293301	KO	status.find.in(200,201,202,203,204,205,206,207,208,209,304), found 401
REQUEST		request_257	1693109292768	1693109293379	KO	status.find.in(200,201,202,203,204,205,206,207,208,209,304), found 401
REQUEST		request_258	1693109292851	1693109293456	KO	status.find.in(200,201,202,203,204,205,206,207,208,209,304), found 401
REQUEST		request_259	1693109292966	1693109293544	KO	status.find.in(200,201,202,203,204,205,206,207,208,209,304), found 401
REQUEST		request_260	1693109316559	1693109316734	KO	status.find.in(200,201,202,203,204,205,206,207,208,209,304), found 401
REQUEST		request_261	1693109323744	1693109323993	KO	status.find.in(200,201,202,203,204,205,206,207,208,209,304), found 401
REQUEST		request_262	1693109331010	1693109331277	OK	 
REQUEST		request_262 Redirect 1	1693109331278	1693109331571	OK	 
REQUEST		favicon.ico?v=1688731390829	1693109331575	1693109331581	OK	 
REQUEST		chunk-vendors.css?v=1688731390829	1693109331576	1693109331583	OK	 
REQUEST		app.css?v=1688731390829	1693109331576	1693109331584	OK	 
REQUEST		chunk-vendors.js?v=1688731390829	1693109331577	1693109331585	OK	 
REQUEST		app.js?v=1688731390829	1693109331578	1693109331587	OK	 
REQUEST		request_263	1693109331578	1693109331601	OK	 
REQUEST		request_280	1693109331585	1693109331894	KO	status.find.in(200,201,202,203,204,205,206,207,208,209,304), found 401
REQUEST		request_281	1693109331587	1693109331984	KO	status.find.in(200,201,202,203,204,205,206,207,208,209,304), found 401
REQUEST		request_277	1693109331582	1693109332073	OK	 
REQUEST		request_279	1693109331584	1693109332144	KO	status.find.in(200,201,202,203,204,205,206,207,208,209,304), found 401
REQUEST		request_278	1693109331583	1693109332203	KO	status.find.in(200,201,202,203,204,205,206,207,208,209,304), found 401
REQUEST		request_277	1693109332074	1693109332321	OK	 
REQUEST		request_282	1693109345326	1693109345571	KO	status.find.in(200,201,202,203,204,205,206,207,208,209,304), found 401
REQUEST		request_283	1693109367585	1693109367813	KO	status.find.in(200,201,202,203,204,205,206,207,208,209,304), found 401
REQUEST		request_284	1693109371823	1693109372081	KO	status.find.in(200,201,202,203,204,205,206,207,208,209,304), found 401
REQUEST		request_286	1693109379086	1693109379280	KO	status.find.in(200,201,202,203,204,205,206,207,208,209,304), found 401
REQUEST		request_287	1693109385287	1693109385541	OK	 
REQUEST		request_287 Redirect 1	1693109385542	1693109385884	OK	 
REQUEST		favicon.ico?v=1688731390829	1693109385887	1693109385894	OK	 
REQUEST		chunk-vendors.css?v=1688731390829	1693109385888	1693109385895	OK	 
REQUEST		app.css?v=1688731390829	1693109385888	1693109385896	OK	 
REQUEST		chunk-vendors.js?v=1688731390829	1693109385888	1693109385896	OK	 
REQUEST		request_297	1693109385895	1693109385901	OK	 
REQUEST		request_296	1693109385895	1693109385902	OK	 
REQUEST		app.js?v=1688731390829	1693109385888	1693109385903	OK	 
REQUEST		request_298	1693109385896	1693109385912	OK	 
REQUEST		request_288	1693109385889	1693109385912	OK	 
USER	OHRMAddEmployees	END	1693109385991
