RUN	com.gatling.tests.OHRMAddJobTitles	ohrmaddjobtitles	1694271008278	 	3.6.1
USER	OHRMAddJobTitles	START	1694271009844
REQUEST		request_0	1694271009896	1694271010623	OK	 
REQUEST		request_0 Redirect 1	1694271010639	1694271011062	OK	 
REQUEST		favicon.ico?v=1688731390829	1694271011135	1694271011163	OK	 
REQUEST		chunk-vendors.css?v=1688731390829	1694271011136	1694271011182	OK	 
REQUEST		request_2	1694271011172	1694271011221	OK	 
REQUEST		app.css?v=1688731390829	1694271011136	1694271011237	OK	 
REQUEST		request_1	1694271011137	1694271011249	OK	 
REQUEST		request_6	1694271011251	1694271011433	OK	 
REQUEST		request_7	1694271011434	1694271011464	OK	 
REQUEST		request_4	1694271011227	1694271011485	OK	 
REQUEST		app.js?v=1688731390829	1694271011137	1694271011492	OK	 
REQUEST		request_8	1694271011465	1694271011511	OK	 
REQUEST		request_11	1694271011512	1694271011524	OK	 
REQUEST		request_9	1694271011486	1694271011538	OK	 
REQUEST		request_12	1694271011525	1694271011546	OK	 
REQUEST		request_10	1694271011493	1694271011550	OK	 
REQUEST		request_13	1694271011538	1694271011565	OK	 
REQUEST		chunk-vendors.js?v=1688731390829	1694271011136	1694271011608	OK	 
REQUEST		request_3	1694271011210	1694271011611	OK	 
REQUEST		request_5	1694271011243	1694271012086	OK	 
REQUEST		request_16	1694271011566	1694271012185	KO	status.find.in(200,201,202,203,204,205,206,207,208,209,304), found 401
REQUEST		request_15	1694271011550	1694271012336	KO	status.find.in(200,201,202,203,204,205,206,207,208,209,304), found 401
REQUEST		request_17	1694271011609	1694271012527	OK	 
REQUEST		request_14	1694271011546	1694271012773	OK	 
REQUEST		request_18	1694271011612	1694271012893	KO	status.find.in(200,201,202,203,204,205,206,207,208,209,304), found 401
REQUEST		request_19	1694271012089	1694271012955	KO	status.find.in(200,201,202,203,204,205,206,207,208,209,304), found 401
REQUEST		request_20	1694271012203	1694271013043	KO	status.find.in(200,201,202,203,204,205,206,207,208,209,304), found 401
REQUEST		request_21	1694271012342	1694271013113	KO	status.find.in(200,201,202,203,204,205,206,207,208,209,304), found 401
REQUEST		request_17	1694271012528	1694271013293	OK	 
REQUEST		request_14	1694271012773	1694271013414	OK	 
REQUEST		request_22	1694271012894	1694271013501	KO	status.find.in(200,201,202,203,204,205,206,207,208,209,304), found 401
REQUEST		request_23	1694271072513	1694271072985	OK	 
REQUEST		request_23 Redirect 1	1694271072986	1694271073394	OK	 
REQUEST		favicon.ico?v=1688731390829	1694271073407	1694271073420	OK	 
REQUEST		chunk-vendors.css?v=1688731390829	1694271073408	1694271073427	OK	 
REQUEST		app.css?v=1688731390829	1694271073409	1694271073430	OK	 
REQUEST		chunk-vendors.js?v=1688731390829	1694271073410	1694271073445	OK	 
REQUEST		app.js?v=1688731390829	1694271073410	1694271073450	OK	 
REQUEST		request_24	1694271073411	1694271073452	OK	 
REQUEST		request_34	1694271073426	1694271073465	OK	 
REQUEST		request_36	1694271073428	1694271073719	KO	status.find.in(200,201,202,203,204,205,206,207,208,209,304), found 401
REQUEST		request_38	1694271073432	1694271073791	OK	 
REQUEST		request_38	1694271073791	1694271074078	OK	 
REQUEST		request_39	1694271100089	1694271100095	OK	 
REQUEST		request_42	1694271100103	1694271100110	OK	 
REQUEST		request_40	1694271100100	1694271100121	OK	 
REQUEST		request_43	1694271100104	1694271100126	OK	 
REQUEST		request_44	1694271100105	1694271100131	OK	 
REQUEST		request_45	1694271100107	1694271100131	OK	 
REQUEST		request_53	1694271100113	1694271100386	KO	status.find.in(200,201,202,203,204,205,206,207,208,209,304), found 401
REQUEST		request_54	1694271100122	1694271100450	OK	 
REQUEST		request_41	1694271100102	1694271100560	OK	 
REQUEST		request_54	1694271100451	1694271100679	OK	 
REQUEST		request_41	1694271100561	1694271100794	OK	 
REQUEST		request_55	1694271118812	1694271119080	OK	 
REQUEST		request_55 Redirect 1	1694271119081	1694271119390	OK	 
REQUEST		favicon.ico?v=1688731390829	1694271119396	1694271119403	OK	 
REQUEST		app.css?v=1688731390829	1694271119397	1694271119405	OK	 
REQUEST		chunk-vendors.js?v=1688731390829	1694271119397	1694271119407	OK	 
REQUEST		chunk-vendors.css?v=1688731390829	1694271119397	1694271119408	OK	 
REQUEST		app.js?v=1688731390829	1694271119398	1694271119408	OK	 
REQUEST		request_56	1694271119398	1694271119429	OK	 
REQUEST		request_69	1694271119406	1694271119629	KO	status.find.in(200,201,202,203,204,205,206,207,208,209,304), found 401
REQUEST		request_68	1694271119404	1694271119684	OK	 
REQUEST		request_68	1694271119684	1694271119908	OK	 
REQUEST		request_70	1694271418921	1694271419600	KO	status.find.in(200,201,202,203,204,205,206,207,208,209,304), found 401
REQUEST		request_71	1694271421607	1694271422568	OK	 
REQUEST		request_71 Redirect 1	1694271422569	1694271422992	OK	 
REQUEST		favicon.ico?v=1688731390829	1694271423004	1694271423021	OK	 
REQUEST		chunk-vendors.css?v=1688731390829	1694271423005	1694271423027	OK	 
REQUEST		app.css?v=1688731390829	1694271423006	1694271423033	OK	 
REQUEST		chunk-vendors.js?v=1688731390829	1694271423007	1694271423034	OK	 
REQUEST		app.js?v=1688731390829	1694271423008	1694271423037	OK	 
REQUEST		request_72	1694271423009	1694271423038	OK	 
REQUEST		request_84	1694271423026	1694271423254	OK	 
REQUEST		request_85	1694271423028	1694271423356	KO	status.find.in(200,201,202,203,204,205,206,207,208,209,304), found 401
REQUEST		request_84	1694271423254	1694271423567	OK	 
REQUEST		request_86	1694271441579	1694271441941	OK	 
REQUEST		request_86 Redirect 1	1694271441942	1694271442186	OK	 
REQUEST		favicon.ico?v=1688731390829	1694271442191	1694271442200	OK	 
REQUEST		chunk-vendors.css?v=1688731390829	1694271442192	1694271442205	OK	 
REQUEST		app.css?v=1688731390829	1694271442192	1694271442206	OK	 
REQUEST		chunk-vendors.js?v=1688731390829	1694271442193	1694271442207	OK	 
REQUEST		app.js?v=1688731390829	1694271442193	1694271442208	OK	 
REQUEST		request_87	1694271442193	1694271442209	OK	 
REQUEST		request_99	1694271442203	1694271442403	OK	 
REQUEST		request_100	1694271442205	1694271442503	KO	status.find.in(200,201,202,203,204,205,206,207,208,209,304), found 401
REQUEST		request_99	1694271442403	1694271442742	OK	 
REQUEST		request_101	1694271472751	1694271473041	KO	status.find.in(200,201,202,203,204,205,206,207,208,209,304), found 401
REQUEST		request_102	1694271475060	1694271475325	OK	 
REQUEST		request_102 Redirect 1	1694271475328	1694271475544	OK	 
REQUEST		favicon.ico?v=1688731390829	1694271475555	1694271475572	OK	 
REQUEST		chunk-vendors.css?v=1688731390829	1694271475555	1694271475585	OK	 
REQUEST		app.css?v=1688731390829	1694271475556	1694271475587	OK	 
REQUEST		chunk-vendors.js?v=1688731390829	1694271475556	1694271475590	OK	 
REQUEST		app.js?v=1688731390829	1694271475560	1694271475591	OK	 
REQUEST		request_103	1694271475561	1694271475595	OK	 
REQUEST		request_115	1694271475577	1694271475884	OK	 
REQUEST		request_116	1694271475586	1694271475949	KO	status.find.in(200,201,202,203,204,205,206,207,208,209,304), found 401
REQUEST		request_115	1694271475884	1694271476111	OK	 
REQUEST		request_117	1694271492120	1694271492405	OK	 
REQUEST		request_117 Redirect 1	1694271492406	1694271492659	OK	 
REQUEST		favicon.ico?v=1688731390829	1694271492664	1694271492679	OK	 
REQUEST		chunk-vendors.css?v=1688731390829	1694271492665	1694271492686	OK	 
REQUEST		app.css?v=1688731390829	1694271492666	1694271492688	OK	 
REQUEST		chunk-vendors.js?v=1688731390829	1694271492668	1694271492689	OK	 
REQUEST		app.js?v=1688731390829	1694271492669	1694271492703	OK	 
REQUEST		request_118	1694271492670	1694271492704	OK	 
REQUEST		request_131	1694271492687	1694271492964	KO	status.find.in(200,201,202,203,204,205,206,207,208,209,304), found 401
REQUEST		request_130	1694271492682	1694271493037	OK	 
REQUEST		request_130	1694271493038	1694271493303	OK	 
REQUEST		request_132	1694271510316	1694271510673	KO	