RUN	com.gatling.tests.OHRMBuzzFeature	ohrmbuzzfeature	1694275430543	 	3.6.1
USER	OHRMBuzzFeature	START	1694275432050
REQUEST		request_0	1694275432113	1694275432599	OK	 
REQUEST		favicon.ico?v=1688731390829	1694275432715	1694275432729	OK	 
REQUEST		chunk-vendors.css?v=1688731390829	1694275432716	1694275432740	OK	 
REQUEST		app.css?v=1688731390829	1694275432716	1694275432769	OK	 
REQUEST		request_1	1694275432717	1694275432779	OK	 
REQUEST		request_2	1694275432736	1694275432819	OK	 
REQUEST		chunk-vendors.js?v=1688731390829	1694275432716	1694275432918	OK	 
REQUEST		app.js?v=1688731390829	1694275432717	1694275432928	OK	 
REQUEST		request_7	1694275432827	1694275432935	OK	 
REQUEST		request_3	1694275432765	1694275432945	OK	 
REQUEST		request_4	1694275432776	1694275432949	OK	 
REQUEST		request_8	1694275432920	1694275432951	OK	 
REQUEST		request_9	1694275432931	1694275432955	OK	 
REQUEST		request_10	1694275432941	1694275432957	OK	 
REQUEST		request_11	1694275432946	1694275432959	OK	 
REQUEST		request_12	1694275432950	1694275432960	OK	 
REQUEST		request_13	1694275432954	1694275432962	OK	 
REQUEST		request_6	1694275432782	1694275433154	OK	 
REQUEST		request_14	1694275434176	1694275434642	OK	 
REQUEST		request_14 Redirect 1	1694275434646	1694275434862	OK	 
REQUEST		app.css?v=1688731390829	1694275434878	1694275434886	OK	 
REQUEST		chunk-vendors.css?v=1688731390829	1694275434878	1694275434894	OK	 
REQUEST		favicon.ico?v=1688731390829	1694275434877	1694275434896	OK	 
REQUEST		request_22	1694275434893	1694275434904	OK	 
REQUEST		request_23	1694275434895	1694275434910	OK	 
REQUEST		request_25	1694275434897	1694275434913	OK	 
REQUEST		chunk-vendors.js?v=1688731390829	1694275434879	1694275434916	OK	 
REQUEST		app.js?v=1688731390829	1694275434880	1694275434926	OK	 
REQUEST		request_15	1694275434881	1694275434933	OK	 
REQUEST		request_26	1694275434907	1694275434958	OK	 
REQUEST		request_27	1694275434911	1694275434962	OK	 
REQUEST		request_31	1694275434949	1694275435301	KO	status.find.in(200,201,202,203,204,205,206,207,208,209,304), found 401
REQUEST		request_30	1694275434929	1694275435385	KO	status.find.in(200,201,202,203,204,205,206,207,208,209,304), found 401
REQUEST		request_28	1694275434915	1694275435473	OK	 
REQUEST		request_29	1694275434917	1694275435553	KO	status.find.in(200,201,202,203,204,205,206,207,208,209,304), found 401
REQUEST		request_32	1694275434960	1694275435686	KO	status.find.in(200,201,202,203,204,205,206,207,208,209,304), found 401
REQUEST		request_33	1694275434964	1694275435761	OK	 
REQUEST		request_34	1694275435321	1694275435847	KO	status.find.in(200,201,202,203,204,205,206,207,208,209,304), found 401
REQUEST		request_35	1694275435386	1694275435917	KO	status.find.in(200,201,202,203,204,205,206,207,208,209,304), found 401
REQUEST		request_28	1694275435474	1694275436046	OK	 
REQUEST		request_36	1694275435557	1694275436105	KO	status.find.in(200,201,202,203,204,205,206,207,208,209,304), found 401
REQUEST		request_33	1694275435762	1694275436212	OK	 
REQUEST		request_37	1694275437215	1694275437487	OK	 
REQUEST		request_37 Redirect 1	1694275437488	1694275437737	OK	 
REQUEST		favicon.ico?v=1688731390829	1694275437747	1694275437771	OK	 
REQUEST		app.js?v=1688731390829	1694275437753	1694275437778	OK	 
REQUEST		chunk-vendors.js?v=1688731390829	1694275437750	1694275437781	OK	 
REQUEST		app.css?v=1688731390829	1694275437749	1694275437793	OK	 
REQUEST		request_38	1694275437755	1694275437799	OK	 
REQUEST		chunk-vendors.css?v=1688731390829	1694275437748	1694275437802	OK	 
REQUEST		request_46	1694275437780	1694275437833	OK	 
REQUEST		request_45	1694275437775	1694275437834	OK	 
REQUEST		request_50	1694275437784	1694275437865	OK	 
REQUEST		request_55	1694275437803	1694275437874	OK	 
REQUEST		request_54	1694275437800	1694275438092	KO	status.find.in(200,201,202,203,204,205,206,207,208,209,304), found 401
REQUEST		request_53	1694275437795	1694275438161	OK	 
REQUEST		request_57	1694275437835	1694275438229	KO	status.find.in(200,201,202,203,204,205,206,207,208,209,304), found 401
REQUEST		request_56	1694275437833	1694275438293	KO	status.find.in(200,201,202,203,204,205,206,207,208,209,304), found 401
REQUEST		request_53	1694275438162	1694275438441	OK	 
REQUEST		request_58	1694275439451	1694275439745	KO	status.find.in(200,201,202,203,204,205,206,207,208,209,304), found 401
REQUEST		request_62	1694275440759	1694275441089	KO	status.find.in(200,201,202,203,204,205,206,207,208,209,304), found 401
REQUEST		request_63	1694275442105	1694275442448	OK	 
REQUEST		request_63 Redirect 1	1694275442448	1694275442793	OK	 
REQUEST		favicon.ico?v=1688731390829	1694275442797	1694275442803	OK	 
REQUEST		chunk-vendors.css?v=1688731390829	1694275442797	1694275442804	OK	 
REQUEST		app.css?v=1688731390829	1694275442798	1694275442806	OK	 
REQUEST		app.js?v=1688731390829	1694275442798	1694275442806	OK	 
REQUEST		chunk-vendors.js?v=1688731390829	1694275442798	1694275442807	OK	 
REQUEST		request_64	1694275442799	1694275442807	OK	 
USER	OHRMBuzzFeature	END	1694275442809
