RUN	com.gatling.tests.OHRMApplyJobVacancies	ohrmapplyjobvacancies	1694273498146	 	3.6.1
USER	OHRMApplyJobVacancies	START	1694273499656
USER	OHRMApplyJobVacancies	START	1694273499658
USER	OHRMApplyJobVacancies	START	1694273499658
USER	OHRMApplyJobVacancies	START	1694273499656
USER	OHRMApplyJobVacancies	START	1694273499655
USER	OHRMApplyJobVacancies	START	1694273499656
USER	OHRMApplyJobVacancies	START	1694273499750
USER	OHRMApplyJobVacancies	START	1694273499656
USER	OHRMApplyJobVacancies	START	1694273499656
USER	OHRMApplyJobVacancies	START	1694273499846
REQUEST		request_0	1694273499701	1694273500519	OK	 
REQUEST		request_0	1694273499701	1694273500616	OK	 
REQUEST		request_0	1694273499701	1694273500663	OK	 
REQUEST		chunk-vendors.css?v=1688731390829	1694273500700	1694273500744	OK	 
REQUEST		favicon.ico?v=1688731390829	1694273500686	1694273500722	OK	 
REQUEST		app.css?v=1688731390829	1694273500688	1694273500827	OK	 
REQUEST		request_2	1694273500838	1694273500857	OK	 
REQUEST		request_1	1694273500691	1694273500885	OK	 
REQUEST		app.css?v=1688731390829	1694273500701	1694273500881	OK	 
REQUEST		request_2	1694273500815	1694273500901	OK	 
REQUEST		chunk-vendors.css?v=1688731390829	1694273500688	1694273500914	OK	 
REQUEST		request_0	1694273499701	1694273501067	OK	 
REQUEST		request_0	1694273499701	1694273501072	OK	 
REQUEST		chunk-vendors.css?v=1688731390829	1694273500704	1694273501092	OK	 
REQUEST		request_2	1694273501094	1694273501096	OK	 
REQUEST		request_3	1694273500872	1694273501098	OK	 
REQUEST		favicon.ico?v=1688731390829	1694273500699	1694273501124	OK	 
REQUEST		request_1	1694273500711	1694273501255	OK	 
REQUEST		request_3	1694273501097	1694273501264	OK	 
REQUEST		chunk-vendors.js?v=1688731390829	1694273500706	1694273501267	OK	 
REQUEST		request_5	1694273501265	1694273501271	OK	 
REQUEST		request_4	1694273501262	1694273501274	OK	 
REQUEST		request_1	1694273500703	1694273501261	OK	 
REQUEST		request_7	1694273500963	1694273501283	OK	 
REQUEST		request_5	1694273501119	1694273501289	OK	 
REQUEST		chunk-vendors.js?v=1688731390829	1694273500689	1694273501315	OK	 
REQUEST		request_7	1694273501272	1694273501402	OK	 
REQUEST		app.css?v=1688731390829	1694273501074	1694273501408	OK	 
REQUEST		request_3	1694273500866	1694273501409	OK	 
REQUEST		request_3	1694273501409	1694273501425	OK	 
REQUEST		request_4	1694273501427	1694273501445	OK	 
REQUEST		request_5	1694273501446	1694273501450	OK	 
REQUEST		request_8	1694273501275	1694273501454	OK	 
REQUEST		request_10	1694273501456	1694273501459	OK	 
REQUEST		request_11	1694273501460	1694273501463	OK	 
REQUEST		request_4	1694273500889	1694273501463	OK	 
REQUEST		request_8	1694273501294	1694273501467	OK	 
REQUEST		request_10	1694273501423	1694273501469	OK	 
REQUEST		request_11	1694273501465	1694273501471	OK	 
REQUEST		chunk-vendors.js?v=1688731390829	1694273501074	1694273501492	OK	 
REQUEST		request_7	1694273501493	1694273501495	OK	 
REQUEST		request_8	1694273501496	1694273501499	OK	 
REQUEST		request_4	1694273500889	1694273501480	OK	 
REQUEST		request_7	1694273501285	1694273501519	OK	 
REQUEST		request_8	1694273501300	1694273501525	OK	 
REQUEST		app.js?v=1688731390829	1694273500689	1694273501675	OK	 
REQUEST		chunk-vendors.js?v=1688731390829	1694273500702	1694273501679	OK	 
REQUEST		app.css?v=1688731390829	1694273500706	1694273501679	OK	 
REQUEST		request_10	1694273501521	1694273501680	OK	 
REQUEST		favicon.ico?v=1688731390829	1694273500703	1694273501681	OK	 
REQUEST		request_11	1694273501527	1694273501681	OK	 
REQUEST		request_1	1694273501079	1694273501722	OK	 
REQUEST		app.js?v=1688731390829	1694273500709	1694273501724	OK	 
REQUEST		app.css?v=1688731390829	1694273501077	1694273501725	OK	 
REQUEST		request_1	1694273501075	1694273501730	OK	 
REQUEST		favicon.ico?v=1688731390829	1694273501076	1694273501733	OK	 
REQUEST		favicon.ico?v=1688731390829	1694273501073	1694273501735	OK	 
REQUEST		chunk-vendors.js?v=1688731390829	1694273501078	1694273501736	OK	 
REQUEST		request_2	1694273501724	1694273501739	OK	 
REQUEST		chunk-vendors.css?v=1688731390829	1694273501073	1694273501744	OK	 
REQUEST		request_3	1694273501727	1694273501750	OK	 
REQUEST		app.js?v=1688731390829	1694273500702	1694273501773	OK	 
REQUEST		request_8	1694273501751	1694273501825	OK	 
REQUEST		request_4	1694273501733	1694273501827	OK	 
REQUEST		request_10	1694273501828	1694273501831	OK	 
REQUEST		request_11	1694273501832	1694273501836	OK	 
REQUEST		request_11	1694273501741	1694273501867	OK	 
REQUEST		request_10	1694273501733	1694273501881	OK	 
REQUEST		app.js?v=1688731390829	1694273501074	1694273501921	OK	 
REQUEST		chunk-vendors.css?v=1688731390829	1694273501077	1694273501933	OK	 
REQUEST		request_0	1694273499701	1694273501950	OK	 
REQUEST		favicon.ico?v=1688731390829	1694273501963	1694273501978	OK	 
REQUEST		request_2	1694273501978	1694273501982	OK	 
REQUEST		request_3	1694273501984	1694273501996	OK	 
REQUEST		request_4	1694273501998	1694273502012	OK	 
REQUEST		app.css?v=1688731390829	1694273501965	1694273502044	OK	 
REQUEST		request_1	1694273501967	1694273502047	OK	 
REQUEST		request_7	1694273502045	1694273502050	OK	 
REQUEST		request_8	1694273502049	1694273502053	OK	 
REQUEST		request_10	1694273502054	1694273502057	OK	 
REQUEST		request_11	1694273502057	1694273502059	OK	 
REQUEST		chunk-vendors.js?v=1688731390829	1694273501966	1694273502067	OK	 
REQUEST		request_7	1694273501740	1694273502084	OK	 
REQUEST		app.js?v=1688731390829	1694273501079	1694273502109	OK	 
REQUEST		request_0	1694273499850	1694273502325	OK	 
REQUEST		favicon.ico?v=1688731390829	1694273502328	1694273502336	OK	 
REQUEST		request_2	1694273502337	1694273502339	OK	 
REQUEST		app.css?v=1688731390829	1694273502329	1694273502343	OK	 
REQUEST		request_9	1694273501411	1694273502351	OK	 
REQUEST		chunk-vendors.js?v=1688731390829	1694273502329	1694273502358	OK	 
REQUEST		request_3	1694273502342	1694273502360	OK	 
REQUEST		request_1	1694273502331	1694273502363	OK	 
REQUEST		request_4	1694273502347	1694273502368	OK	 
REQUEST		request_7	1694273502361	1694273502370	OK	 
REQUEST		request_8	1694273502364	1694273502373	OK	 
REQUEST		app.js?v=1688731390829	1694273502330	1694273502375	OK	 
REQUEST		request_10	1694273502371	1694273502377	OK	 
REQUEST		request_11	1694273502374	1694273502378	OK	 
REQUEST		request_0	1694273499701	1694273502415	OK	 
REQUEST		chunk-vendors.css?v=1688731390829	1694273502329	1694273502442	OK	 
REQUEST		chunk-vendors.css?v=1688731390829	1694273501964	1694273502442	OK	 
REQUEST		app.js?v=1688731390829	1694273501967	1694273502450	OK	 
REQUEST		favicon.ico?v=1688731390829	1694273502419	1694273502486	OK	 
REQUEST		request_2	1694273502487	1694273502489	OK	 
REQUEST		request_3	1694273502490	1694273502495	OK	 
REQUEST		request_4	1694273502496	1694273502502	OK	 
REQUEST		request_0	1694273499701	1694273502539	OK	 
REQUEST		request_0	1694273499751	1694273502634	OK	 
REQUEST		app.css?v=1688731390829	1694273502420	1694273502683	OK	 
REQUEST		chunk-vendors.js?v=1688731390829	1694273502420	1694273502701	OK	 
REQUEST		request_8	1694273502703	1694273502705	OK	 
REQUEST		request_7	1694273502684	1694273502725	OK	 
REQUEST		request_10	1694273502725	1694273502728	OK	 
REQUEST		request_11	1694273502728	1694273502730	OK	 
REQUEST		request_1	1694273502421	1694273502745	OK	 
REQUEST		chunk-vendors.css?v=1688731390829	1694273502544	1694273502804	OK	 
REQUEST		request_2	1694273502807	1694273502816	OK	 
REQUEST		favicon.ico?v=1688731390829	1694273502543	1694273502903	OK	 
REQUEST		chunk-vendors.css?v=1688731390829	1694273502419	1694273502903	OK	 
REQUEST		app.js?v=1688731390829	1694273502420	1694273502905	OK	 
REQUEST		app.css?v=1688731390829	1694273502544	1694273502906	OK	 
REQUEST		request_3	1694273502817	1694273502910	OK	 
REQUEST		chunk-vendors.js?v=1688731390829	1694273502545	1694273502914	OK	 
REQUEST		request_7	1694273502911	1694273502915	OK	 
REQUEST		request_4	1694273502904	1694273502917	OK	 
REQUEST		request_8	1694273502915	1694273502919	OK	 
REQUEST		request_10	1694273502918	1694273502921	OK	 
REQUEST		request_11	1694273502920	1694273502923	OK	 
REQUEST		request_1	1694273502546	1694273502953	OK	 
REQUEST		app.js?v=1688731390829	1694273502545	1694273502962	OK	 
REQUEST		chunk-vendors.css?v=1688731390829	1694273502639	1694273502967	OK	 
REQUEST		request_2	1694273502968	1694273502970	OK	 
REQUEST		request_6	1694273500904	1694273502939	OK	 
REQUEST		app.css?v=1688731390829	1694273502640	1694273503040	OK	 
REQUEST		favicon.ico?v=1688731390829	1694273502638	1694273503044	OK	 
REQUEST		request_3	1694273502971	1694273503047	OK	 
REQUEST		app.js?v=1688731390829	1694273502640	1694273503052	OK	 
REQUEST		request_6	1694273502013	1694273503053	OK	 
REQUEST		request_7	1694273503048	1694273503055	OK	 
REQUEST		request_4	1694273503041	1694273503057	OK	 
REQUEST		request_8	1694273503053	1694273503058	OK	 
REQUEST		request_10	1694273503057	1694273503060	OK	 
REQUEST		request_11	1694273503059	1694273503060	OK	 
REQUEST		request_1	1694273502640	1694273503063	OK	 
REQUEST		chunk-vendors.js?v=1688731390829	1694273502640	1694273503092	OK	 
REQUEST		request_6	1694273502502	1694273503550	OK	 
REQUEST		request_9	1694273502706	1694273503669	OK	 
REQUEST		request_9	1694273501500	1694273503718	OK	 
REQUEST		request_6	1694273501737	1694273503812	OK	 
REQUEST		request_6	1694273501126	1694273503824	OK	 
REQUEST		request_9	1694273501324	1694273503874	OK	 
REQUEST		request_9	1694273502051	1694273503933	OK	 
REQUEST		request_9	1694273502368	1694273503952	OK	 
REQUEST		request_6	1694273501267	1694273503976	OK	 
REQUEST		request_9	1694273501826	1694273504113	OK	 
REQUEST		request_6	1694273501451	1694273504167	OK	 
REQUEST		request_6	1694273502358	1694273504239	OK	 
REQUEST		request_9	1694273501511	1694273504246	OK	 
REQUEST		request_6	1694273503045	1694273504313	OK	 
REQUEST		request_9	1694273502916	1694273504365	OK	 
REQUEST		request_9	1694273503055	1694273504431	OK	 
REQUEST		request_6	1694273502907	1694273504477	OK	 
REQUEST		request_12	1694273504686	1694273505214	OK	 
REQUEST		favicon.ico?v=1688731390829	1694273505224	1694273505229	OK	 
REQUEST		chunk-vendors.css?v=1688731390829	1694273505224	1694273505232	OK	 
REQUEST		app.css?v=1688731390829	1694273505225	1694273505233	OK	 
REQUEST		request_18	1694273505232	1694273505235	OK	 
REQUEST		request_24	1694273505234	1694273505237	OK	 
REQUEST		request_23	1694273505233	1694273505238	OK	 
REQUEST		app.js?v=1688731390829	1694273505227	1694273505259	OK	 
REQUEST		request_13	1694273505228	1694273505262	OK	 
REQUEST		chunk-vendors.js?v=1688731390829	1694273505227	1694273505266	OK	 
REQUEST		request_12	1694273504893	1694273505617	OK	 
REQUEST		favicon.ico?v=1688731390829	1694273505632	1694273505639	OK	 
REQUEST		chunk-vendors.css?v=1688731390829	1694273505632	1694273505640	OK	 
REQUEST		app.css?v=1688731390829	1694273505633	1694273505644	OK	 
REQUEST		request_18	1694273505640	1694273505647	OK	 
REQUEST		request_23	1694273505641	1694273505649	OK	 
REQUEST		request_24	1694273505644	1694273505651	OK	 
REQUEST		chunk-vendors.js?v=1688731390829	1694273505634	1694273505851	OK	 
REQUEST		app.js?v=1688731390829	1694273505637	1694273505902	OK	 
REQUEST		request_13	1694273505637	1694273505921	OK	 
REQUEST		request_12	1694273505271	1694273506155	OK	 
REQUEST		favicon.ico?v=1688731390829	1694273506160	1694273506164	OK	 
REQUEST		chunk-vendors.css?v=1688731390829	1694273506160	1694273506165	OK	 
REQUEST		app.css?v=1688731390829	1694273506161	1694273506166	OK	 
REQUEST		request_18	1694273506164	1694273506170	OK	 
REQUEST		request_23	1694273506166	1694273506171	OK	 
REQUEST		request_24	1694273506167	1694273506172	OK	 
REQUEST		chunk-vendors.js?v=1688731390829	1694273506161	1694273506208	OK	 
REQUEST		app.js?v=1688731390829	1694273506161	1694273506258	OK	 
REQUEST		request_13	1694273506162	1694273506261	OK	 
REQUEST		request_25	1694273506170	1694273506545	OK	 
REQUEST		request_25	1694273505236	1694273506622	OK	 
REQUEST		request_12	1694273504998	1694273506683	OK	 
REQUEST		app.css?v=1688731390829	1694273506688	1694273506691	OK	 
REQUEST		request_18	1694273506692	1694273506700	OK	 
REQUEST		favicon.ico?v=1688731390829	1694273506686	1694273506702	OK	 
REQUEST		request_23	1694273506700	1694273506704	OK	 
REQUEST		request_24	1694273506703	1694273506707	OK	 
REQUEST		chunk-vendors.css?v=1688731390829	1694273506686	1694273506709	OK	 
REQUEST		chunk-vendors.js?v=1688731390829	1694273506688	1694273506739	OK	 
REQUEST		request_13	1694273506689	1694273506739	OK	 
REQUEST		app.js?v=1688731390829	1694273506689	1694273506740	OK	 
REQUEST		request_12	1694273505677	1694273506976	OK	 
REQUEST		favicon.ico?v=1688731390829	1694273506983	1694273507003	OK	 
REQUEST		chunk-vendors.css?v=1688731390829	1694273506985	1694273507006	OK	 
REQUEST		app.css?v=1688731390829	1694273506986	1694273507009	OK	 
REQUEST		request_18	1694273507004	1694273507012	OK	 
REQUEST		request_23	1694273507008	1694273507013	OK	 
REQUEST		request_24	1694273507009	1694273507014	OK	 
REQUEST		chunk-vendors.js?v=1688731390829	1694273506987	1694273507021	OK	 
REQUEST		app.js?v=1688731390829	1694273506989	1694273507023	OK	 
REQUEST		request_12	1694273504957	1694273507028	OK	 
REQUEST		favicon.ico?v=1688731390829	1694273507031	1694273507035	OK	 
REQUEST		chunk-vendors.css?v=1688731390829	1694273507032	1694273507036	OK	 
REQUEST		app.css?v=1688731390829	1694273507032	1694273507037	OK	 
REQUEST		request_18	1694273507035	1694273507038	OK	 
REQUEST		request_23	1694273507036	1694273507040	OK	 
REQUEST		request_24	1694273507037	1694273507041	OK	 
REQUEST		app.js?v=1688731390829	1694273507033	1694273507061	OK	 
REQUEST		request_13	1694273507033	1694273507063	OK	 
REQUEST		chunk-vendors.js?v=1688731390829	1694273507032	1694273507065	OK	 
REQUEST		request_13	1694273506990	1694273507068	OK	 
REQUEST		request_12	1694273505244	1694273507137	OK	 
REQUEST		favicon.ico?v=1688731390829	1694273507140	1694273507144	OK	 
REQUEST		chunk-vendors.css?v=1688731390829	1694273507141	1694273507145	OK	 
REQUEST		request_18	1694273507145	1694273507147	OK	 
REQUEST		request_23	1694273507146	1694273507148	OK	 
REQUEST		request_24	1694273507148	1694273507149	OK	 
REQUEST		request_12	1694273505482	1694273507158	OK	 
REQUEST		favicon.ico?v=1688731390829	1694273507161	1694273507166	OK	 
REQUEST		chunk-vendors.css?v=1688731390829	1694273507161	1694273507168	OK	 
REQUEST		app.css?v=1688731390829	1694273507162	1694273507169	OK	 
REQUEST		request_18	1694273507167	1694273507170	OK	 
REQUEST		request_23	1694273507169	1694273507171	OK	 
REQUEST		request_24	1694273507170	1694273507172	OK	 
REQUEST		request_25	1694273505648	1694273507179	OK	 
REQUEST		app.css?v=1688731390829	1694273507141	1694273507190	OK	 
REQUEST		request_12	1694273505208	1694273507242	OK	 
REQUEST		chunk-vendors.js?v=1688731390829	1694273507142	1694273507303	OK	 
REQUEST		app.js?v=1688731390829	1694273507143	1694273507317	OK	 
REQUEST		request_13	1694273507143	1694273507336	OK	 
REQUEST		chunk-vendors.js?v=1688731390829	1694273507163	1694273507367	OK	 
REQUEST		app.js?v=1688731390829	1694273507164	1694273507404	OK	 
REQUEST		request_13	1694273507164	1694273507444	OK	 
REQUEST		app.css?v=1688731390829	1694273507247	1694273507446	OK	 
REQUEST		chunk-vendors.css?v=1688731390829	1694273507247	1694273507448	OK	 
REQUEST		request_18	1694273507447	1694273507450	OK	 
REQUEST		request_24	1694273507451	1694273507454	OK	 
REQUEST		request_23	1694273507449	1694273507456	OK	 
REQUEST		chunk-vendors.js?v=1688731390829	1694273507248	1694273507497	OK	 
REQUEST		app.js?v=1688731390829	1694273507248	1694273507498	OK	 
REQUEST		request_13	1694273507248	1694273507499	OK	 
REQUEST		favicon.ico?v=1688731390829	1694273507246	1694273507510	OK	 
REQUEST		request_25	1694273506706	1694273507581	OK	 
REQUEST		request_12	1694273505134	1694273507593	OK	 
REQUEST		favicon.ico?v=1688731390829	1694273507597	1694273507604	OK	 
REQUEST		request_18	1694273507605	1694273507606	OK	 
REQUEST		request_23	1694273507609	1694273507620	OK	 
REQUEST		request_24	1694273507621	1694273507624	OK	 
REQUEST		chunk-vendors.css?v=1688731390829	1694273507598	1694273507631	OK	 
REQUEST		app.css?v=1688731390829	1694273507598	1694273507639	OK	 
REQUEST		chunk-vendors.js?v=1688731390829	1694273507598	1694273507713	OK	 
REQUEST		app.js?v=1688731390829	1694273507599	1694273507715	OK	 
REQUEST		request_13	1694273507599	1694273507728	OK	 
REQUEST		request_25	1694273507148	1694273507760	OK	 
REQUEST		request_25	1694273507171	1694273507914	OK	 
REQUEST		request_25	1694273507012	1694273507937	OK	 
REQUEST		request_25	1694273507038	1694273507960	OK	 
REQUEST		request_25	1694273507454	1694273508036	OK	 
REQUEST		request_25	1694273507625	1694273508144	OK	 
REQUEST		request_26	1694273508946	1694273509231	KO	status.find.in(200,201,202,203,204,205,206,207,208,209,304), found 400
REQUEST		request_26	1694273508588	1694273509165	KO	status.find.in(200,201,202,203,204,205,206,207,208,209,304), found 400
REQUEST		request_26	1694273508773	1694273509324	KO	status.find.in(200,201,202,203,204,205,206,207,208,209,304), found 400
REQUEST		request_26	1694273509039	1694273509394	KO	status.find.in(200,201,202,203,204,205,206,207,208,209,304), found 400
REQUEST		request_26	1694273509190	1694273509459	KO	status.find.in(200,201,202,203,204,205,206,207,208,209,304), found 400
REQUEST		request_26	1694273507642	1694273509898	KO	status.find.in(200,201,202,203,204,205,206,207,208,209,304), found 400
REQUEST		request_26	1694273507567	1694273509913	KO	status.find.in(200,201,202,203,204,205,206,207,208,209,304), found 400
REQUEST		request_26	1694273508930	1694273510187	KO	status.find.in(200,201,202,203,204,205,206,207,208,209,304), found 400
REQUEST		request_26	1694273508182	1694273510211	KO	status.find.in(200,201,202,203,204,205,206,207,208,209,304), found 400
REQUEST		request_26	1694273508961	1694273510228	KO	status.find.in(200,201,202,203,204,205,206,207,208,209,304), found 400
REQUEST		request_40	1694273510272	1694273510723	OK	 
REQUEST		favicon.ico?v=1688731390829	1694273510726	1694273510730	OK	 
REQUEST		chunk-vendors.css?v=1688731390829	1694273510727	1694273510731	OK	 
REQUEST		app.css?v=1688731390829	1694273510727	1694273510731	OK	 
REQUEST		chunk-vendors.js?v=1688731390829	1694273510728	1694273510733	OK	 
REQUEST		app.js?v=1688731390829	1694273510728	1694273510735	OK	 
REQUEST		request_41	1694273510729	1694273510736	OK	 
REQUEST		request_40	1694273510336	1694273510800	OK	 
REQUEST		favicon.ico?v=1688731390829	1694273510802	1694273510805	OK	 
REQUEST		chunk-vendors.css?v=1688731390829	1694273510803	1694273510807	OK	 
REQUEST		app.css?v=1688731390829	1694273510803	1694273510808	OK	 
REQUEST		request_40	1694273510404	1694273510813	OK	 
REQUEST		favicon.ico?v=1688731390829	1694273510816	1694273510820	OK	 
REQUEST		chunk-vendors.css?v=1688731390829	1694273510817	1694273510821	OK	 
REQUEST		app.css?v=1688731390829	1694273510817	1694273510822	OK	 
REQUEST		request_40	1694273510272	1694273510833	OK	 
REQUEST		app.js?v=1688731390829	1694273510804	1694273510837	OK	 
REQUEST		favicon.ico?v=1688731390829	1694273510836	1694273510840	OK	 
REQUEST		chunk-vendors.js?v=1688731390829	1694273510803	1694273510840	OK	 
REQUEST		chunk-vendors.css?v=1688731390829	1694273510836	1694273510841	OK	 
REQUEST		app.css?v=1688731390829	1694273510836	1694273510841	OK	 
REQUEST		chunk-vendors.js?v=1688731390829	1694273510817	1694273511049	OK	 
REQUEST		request_41	1694273510804	1694273511057	OK	 
REQUEST		app.js?v=1688731390829	1694273510818	1694273511059	OK	 
REQUEST		request_41	1694273510819	1694273511063	OK	 
REQUEST		chunk-vendors.js?v=1688731390829	1694273510838	1694273511083	OK	 
REQUEST		app.js?v=1688731390829	1694273510838	1694273511085	OK	 
REQUEST		request_41	1694273510839	1694273511091	OK	 
REQUEST		request_40	1694273510476	1694273511157	OK	 
REQUEST		favicon.ico?v=1688731390829	1694273511159	1694273511162	OK	 
REQUEST		chunk-vendors.css?v=1688731390829	1694273511159	1694273511164	OK	 
REQUEST		app.css?v=1688731390829	1694273511160	1694273511165	OK	 
REQUEST		app.js?v=1688731390829	1694273511160	1694273511199	OK	 
REQUEST		chunk-vendors.js?v=1688731390829	1694273511160	1694273511201	OK	 
REQUEST		request_48	1694273510840	1694273511395	OK	 
USER	OHRMApplyJobVacancies	END	1694273511397
REQUEST		request_48	1694273510806	1694273511536	OK	 
USER	OHRMApplyJobVacancies	END	1694273511538
REQUEST		request_41	1694273511161	1694273511547	OK	 
REQUEST		request_48	1694273510821	1694273511618	OK	 
USER	OHRMApplyJobVacancies	END	1694273511619
REQUEST		request_48	1694273511163	1694273511818	OK	 
USER	OHRMApplyJobVacancies	END	1694273511821
REQUEST		request_40	1694273510901	1694273511886	OK	 
REQUEST		favicon.ico?v=1688731390829	1694273511888	1694273511895	OK	 
REQUEST		chunk-vendors.css?v=1688731390829	1694273511889	1694273511896	OK	 
REQUEST		app.css?v=1688731390829	1694273511889	1694273511896	OK	 
REQUEST		chunk-vendors.js?v=1688731390829	1694273511890	1694273511897	OK	 
REQUEST		app.js?v=1688731390829	1694273511890	1694273511897	OK	 
REQUEST		request_41	1694273511890	1694273511897	OK	 
REQUEST		request_48	1694273510731	1694273512100	OK	 
USER	OHRMApplyJobVacancies	END	1694273512102
REQUEST		request_40	1694273511227	1694273512189	OK	 
REQUEST		favicon.ico?v=1688731390829	1694273512191	1694273512197	OK	 
REQUEST		chunk-vendors.css?v=1688731390829	1694273512192	1694273512198	OK	 
REQUEST		app.css?v=1688731390829	1694273512192	1694273512198	OK	 
REQUEST		chunk-vendors.js?v=1688731390829	1694273512192	1694273512199	OK	 
REQUEST		app.js?v=1688731390829	1694273512192	1694273512199	OK	 
REQUEST		request_41	1694273512193	1694273512210	OK	 
REQUEST		request_40	1694273511319	1694273512234	OK	 
REQUEST		favicon.ico?v=1688731390829	1694273512237	1694273512241	OK	 
REQUEST		chunk-vendors.css?v=1688731390829	1694273512237	1694273512242	OK	 
REQUEST		app.css?v=1688731390829	1694273512237	1694273512243	OK	 
REQUEST		chunk-vendors.js?v=1688731390829	1694273512238	1694273512243	OK	 
REQUEST		app.js?v=1688731390829	1694273512238	1694273512243	OK	 
REQUEST		request_41	1694273512238	1694273512243	OK	 
REQUEST		request_48	1694273511895	1694273512432	OK	 
USER	OHRMApplyJobVacancies	END	1694273512433
REQUEST		request_40	1694273510976	1694273512464	OK	 
REQUEST		chunk-vendors.css?v=1688731390829	1694273512468	1694273512476	OK	 
REQUEST		app.css?v=1688731390829	1694273512468	1694273512477	OK	 
REQUEST		favicon.ico?v=1688731390829	1694273512467	1694273512481	OK	 
REQUEST		chunk-vendors.js?v=1688731390829	1694273512468	1694273512482	OK	 
REQUEST		app.js?v=1688731390829	1694273512468	1694273512483	OK	 
REQUEST		request_41	1694273512469	1694273512484	OK	 
REQUEST		request_48	1694273512197	1694273512540	OK	 
USER	OHRMApplyJobVacancies	END	1694273512541
REQUEST		request_48	1694273512242	1694273512555	OK	 
USER	OHRMApplyJobVacancies	END	1694273512556
REQUEST		request_40	1694273511314	1694273512559	OK	 
REQUEST		favicon.ico?v=1688731390829	1694273512562	1694273512567	OK	 
REQUEST		chunk-vendors.css?v=1688731390829	1694273512563	1694273512567	OK	 
REQUEST		app.css?v=1688731390829	1694273512563	1694273512568	OK	 
REQUEST		chunk-vendors.js?v=1688731390829	1694273512564	1694273512568	OK	 
REQUEST		request_41	1694273512564	1694273512568	OK	 
REQUEST		app.js?v=1688731390829	1694273512564	1694273512568	OK	 
REQUEST		request_48	1694273512477	1694273512737	OK	 
USER	OHRMApplyJobVacancies	END	1694273512738
REQUEST		request_48	1694273512567	1694273512832	OK	 
USER	OHRMApplyJobVacancies	END	1694273512832
