RUN	com.gatling.tests.OHRMAdminAddEmployee	ohrmadminaddemployee	1690907273270	Add Employee (5 users)	3.6.1
USER	OHRMAdminAddEmployee	START	1690907275263
USER	OHRMAdminAddEmployee	START	1690907275263
USER	OHRMAdminAddEmployee	START	1690907275263
USER	OHRMAdminAddEmployee	START	1690907275263
USER	OHRMAdminAddEmployee	START	1690907275263
REQUEST		request_0	1690907275297	1690907275925	OK	 
REQUEST		request_0	1690907275297	1690907275941	OK	 
REQUEST		request_0	1690907275296	1690907275968	OK	 
REQUEST		request_0	1690907275297	1690907276116	OK	 
REQUEST		request_0	1690907275296	1690907276158	OK	 
REQUEST		request_1	1690907275969	1690907276362	OK	 
REQUEST		request_1	1690907275964	1690907276551	OK	 
REQUEST		request_1	1690907275964	1690907276591	OK	 
REQUEST		request_1	1690907276117	1690907276691	OK	 
REQUEST		request_1	1690907276160	1690907276724	OK	 
REQUEST		request_2	1690907278374	1690907278568	OK	 
REQUEST		request_2	1690907278555	1690907278866	OK	 
REQUEST		request_2	1690907278658	1690907278972	OK	 
REQUEST		request_2	1690907278692	1690907278980	OK	 
REQUEST		request_2	1690907278762	1690907279056	OK	 
REQUEST		request_3	1690907279578	1690907279773	OK	 
REQUEST		request_3	1690907279874	1690907280058	OK	 
REQUEST		request_3	1690907279983	1690907280250	OK	 
REQUEST		request_3	1690907279983	1690907280252	OK	 
REQUEST		request_3	1690907280062	1690907280304	OK	 
REQUEST		request_4	1690907280775	1690907281096	OK	 
REQUEST		request_4	1690907281077	1690907281272	OK	 
REQUEST		request_5	1690907281098	1690907281317	OK	 
REQUEST		request_4	1690907281261	1690907281529	OK	 
REQUEST		request_4	1690907281259	1690907281560	OK	 
REQUEST		request_4	1690907281342	1690907281660	OK	 
REQUEST		request_5	1690907281273	1690907281665	OK	 
REQUEST		request_5	1690907281563	1690907281812	OK	 
REQUEST		request_5	1690907281531	1690907281831	OK	 
REQUEST		request_5	1690907281661	1690907281905	OK	 
REQUEST		request_6	1690907292330	1690907292492	OK	 
REQUEST		request_7	1690907292493	1690907292656	KO	status.find.in(200,201,202,203,204,205,206,207,208,209,304), found 401
REQUEST		request_8	1690907292494	1690907292709	KO	status.find.in(200,201,202,203,204,205,206,207,208,209,304), found 401
REQUEST		request_6	1690907292673	1690907292812	OK	 
REQUEST		request_6	1690907292815	1690907293084	OK	 
REQUEST		request_8	1690907292813	1690907293126	KO	status.find.in(200,201,202,203,204,205,206,207,208,209,304), found 401
REQUEST		request_6	1690907292846	1690907293162	OK	 
REQUEST		request_7	1690907292813	1690907293248	KO	status.find.in(200,201,202,203,204,205,206,207,208,209,304), found 401
REQUEST		request_7	1690907293086	1690907293345	KO	status.find.in(200,201,202,203,204,205,206,207,208,209,304), found 401
REQUEST		request_6	1690907292924	1690907293413	OK	 
REQUEST		request_7	1690907293163	1690907293435	KO	status.find.in(200,201,202,203,204,205,206,207,208,209,304), found 401
REQUEST		request_8	1690907293086	1690907293463	KO	status.find.in(200,201,202,203,204,205,206,207,208,209,304), found 401
REQUEST		request_8	1690907293164	1690907293570	KO	status.find.in(200,201,202,203,204,205,206,207,208,209,304), found 401
REQUEST		request_7	1690907293415	1690907293667	KO	status.find.in(200,201,202,203,204,205,206,207,208,209,304), found 401
REQUEST		request_8	1690907293416	1690907293712	KO	status.find.in(200,201,202,203,204,205,206,207,208,209,304), found 401
REQUEST		request_9	1690907294713	1690907294878	OK	 
REQUEST		request_9 Redirect 1	1690907294880	1690907295082	OK	 
REQUEST		favicon.ico?v=1688731390829	1690907295160	1690907295179	OK	 
REQUEST		chunk-vendors.css?v=1688731390829	1690907295161	1690907295190	OK	 
REQUEST		app.css?v=1688731390829	1690907295161	1690907295219	OK	 
REQUEST		request_10	1690907295162	1690907295232	OK	 
REQUEST		request_11	1690907295186	1690907295240	OK	 
REQUEST		request_12	1690907295216	1690907295242	OK	 
REQUEST		request_13	1690907295224	1690907295246	OK	 
REQUEST		chunk-vendors.js?v=1688731390829	1690907295162	1690907295262	OK	 
REQUEST		request_14	1690907295233	1690907295373	OK	 
REQUEST		app.js?v=1688731390829	1690907295162	1690907295418	OK	 
REQUEST		request_16	1690907295243	1690907295429	OK	 
REQUEST		request_17	1690907295249	1690907295435	OK	 
REQUEST		request_15	1690907295241	1690907295586	OK	 
REQUEST		request_20	1690907295420	1690907295706	KO	status.find.in(200,201,202,203,204,205,206,207,208,209,304), found 401
REQUEST		request_18	1690907295265	1690907295776	OK	 
REQUEST		request_19	1690907295379	1690907295989	OK	 
REQUEST		request_23	1690907295594	1690907296093	KO	status.find.in(200,201,202,203,204,205,206,207,208,209,304), found 401
REQUEST		request_21	1690907295430	1690907296199	KO	status.find.in(200,201,202,203,204,205,206,207,208,209,304), found 401
REQUEST		request_9	1690907295667	1690907296269	OK	 
REQUEST		request_22	1690907295436	1690907296357	KO	status.find.in(200,201,202,203,204,205,206,207,208,209,304), found 401
REQUEST		request_24	1690907295707	1690907296419	KO	status.find.in(200,201,202,203,204,205,206,207,208,209,304), found 401
REQUEST		request_9	1690907295428	1690907296478	OK	 
REQUEST		request_9	1690907295496	1690907296540	OK	 
REQUEST		request_9	1690907295742	1690907296666	OK	 
REQUEST		request_18	1690907295777	1690907296831	OK	 
REQUEST		request_9 Redirect 1	1690907296270	1690907296953	OK	 
REQUEST		favicon.ico?v=1688731390829	1690907296963	1690907296973	OK	 
REQUEST		request_11	1690907296975	1690907296980	OK	 
REQUEST		request_12	1690907296980	1690907296982	OK	 
REQUEST		request_13	1690907296983	1690907296985	OK	 
REQUEST		request_14	1690907296985	1690907296988	OK	 
REQUEST		chunk-vendors.css?v=1688731390829	1690907296964	1690907296994	OK	 
REQUEST		request_16	1690907296995	1690907296997	OK	 
REQUEST		request_17	1690907296998	1690907297000	OK	 
REQUEST		request_9 Redirect 1	1690907296479	1690907297050	OK	 
REQUEST		request_19	1690907295994	1690907297095	OK	 
REQUEST		app.css?v=1688731390829	1690907296964	1690907297120	OK	 
REQUEST		chunk-vendors.js?v=1688731390829	1690907296964	1690907297206	OK	 
REQUEST		app.css?v=1688731390829	1690907297055	1690907297232	OK	 
REQUEST		request_11	1690907297234	1690907297241	OK	 
REQUEST		request_12	1690907297241	1690907297246	OK	 
REQUEST		request_13	1690907297246	1690907297253	OK	 
REQUEST		request_14	1690907297254	1690907297261	OK	 
REQUEST		app.js?v=1688731390829	1690907296965	1690907297295	OK	 
REQUEST		request_27	1690907296358	1690907297372	KO	status.find.in(200,201,202,203,204,205,206,207,208,209,304), found 401
REQUEST		request_15	1690907296989	1690907297373	OK	 
REQUEST		chunk-vendors.js?v=1688731390829	1690907297055	1690907297518	OK	 
REQUEST		request_10	1690907296965	1690907297520	OK	 
REQUEST		request_16	1690907297519	1690907297521	OK	 
REQUEST		request_17	1690907297522	1690907297523	OK	 
REQUEST		chunk-vendors.css?v=1688731390829	1690907297054	1690907297536	OK	 
REQUEST		favicon.ico?v=1688731390829	1690907297054	1690907297541	OK	 
REQUEST		request_25	1690907296094	1690907297565	KO	status.find.in(200,201,202,203,204,205,206,207,208,209,304), found 401
REQUEST		request_9 Redirect 1	1690907296667	1690907297608	OK	 
REQUEST		request_18	1690907297000	1690907297619	OK	 
REQUEST		request_10	1690907297056	1690907297636	OK	 
REQUEST		app.js?v=1688731390829	1690907297055	1690907297642	OK	 
REQUEST		request_9 Redirect 1	1690907296540	1690907297700	OK	 
REQUEST		favicon.ico?v=1688731390829	1690907297612	1690907297800	OK	 
REQUEST		request_11	1690907297801	1690907297808	OK	 
REQUEST		app.js?v=1688731390829	1690907297614	1690907297813	OK	 
REQUEST		request_12	1690907297808	1690907297816	OK	 
REQUEST		request_14	1690907297816	1690907297819	OK	 
REQUEST		request_13	1690907297813	1690907297824	OK	 
REQUEST		request_16	1690907297824	1690907297828	OK	 
REQUEST		request_17	1690907297829	1690907297831	OK	 
REQUEST		app.css?v=1688731390829	1690907297614	1690907297857	OK	 
REQUEST		request_10	1690907297615	1690907297863	OK	 
REQUEST		chunk-vendors.css?v=1688731390829	1690907297613	1690907297865	OK	 
REQUEST		chunk-vendors.css?v=1688731390829	1690907297704	1690907297877	OK	 
REQUEST		chunk-vendors.js?v=1688731390829	1690907297614	1690907297880	OK	 
REQUEST		request_11	1690907297879	1690907297888	OK	 
REQUEST		request_12	1690907297889	1690907297890	OK	 
REQUEST		request_13	1690907297891	1690907297893	OK	 
REQUEST		request_14	1690907297893	1690907297895	OK	 
REQUEST		app.css?v=1688731390829	1690907297705	1690907297900	OK	 
REQUEST		request_16	1690907297902	1690907297905	OK	 
REQUEST		request_17	1690907297906	1690907297908	OK	 
REQUEST		chunk-vendors.js?v=1688731390829	1690907297705	1690907298016	OK	 
REQUEST		app.js?v=1688731390829	1690907297705	1690907298033	OK	 
REQUEST		request_10	1690907297705	1690907298055	OK	 
REQUEST		request_20	1690907297207	1690907298120	KO	status.find.in(200,201,202,203,204,205,206,207,208,209,304), found 401
REQUEST		favicon.ico?v=1688731390829	1690907297704	1690907298252	OK	 
REQUEST		request_28	1690907296422	1690907298446	KO	status.find.in(200,201,202,203,204,205,206,207,208,209,304), found 401
REQUEST		request_19	1690907297121	1690907298489	OK	 
REQUEST		request_15	1690907297262	1690907298694	OK	 
REQUEST		request_21	1690907297295	1690907298695	KO	status.find.in(200,201,202,203,204,205,206,207,208,209,304), found 401
REQUEST		request_26	1690907296200	1690907298775	KO	status.find.in(200,201,202,203,204,205,206,207,208,209,304), found 401
USER	OHRMAdminAddEmployee	END	1690907298779
REQUEST		request_19	1690907297858	1690907298896	OK	 
REQUEST		request_21	1690907297637	1690907298939	KO	status.find.in(200,201,202,203,204,205,206,207,208,209,304), found 401
REQUEST		request_15	1690907297896	1690907299072	OK	 
REQUEST		request_23	1690907297520	1690907299242	KO	status.find.in(200,201,202,203,204,205,206,207,208,209,304), found 401
REQUEST		request_21	1690907298056	1690907299256	KO	status.find.in(200,201,202,203,204,205,206,207,208,209,304), found 401
REQUEST		request_18	1690907297524	1690907299314	OK	 
REQUEST		request_22	1690907297881	1690907299330	KO	status.find.in(200,201,202,203,204,205,206,207,208,209,304), found 401
REQUEST		request_18	1690907297832	1690907299410	OK	 
REQUEST		request_22	1690907297643	1690907299414	KO	status.find.in(200,201,202,203,204,205,206,207,208,209,304), found 401
REQUEST		request_20	1690907298034	1690907299640	KO	status.find.in(200,201,202,203,204,205,206,207,208,209,304), found 401
REQUEST		request_20	1690907297542	1690907299671	KO	status.find.in(200,201,202,203,204,205,206,207,208,209,304), found 401
REQUEST		request_21	1690907297866	1690907299723	KO	status.find.in(200,201,202,203,204,205,206,207,208,209,304), found 401
REQUEST		request_18	1690907297619	1690907299810	OK	 
REQUEST		request_24	1690907298121	1690907299888	KO	status.find.in(200,201,202,203,204,205,206,207,208,209,304), found 401
REQUEST		request_20	1690907297863	1690907300000	KO	status.find.in(200,201,202,203,204,205,206,207,208,209,304), found 401
REQUEST		request_19	1690907297538	1690907300003	OK	 
REQUEST		request_23	1690907298695	1690907300068	KO	status.find.in(200,201,202,203,204,205,206,207,208,209,304), found 401
REQUEST		request_22	1690907297374	1690907300070	KO	status.find.in(200,201,202,203,204,205,206,207,208,209,304), found 401
REQUEST		request_19	1690907298490	1690907300148	OK	 
REQUEST		request_18	1690907297908	1690907300185	OK	 
REQUEST		request_18	1690907299314	1690907300249	OK	 
REQUEST		request_25	1690907298696	1690907300267	KO	status.find.in(200,201,202,203,204,205,206,207,208,209,304), found 401
REQUEST		request_24	1690907298940	1690907300311	KO	status.find.in(200,201,202,203,204,205,206,207,208,209,304), found 401
REQUEST		request_19	1690907298017	1690907300313	OK	 
REQUEST		request_26	1690907299243	1690907300331	KO	status.find.in(200,201,202,203,204,205,206,207,208,209,304), found 401
REQUEST		request_15	1690907297820	1690907300435	OK	 
REQUEST		request_25	1690907299415	1690907300476	KO	status.find.in(200,201,202,203,204,205,206,207,208,209,304), found 401
REQUEST		request_22	1690907298253	1690907300547	KO	status.find.in(200,201,202,203,204,205,206,207,208,209,304), found 401
REQUEST		request_19	1690907298897	1690907300557	OK	 
REQUEST		request_24	1690907299257	1690907300611	KO	status.find.in(200,201,202,203,204,205,206,207,208,209,304), found 401
REQUEST		request_23	1690907299331	1690907300623	KO	status.find.in(200,201,202,203,204,205,206,207,208,209,304), found 401
REQUEST		request_26	1690907299672	1690907300730	KO	status.find.in(200,201,202,203,204,205,206,207,208,209,304), found 401
REQUEST		request_18	1690907299410	1690907300776	OK	 
REQUEST		request_23	1690907299072	1690907300785	KO	status.find.in(200,201,202,203,204,205,206,207,208,209,304), found 401
REQUEST		request_25	1690907299641	1690907301142	KO	status.find.in(200,201,202,203,204,205,206,207,208,209,304), found 401
REQUEST		request_24	1690907299724	1690907301150	KO	status.find.in(200,201,202,203,204,205,206,207,208,209,304), found 401
REQUEST		request_27	1690907299811	1690907301219	KO	status.find.in(200,201,202,203,204,205,206,207,208,209,304), found 401
REQUEST		request_28	1690907299890	1690907301343	KO	status.find.in(200,201,202,203,204,205,206,207,208,209,304), found 401
USER	OHRMAdminAddEmployee	END	1690907301345
REQUEST		request_25	1690907300002	1690907301400	KO	status.find.in(200,201,202,203,204,205,206,207,208,209,304), found 401
REQUEST		request_19	1690907300004	1690907301595	OK	 
REQUEST		request_27	1690907300069	1690907301658	KO	status.find.in(200,201,202,203,204,205,206,207,208,209,304), found 401
REQUEST		request_18	1690907300186	1690907301764	OK	 
REQUEST		request_28	1690907300249	1690907301802	KO	status.find.in(200,201,202,203,204,205,206,207,208,209,304), found 401
USER	OHRMAdminAddEmployee	END	1690907301803
REQUEST		request_26	1690907300436	1690907301849	KO	status.find.in(200,201,202,203,204,205,206,207,208,209,304), found 401
REQUEST		request_19	1690907300313	1690907301905	OK	 
REQUEST		request_26	1690907300550	1690907301966	KO	status.find.in(200,201,202,203,204,205,206,207,208,209,304), found 401
REQUEST		request_27	1690907300557	1690907302005	KO	status.find.in(200,201,202,203,204,205,206,207,208,209,304), found 401
REQUEST		request_27	1690907300612	1690907302068	KO	status.find.in(200,201,202,203,204,205,206,207,208,209,304), found 401
REQUEST		request_28	1690907300624	1690907302096	KO	status.find.in(200,201,202,203,204,205,206,207,208,209,304), found 401
USER	OHRMAdminAddEmployee	END	1690907302097
REQUEST		request_28	1690907300789	1690907302167	KO	status.find.in(200,201,202,203,204,205,206,207,208,209,304), found 401
USER	OHRMAdminAddEmployee	END	1690907302167
