RUN	com.gatling.tests.OHRMAddJobTitles	ohrmaddjobtitles	1694272067207	 	3.6.1
USER	OHRMAddJobTitles	START	1694272068925
REQUEST		request_0	1694272068950	1694272069541	OK	 
REQUEST		request_0 Redirect 1	1694272069560	1694272069790	OK	 
REQUEST		favicon.ico?v=1688731390829	1694272069891	1694272069906	OK	 
REQUEST		chunk-vendors.css?v=1688731390829	1694272069891	1694272069915	OK	 
REQUEST		app.css?v=1688731390829	1694272069892	1694272069938	OK	 
REQUEST		request_1	1694272069893	1694272069948	OK	 
REQUEST		request_2	1694272069912	1694272069970	OK	 
REQUEST		app.js?v=1688731390829	1694272069893	1694272069991	OK	 
REQUEST		chunk-vendors.js?v=1688731390829	1694272069892	1694272070004	OK	 
REQUEST		request_6	1694272069972	1694272070034	OK	 
REQUEST		request_3	1694272069935	1694272070066	OK	 
REQUEST		request_4	1694272069944	1694272070079	OK	 
REQUEST		request_7	1694272069997	1694272070089	OK	 
REQUEST		request_8	1694272070005	1694272070096	OK	 
REQUEST		request_9	1694272070050	1694272070112	OK	 
REQUEST		request_10	1694272070072	1694272070115	OK	 
REQUEST		request_11	1694272070081	1694272070124	OK	 
REQUEST		request_12	1694272070090	1694272070128	OK	 
REQUEST		request_13	1694272070097	1694272070152	OK	 
REQUEST		request_14	1694272070113	1694272070537	OK	 
REQUEST		request_5	1694272069950	1694272070666	OK	 
REQUEST		request_15	1694272070119	1694272070770	KO	status.find.in(200,201,202,203,204,205,206,207,208,209,304), found 401
REQUEST		request_18	1694272070157	1694272070879	KO	status.find.in(200,201,202,203,204,205,206,207,208,209,304), found 401
REQUEST		request_17	1694272070133	1694272071006	OK	 
REQUEST		request_16	1694272070125	1694272071111	KO	status.find.in(200,201,202,203,204,205,206,207,208,209,304), found 401
REQUEST		request_14	1694272070538	1694272071217	OK	 
REQUEST		request_19	1694272070668	1694272071278	KO	status.find.in(200,201,202,203,204,205,206,207,208,209,304), found 401
REQUEST		request_20	1694272070786	1694272071330	KO	status.find.in(200,201,202,203,204,205,206,207,208,209,304), found 401
REQUEST		request_21	1694272070880	1694272071389	KO	status.find.in(200,201,202,203,204,205,206,207,208,209,304), found 401
REQUEST		request_17	1694272071007	1694272071590	OK	 
REQUEST		request_22	1694272071112	1694272071647	KO	status.find.in(200,201,202,203,204,205,206,207,208,209,304), found 401
REQUEST		request_23	1694272072655	1694272072961	OK	 
REQUEST		request_23 Redirect 1	1694272072962	1694272073279	OK	 
REQUEST		favicon.ico?v=1688731390829	1694272073285	1694272073291	OK	 
REQUEST		app.css?v=1688731390829	1694272073286	1694272073296	OK	 
REQUEST		chunk-vendors.css?v=1688731390829	1694272073286	1694272073298	OK	 
REQUEST		chunk-vendors.js?v=1688731390829	1694272073287	1694272073299	OK	 
REQUEST		app.js?v=1688731390829	1694272073287	1694272073300	OK	 
REQUEST		request_24	1694272073287	1694272073300	OK	 
REQUEST		request_34	1694272073296	1694272073301	OK	 
REQUEST		request_36	1694272073297	1694272073473	KO	status.find.in(200,201,202,203,204,205,206,207,208,209,304), found 401
REQUEST		request_38	1694272073299	1694272073539	OK	 
REQUEST		request_38	1694272073540	1694272073784	OK	 
REQUEST		request_39	1694272074792	1694272074794	OK	 
REQUEST		request_40	1694272074798	1694272074805	OK	 
REQUEST		request_42	1694272074800	1694272074815	OK	 
REQUEST		request_43	1694272074800	1694272074842	OK	 
REQUEST		request_44	1694272074801	1694272074843	OK	 
REQUEST		request_45	1694272074802	1694272074845	OK	 
REQUEST		request_41	1694272074799	1694272075081	OK	 
REQUEST		request_53	1694272074806	1694272075156	KO	status.find.in(200,201,202,203,204,205,206,207,208,209,304), found 401
REQUEST		request_54	1694272074816	1694272075240	OK	 
REQUEST		request_41	1694272075082	1694272075455	OK	 
REQUEST		request_54	1694272075241	1694272075554	OK	 
REQUEST		request_55	1694272076560	1694272076770	OK	 
REQUEST		request_55 Redirect 1	1694272076772	1694272077067	OK	 
REQUEST		app.css?v=1688731390829	1694272077077	1694272077317	OK	 
REQUEST		favicon.ico?v=1688731390829	1694272077076	1694272077323	OK	 
REQUEST		request_56	1694272077078	1694272077328	OK	 
REQUEST		chunk-vendors.css?v=1688731390829	1694272077077	1694272077366	OK	 
REQUEST		app.js?v=1688731390829	1694272077078	1694272077372	OK	 
REQUEST		chunk-vendors.js?v=1688731390829	1694272077078	1694272077374	OK	 
REQUEST		request_69	1694272077326	1694272077772	KO	status.find.in(200,201,202,203,204,205,206,207,208,209,304), found 401
REQUEST		request_68	1694272077319	1694272077924	OK	 
REQUEST		request_68	1694272077925	1694272078119	OK	 
REQUEST		request_70	1694272079126	1694272081437	KO	status.find.in(200,201,202,203,204,205,206,207,208,209,304), found 401
REQUEST		request_71	1694272082445	1694272083546	OK	 
REQUEST		request_71 Redirect 1	1694272083547	1694272083992	OK	 
REQUEST		chunk-vendors.css?v=1688731390829	1694272083998	1694272084006	OK	 
REQUEST		app.css?v=1688731390829	1694272083998	1694272084010	OK	 
REQUEST		chunk-vendors.js?v=1688731390829	1694272083998	1694272084014	OK	 
REQUEST		app.js?v=1688731390829	1694272084000	1694272084015	OK	 
REQUEST		favicon.ico?v=1688731390829	1694272083997	1694272084066	OK	 
REQUEST		request_72	1694272084000	1694272084070	OK	 
REQUEST		request_84	1694272084009	1694272084293	OK	 
REQUEST		request_85	1694272084011	1694272084388	KO	status.find.in(200,201,202,203,204,205,206,207,208,209,304), found 401
REQUEST		request_84	1694272084295	1694272084600	OK	 
REQUEST		request_86	1694272085607	1694272085948	OK	 
REQUEST		request_86 Redirect 1	1694272085948	1694272086337	OK	 
REQUEST		favicon.ico?v=1688731390829	1694272086346	1694272086359	OK	 
REQUEST		chunk-vendors.css?v=1688731390829	1694272086347	1694272086377	OK	 
REQUEST		app.css?v=1688731390829	1694272086348	1694272086380	OK	 
REQUEST		chunk-vendors.js?v=1688731390829	1694272086353	1694272086392	OK	 
REQUEST		request_87	1694272086357	1694272086395	OK	 
REQUEST		app.js?v=1688731390829	1694272086356	1694272086441	OK	 
REQUEST		request_99	1694272086364	1694272087274	OK	 
REQUEST		request_100	1694272086378	1694272087336	KO	status.find.in(200,201,202,203,204,205,206,207,208,209,304), found 401
REQUEST		request_99	1694272087275	1694272087642	OK	 
REQUEST		request_101	1694272088648	1694272089285	KO	status.find.in(200,201,202,203,204,205,206,207,208,209,304), found 401
REQUEST		request_102	1694272090295	1694272090504	OK	 
REQUEST		request_102 Redirect 1	1694272090504	1694272090790	OK	 
REQUEST		favicon.ico?v=1688731390829	1694272090795	1694272090803	OK	 
REQUEST		chunk-vendors.css?v=1688731390829	1694272090796	1694272090806	OK	 
REQUEST		app.css?v=1688731390829	1694272090796	1694272090807	OK	 
REQUEST		chunk-vendors.js?v=1688731390829	1694272090797	1694272090807	OK	 
REQUEST		app.js?v=1688731390829	1694272090797	1694272090807	OK	 
REQUEST		request_103	1694272090797	1694272090808	OK	 
REQUEST		request_116	1694272090806	1694272091026	KO	status.find.in(200,201,202,203,204,205,206,207,208,209,304), found 401
REQUEST		request_115	1694272090805	1694272091114	OK	 
REQUEST		request_115	1694272091115	1694272091399	OK	 
REQUEST		request_117	1694272092414	1694272092697	OK	 
REQUEST		request_117 Redirect 1	1694272092697	1694272092926	OK	 
REQUEST		favicon.ico?v=1688731390829	1694272092932	1694272092938	OK	 
REQUEST		chunk-vendors.css?v=1688731390829	1694272092933	1694272092941	OK	 
REQUEST		app.css?v=1688731390829	1694272092934	1694272092944	OK	 
REQUEST		chunk-vendors.js?v=1688731390829	1694272092935	1694272092944	OK	 
REQUEST		app.js?v=1688731390829	1694272092936	1694272092945	OK	 
REQUEST		request_118	1694272092936	1694272092945	OK	 
REQUEST		request_131	1694272092943	1694272093183	KO	status.find.in(200,201,202,203,204,205,206,207,208,209,304), found 401
REQUEST		request_130	1694272092939	1694272093256	OK	 
REQUEST		request_130	1694272093257	1694272093485	OK	 
REQUEST		request_132	1694272094501	1694272094774	KO	status.find.in(200,201,202,203,204,205,206,207,208,209,304), found 401
REQUEST		request_133	1694272095794	1694272096021	OK	 
REQUEST		request_133 Redirect 1	1694272096021	1694272096277	OK	 
REQUEST		favicon.ico?v=1688731390829	1694272096282	1694272096289	OK	 
REQUEST		chunk-vendors.css?v=1688731390829	1694272096283	1694272096290	OK	 
REQUEST		app.css?v=1688731390829	1694272096283	1694272096291	OK	 
REQUEST		chunk-vendors.js?v=1688731390829	1694272096284	1694272096291	OK	 
REQUEST		request_134	1694272096285	1694272096292	OK	 
REQUEST		app.js?v=1688731390829	1694272096284	1694272096292	OK	 
REQUEST		request_147	1694272096291	1694272096486	KO	status.find.in(200,201,202,203,204,205,206,207,208,209,304), found 401
REQUEST		request_146	1694272096290	1694272096551	OK	 
REQUEST		request_146	1694272096551	1694272096764	OK	 
REQUEST		request_148	1694272097780	1694272097999	OK	 
REQUEST		request_148 Redirect 1	1694272098000	1694272098178	OK	 
REQUEST		favicon.ico?v=1688731390829	1694272098181	1694272098187	OK	 
REQUEST		chunk-vendors.css?v=1688731390829	1694272098181	1694272098190	OK	 
REQUEST		chunk-vendors.js?v=1688731390829	1694272098183	1694272098192	OK	 
REQUEST		app.js?v=1688731390829	1694272098184	1694272098192	OK	 
REQUEST		request_149	1694272098185	1694272098193	OK	 
REQUEST		app.css?v=1688731390829	1694272098182	1694272098194	OK	 
REQUEST		request_161	1694272098188	1694272098343	OK	 
REQUEST		request_162	1694272098191	1694272098395	KO	status.find.in(200,201,202,203,204,205,206,207,208,209,304), found 401
REQUEST		request_161	1694272098344	1694272098537	OK	 
REQUEST		request_163	1694272099544	1694272099816	KO	status.find.in(200,201,202,203,204,205,206,207,208,209,304), found 401
REQUEST		request_164	1694272100826	1694272101095	OK	 
REQUEST		request_164 Redirect 1	1694272101095	1694272101362	OK	 
REQUEST		favicon.ico?v=1688731390829	1694272101366	1694272101375	OK	 
REQUEST		chunk-vendors.css?v=1688731390829	1694272101367	1694272101377	OK	 
REQUEST		app.css?v=1688731390829	1694272101368	1694272101378	OK	 
REQUEST		chunk-vendors.js?v=1688731390829	1694272101368	1694272101379	OK	 
REQUEST		app.js?v=1688731390829	1694272101369	1694272101380	OK	 
REQUEST		request_165	1694272101370	1694272101380	OK	 
REQUEST		request_178	1694272101378	1694272101636	KO	status.find.in(200,201,202,203,204,205,206,207,208,209,304), found 401
REQUEST		request_177	1694272101376	1694272101703	OK	 
REQUEST		request_177	1694272101703	1694272101912	OK	 
REQUEST		request_179	1694272102929	1694272102933	OK	 
REQUEST		request_180	1694272102936	1694272102943	OK	 
REQUEST		request_182	1694272102937	1694272102945	OK	 
REQUEST		request_183	1694272102938	1694272102962	OK	 
REQUEST		request_185	1694272102940	1694272102964	OK	 
REQUEST		request_184	1694272102939	1694272102974	OK	 
REQUEST		request_193	1694272102946	1694272103217	KO	status.find.in(200,201,202,203,204,205,206,207,208,209,304), found 401
REQUEST		request_181	1694272102937	1694272103291	OK	 
REQUEST		request_192	1694272102944	1694272103347	OK	 
REQUEST		request_181	1694272103291	1694272103520	OK	 
REQUEST		request_192	1694272103347	1694272103608	OK	 
REQUEST		request_194	1694272104617	1694272104848	KO	status.find.in(200,201,202,203,204,205,206,207,208,209,304), found 401
REQUEST		request_195	1694272105857	1694272106126	OK	 
REQUEST		request_195 Redirect 1	1694272106126	1694272106436	OK	 
REQUEST		favicon.ico?v=1688731390829	1694272106441	1694272106452	OK	 
REQUEST		chunk-vendors.js?v=1688731390829	1694272106442	1694272106455	OK	 
REQUEST		app.js?v=1688731390829	1694272106443	1694272106458	OK	 
REQUEST		chunk-vendors.css?v=1688731390829	1694272106441	1694272106460	OK	 
REQUEST		app.css?v=1688731390829	1694272106442	1694272106461	OK	 
REQUEST		request_196	1694272106443	1694272106461	OK	 
REQUEST		request_208	1694272106454	1694272106722	OK	 
REQUEST		request_209	1694272106456	1694272106777	KO	status.find.in(200,201,202,203,204,205,206,207,208,209,304), found 401
REQUEST		request_208	1694272106723	1694272106954	OK	 
REQUEST		request_210	1694272107959	1694272108204	OK	 
REQUEST		request_210 Redirect 1	1694272108205	1694272108448	OK	 
REQUEST		favicon.ico?v=1688731390829	1694272108454	1694272108459	OK	 
REQUEST		chunk-vendors.css?v=1688731390829	1694272108455	1694272108467	OK	 
REQUEST		chunk-vendors.js?v=1688731390829	1694272108456	1694272108471	OK	 
REQUEST		app.css?v=1688731390829	1694272108456	1694272108492	OK	 
REQUEST		app.js?v=1688731390829	1694272108457	1694272108493	OK	 
REQUEST		request_211	1694272108457	1694272108552	OK	 
REQUEST		request_225	1694272108468	1694272108820	KO	status.find.in(200,201,202,203,204,205,206,207,208,209,304), found 401
REQUEST		request_224	1694272108462	1694272108873	OK	 
REQUEST		request_227	1694272108492	1694272108933	KO	status.find.in(200,201,202,203,204,205,206,207,208,209,304), found 401
REQUEST		request_228	1694272108494	1694272108991	KO	status.find.in(200,201,202,203,204,205,206,207,208,209,304), found 401
REQUEST		request_226	1694272108471	1694272109054	KO	status.find.in(200,201,202,203,204,205,206,207,208,209,304), found 401
REQUEST		request_224	1694272108873	1694272109135	OK	 
REQUEST		request_229	1694272110138	1694272110509	OK	 
REQUEST		request_229 Redirect 1	1694272110510	1694272110694	OK	 
REQUEST		favicon.ico?v=1688731390829	1694272110701	1694272110709	OK	 
REQUEST		chunk-vendors.css?v=1688731390829	1694272110702	1694272110711	OK	 
REQUEST		app.css?v=1688731390829	1694272110702	1694272110712	OK	 
REQUEST		chunk-vendors.js?v=1688731390829	1694272110703	1694272110716	OK	 
REQUEST		app.js?v=1688731390829	1694272110703	1694272110717	OK	 
REQUEST		request_230	1694272110704	1694272110749	OK	 
REQUEST		request_246	1694272110717	1694272111097	KO	status.find.in(200,201,202,203,204,205,206,207,208,209,304), found 401
REQUEST		request_247	1694272110718	1694272111169	KO	status.find.in(200,201,202,203,204,205,206,207,208,209,304), found 401
REQUEST		request_245	1694272110712	1694272111236	KO	status.find.in(200,201,202,203,204,205,206,207,208,209,304), found 401
REQUEST		request_248	1694272110750	1694272111314	KO	status.find.in(200,201,202,203,204,205,206,207,208,209,304), found 401
REQUEST		request_244	1694272110711	1694272111402	OK	 
REQUEST		request_243	1694272110710	1694272111458	OK	 
REQUEST		request_249	1694272111098	1694272111555	KO	status.find.in(200,201,202,203,204,205,206,207,208,209,304), found 401
REQUEST		request_250	1694272111169	1694272111610	KO	status.find.in(200,201,202,203,204,205,206,207,208,209,304), found 401
REQUEST		request_251	1694272111237	1694272111679	KO	status.find.in(200,201,202,203,204,205,206,207,208,209,304), found 401
REQUEST		request_252	1694272111316	1694272111736	KO	status.find.in(200,201,202,203,204,205,206,207,208,209,304), found 401
REQUEST		request_244	1694272111403	1694272111829	OK	 
REQUEST		request_243	1694272111458	1694272111917	OK	 
REQUEST		request_253	1694272111556	1694272111972	KO	status.find.in(200,201,202,203,204,205,206,207,208,209,304), found 401
REQUEST		request_254	1694272112982	1694272112984	OK	 
REQUEST		request_255	1694272112986	1694272112989	OK	 
REQUEST		request_257	1694272112987	1694272112995	OK	 
REQUEST		request_258	1694272112987	1694272112996	OK	 
REQUEST		request_260	1694272112988	1694272113028	OK	 
REQUEST		request_259	1694272112987	1694272113042	OK	 
REQUEST		request_256	1694272112986	1694272113344	OK	 
REQUEST		request_268	1694272112989	1694272113401	OK	 
REQUEST		request_269	1694272112995	1694272113482	OK	 
REQUEST		request_271	1694272113028	1694272113585	KO	status.find.in(200,201,202,203,204,205,206,207,208,209,304), found 401
REQUEST		request_270	1694272112997	1694272113668	KO	status.find.in(200,201,202,203,204,205,206,207,208,209,304), found 401
REQUEST		request_272	1694272113043	1694272113765	KO	status.find.in(200,201,202,203,204,205,206,207,208,209,304), found 401
REQUEST		request_256	1694272113344	1694272114029	OK	 
REQUEST		request_268	1694272113402	1694272114134	OK	 
REQUEST		request_269	1694272113482	1694272114235	OK	 
REQUEST		request_273	1694272113586	1694272114301	KO	status.find.in(200,201,202,203,204,205,206,207,208,209,304), found 401
REQUEST		request_274	1694272113669	1694272114392	KO	status.find.in(200,201,202,203,204,205,206,207,208,209,304), found 401
REQUEST		request_275	1694272113766	1694272114462	KO	status.find.in(200,201,202,203,204,205,206,207,208,209,304), found 401
REQUEST		request_276	1694272114030	1694272114526	KO	status.find.in(200,201,202,203,204,205,206,207,208,209,304), found 401
REQUEST		request_277	1694272115529	1694272115828	KO	status.find.in(200,201,202,203,204,205,206,207,208,209,304), found 401
REQUEST		request_278	1694272116841	1694272117091	KO	status.find.in(200,201,202,203,204,205,206,207,208,209,304), found 401
REQUEST		request_279	1694272118103	1694272118364	KO	status.find.in(200,201,202,203,204,205,206,207,208,209,304), found 401
REQUEST		request_280	1694272119382	1694272119609	KO	status.find.in(200,201,202,203,204,205,206,207,208,209,304), found 401
REQUEST		request_282	1694272120614	1694272120652	OK	 
REQUEST		request_283	1694272121664	1694272121910	OK	 
REQUEST		request_283 Redirect 1	1694272121911	1694272122164	OK	 
REQUEST		favicon.ico?v=1688731390829	1694272122167	1694272122173	OK	 
REQUEST		chunk-vendors.css?v=1688731390829	1694272122168	1694272122175	OK	 
REQUEST		app.js?v=1688731390829	1694272122169	1694272122176	OK	 
REQUEST		app.css?v=1688731390829	1694272122168	1694272122176	OK	 
REQUEST		request_284	1694272122169	1694272122177	OK	 
REQUEST		chunk-vendors.js?v=1688731390829	1694272122169	1694272122177	OK	 
REQUEST		request_292	1694272122174	1694272122187	OK	 
REQUEST		request_294	1694272122176	1694272122191	OK	 
REQUEST		request_293	1694272122175	1694272122208	OK	 
USER	OHRMAddJobTitles	END	1694272122212
