RUN	com.gatling.tests.OHRMAddJobVacancies	ohrmaddjobvacancies	1694273000522	 	3.6.1
USER	OHRMAddJobVacancies	START	1694273002008
REQUEST		request_0	1694273002043	1694273002773	OK	 
REQUEST		favicon.ico?v=1688731390829	1694273002870	1694273002897	OK	 
REQUEST		app.css?v=1688731390829	1694273002872	1694273002905	OK	 
REQUEST		chunk-vendors.css?v=1688731390829	1694273002871	1694273002929	OK	 
REQUEST		request_3	1694273002924	1694273002962	OK	 
REQUEST		request_5	1694273002934	1694273002964	OK	 
REQUEST		chunk-vendors.js?v=1688731390829	1694273002872	1694273002968	OK	 
REQUEST		app.js?v=1688731390829	1694273002873	1694273002977	OK	 
REQUEST		request_1	1694273002873	1694273002988	OK	 
REQUEST		request_2	1694273002902	1694273003002	OK	 
REQUEST		request_6	1694273002963	1694273003009	OK	 
REQUEST		request_7	1694273002964	1694273003014	OK	 
REQUEST		request_8	1694273002969	1694273003026	OK	 
REQUEST		request_9	1694273002978	1694273003032	OK	 
REQUEST		request_10	1694273002989	1694273003045	OK	 
REQUEST		request_11	1694273003005	1694273003047	OK	 
REQUEST		request_14	1694273003017	1694273003052	OK	 
REQUEST		request_15	1694273003028	1694273003055	OK	 
REQUEST		request_16	1694273003037	1694273003057	OK	 
REQUEST		request_13	1694273003011	1694273003397	OK	 
REQUEST		request_17	1694273004423	1694273005026	OK	 
REQUEST		request_17 Redirect 1	1694273005028	1694273005381	OK	 
REQUEST		favicon.ico?v=1688731390829	1694273005391	1694273005396	OK	 
REQUEST		chunk-vendors.css?v=1688731390829	1694273005392	1694273005404	OK	 
REQUEST		app.css?v=1688731390829	1694273005392	1694273005405	OK	 
REQUEST		request_30	1694273005403	1694273005408	OK	 
REQUEST		request_31	1694273005405	1694273005409	OK	 
REQUEST		app.js?v=1688731390829	1694273005393	1694273005411	OK	 
REQUEST		request_32	1694273005406	1694273005413	OK	 
REQUEST		request_18	1694273005394	1694273005414	OK	 
REQUEST		chunk-vendors.js?v=1688731390829	1694273005393	1694273005423	OK	 
REQUEST		request_37	1694273005415	1694273006479	KO	status.find.in(200,201,202,203,204,205,206,207,208,209,304), found 401
REQUEST		request_35	1694273005412	1694273006568	KO	status.find.in(200,201,202,203,204,205,206,207,208,209,304), found 401
REQUEST		request_38	1694273005435	1694273006639	OK	 
REQUEST		request_33	1694273005409	1694273006807	KO	status.find.in(200,201,202,203,204,205,206,207,208,209,304), found 401
REQUEST		request_36	1694273005414	1694273006977	KO	status.find.in(200,201,202,203,204,205,206,207,208,209,304), found 401
REQUEST		request_39	1694273006496	1694273007044	KO	status.find.in(200,201,202,203,204,205,206,207,208,209,304), found 401
REQUEST		request_34	1694273005410	1694273007216	OK	 
REQUEST		request_40	1694273006569	1694273007341	KO	status.find.in(200,201,202,203,204,205,206,207,208,209,304), found 401
REQUEST		request_38	1694273006640	1694273007423	OK	 
REQUEST		request_41	1694273006808	1694273007477	KO	status.find.in(200,201,202,203,204,205,206,207,208,209,304), found 401
REQUEST		request_34	1694273007217	1694273007602	OK	 
REQUEST		request_42	1694273008611	1694273009158	OK	 
REQUEST		request_42 Redirect 1	1694273009159	1694273009562	OK	 
REQUEST		favicon.ico?v=1688731390829	1694273009568	1694273009574	OK	 
REQUEST		request_43	1694273009570	1694273009577	OK	 
REQUEST		app.js?v=1688731390829	1694273009570	1694273009579	OK	 
REQUEST		app.css?v=1688731390829	1694273009569	1694273009584	OK	 
REQUEST		chunk-vendors.js?v=1688731390829	1694273009569	1694273009612	OK	 
REQUEST		chunk-vendors.css?v=1688731390829	1694273009569	1694273009648	OK	 
REQUEST		request_59	1694273009579	1694273009895	KO	status.find.in(200,201,202,203,204,205,206,207,208,209,304), found 401
REQUEST		request_57	1694273009576	1694273009948	OK	 
REQUEST		request_60	1694273009585	1694273010011	KO	status.find.in(200,201,202,203,204,205,206,207,208,209,304), found 401
REQUEST		request_61	1694273009613	1694273010091	KO	status.find.in(200,201,202,203,204,205,206,207,208,209,304), found 401
REQUEST		request_58	1694273009578	1694273010158	KO	status.find.in(200,201,202,203,204,205,206,207,208,209,304), found 401
REQUEST		request_62	1694273009649	1694273010245	KO	status.find.in(200,201,202,203,204,205,206,207,208,209,304), found 401
REQUEST		request_63	1694273009896	1694273010324	KO	status.find.in(200,201,202,203,204,205,206,207,208,209,304), found 401
REQUEST		request_57	1694273009949	1694273010418	OK	 
REQUEST		request_64	1694273010012	1694273010477	KO	status.find.in(200,201,202,203,204,205,206,207,208,209,304), found 401
REQUEST		request_65	1694273010092	1694273010538	KO	status.find.in(200,201,202,203,204,205,206,207,208,209,304), found 401
REQUEST		request_66	1694273010159	1694273010594	KO	status.find.in(200,201,202,203,204,205,206,207,208,209,304), found 401
REQUEST		request_67	1694273011608	1694273012039	OK	 
REQUEST		request_67 Redirect 1	1694273012040	1694273012388	OK	 
REQUEST		app.css?v=1688731390829	1694273012394	1694273012400	OK	 
REQUEST		chunk-vendors.js?v=1688731390829	1694273012395	1694273012402	OK	 
REQUEST		app.js?v=1688731390829	1694273012395	1694273012404	OK	 
REQUEST		chunk-vendors.css?v=1688731390829	1694273012394	1694273012405	OK	 
REQUEST		favicon.ico?v=1688731390829	1694273012393	1694273012409	OK	 
REQUEST		request_68	1694273012395	1694273012409	OK	 
REQUEST		request_83	1694273012403	1694273012697	KO	status.find.in(200,201,202,203,204,205,206,207,208,209,304), found 401
REQUEST		request_84	1694273012404	1694273012760	KO	status.find.in(200,201,202,203,204,205,206,207,208,209,304), found 401
REQUEST		request_86	1694273012409	1694273012820	KO	status.find.in(200,201,202,203,204,205,206,207,208,209,304), found 401
REQUEST		request_85	1694273012405	1694273012885	KO	status.find.in(200,201,202,203,204,205,206,207,208,209,304), found 401
REQUEST		request_82	1694273012402	1694273012961	OK	 
REQUEST		request_82	1694273012962	1694273013149	OK	 
REQUEST		request_87	1694273014152	1694273014357	OK	 
REQUEST		request_87 Redirect 1	1694273014358	1694273014626	OK	 
REQUEST		favicon.ico?v=1688731390829	1694273014631	1694273014642	OK	 
REQUEST		chunk-vendors.css?v=1688731390829	1694273014632	1694273014645	OK	 
REQUEST		app.css?v=1688731390829	1694273014633	1694273014650	OK	 
REQUEST		request_88	1694273014636	1694273014654	OK	 
REQUEST		app.js?v=1688731390829	1694273014635	1694273014655	OK	 
REQUEST		chunk-vendors.js?v=1688731390829	1694273014634	1694273014655	OK	 
REQUEST		request_102	1694273014644	1694273014839	OK	 
REQUEST		request_104	1694273014652	1694273014931	KO	status.find.in(200,201,202,203,204,205,206,207,208,209,304), found 401
REQUEST		request_103	1694273014647	1694273015011	KO	status.find.in(200,201,202,203,204,205,206,207,208,209,304), found 401
REQUEST		request_102	1694273014839	1694273015132	OK	 
REQUEST		request_105	1694273016149	1694273016368	KO	status.find.in(200,201,202,203,204,205,206,207,208,209,304), found 401
REQUEST		request_106	1694273017375	1694273017613	KO	status.find.in(200,201,202,203,204,205,206,207,208,209,304), found 401
REQUEST		request_107	1694273018633	1694273018888	KO	status.find.in(200,201,202,203,204,205,206,207,208,209,304), found 401
REQUEST		request_126	1694273019900	1694273020141	OK	 
REQUEST		request_126 Redirect 1	1694273020142	1694273020359	OK	 
REQUEST		app.css?v=1688731390829	1694273020367	1694273020377	OK	 
REQUEST		app.js?v=1688731390829	1694273020368	1694273020383	OK	 
REQUEST		chunk-vendors.js?v=1688731390829	1694273020368	1694273020387	OK	 
REQUEST		chunk-vendors.css?v=1688731390829	1694273020366	1694273020390	OK	 
REQUEST		favicon.ico?v=1688731390829	1694273020365	1694273020420	OK	 
REQUEST		request_127	1694273020369	1694273020680	OK	 
REQUEST		request_141	1694273020384	1694273020746	KO	status.find.in(200,201,202,203,204,205,206,207,208,209,304), found 401
REQUEST		request_140	1694273020379	1694273020814	OK	 
REQUEST		request_142	1694273020388	1694273020884	KO	status.find.in(200,201,202,203,204,205,206,207,208,209,304), found 401
REQUEST		request_144	1694273020421	1694273020953	KO	status.find.in(200,201,202,203,204,205,206,207,208,209,304), found 401
REQUEST		request_143	1694273020392	1694273021023	KO	status.find.in(200,201,202,203,204,205,206,207,208,209,304), found 401
REQUEST		request_140	1694273020815	1694273021112	OK	 
REQUEST		request_145	1694273022126	1694273022428	OK	 
REQUEST		request_145 Redirect 1	1694273022429	1694273022730	OK	 
REQUEST		chunk-vendors.css?v=1688731390829	1694273022736	1694273022744	OK	 
REQUEST		favicon.ico?v=1688731390829	1694273022735	1694273022746	OK	 
REQUEST		chunk-vendors.js?v=1688731390829	1694273022737	1694273022748	OK	 
REQUEST		request_146	1694273022738	1694273022749	OK	 
REQUEST		app.js?v=1688731390829	1694273022738	1694273022750	OK	 
REQUEST		app.css?v=1688731390829	1694273022736	1694273022760	OK	 
REQUEST		request_160	1694273022747	1694273022984	KO	status.find.in(200,201,202,203,204,205,206,207,208,209,304), found 401
REQUEST		request_159	1694273022745	1694273023059	OK	 
REQUEST		request_161	1694273022748	1694273023120	KO	status.find.in(200,201,202,203,204,205,206,207,208,209,304), found 401
REQUEST		request_159	1694273023060	1694273023312	OK	 
REQUEST		request_162	1694273024319	1694273024581	KO	status.find.in(200,201,202,203,204,205,206,207,208,209,304), found 401
REQUEST		request_163	1694273025595	1694273025866	KO	status.find.in(200,201,202,203,204,205,206,207,208,209,304), found 401
REQUEST		request_182	1694273026878	1694273026884	OK	 
REQUEST		request_183	1694273027894	1694273028140	OK	 
REQUEST		request_183 Redirect 1	1694273028141	1694273028434	OK	 
REQUEST		favicon.ico?v=1688731390829	1694273028441	1694273028452	OK	 
REQUEST		chunk-vendors.css?v=1688731390829	1694273028442	1694273028455	OK	 
REQUEST		app.css?v=1688731390829	1694273028443	1694273028456	OK	 
REQUEST		chunk-vendors.js?v=1688731390829	1694273028443	1694273028459	OK	 
REQUEST		request_184	1694273028445	1694273028461	OK	 
REQUEST		app.js?v=1688731390829	1694273028444	1694273028701	OK	 
REQUEST		request_201	1694273028459	1694273028742	KO	status.find.in(200,201,202,203,204,205,206,207,208,209,304), found 401
REQUEST		request_200	1694273028457	1694273028808	KO	status.find.in(200,201,202,203,204,205,206,207,208,209,304), found 401
REQUEST		request_198	1694273028454	1694273028874	OK	 
REQUEST		request_199	1694273028455	1694273028935	KO	status.find.in(200,201,202,203,204,205,206,207,208,209,304), found 401
REQUEST		request_202	1694273028461	1694273029007	KO	status.find.in(200,201,202,203,204,205,206,207,208,209,304), found 401
REQUEST		request_198	1694273028875	1694273029140	OK	 
REQUEST		request_203	1694273030156	1694273030422	OK	 
REQUEST		request_203 Redirect 1	1694273030423	1694273030735	OK	 
REQUEST		favicon.ico?v=1688731390829	1694273030737	1694273030743	OK	 
REQUEST		chunk-vendors.css?v=1688731390829	1694273030738	1694273030744	OK	 
REQUEST		chunk-vendors.js?v=1688731390829	1694273030739	1694273030745	OK	 
REQUEST		app.css?v=1688731390829	1694273030739	1694273030746	OK	 
REQUEST		app.js?v=1688731390829	1694273030739	1694273030746	OK	 
REQUEST		request_204	1694273030740	1694273030747	OK	 
USER	OHRMAddJobVacancies	END	1694273030751
