RUN	com.gatling.tests.OHRMApplyJobVacancies	ohrmapplyjobvacancies	1694273450198	 	3.6.1
USER	OHRMApplyJobVacancies	START	1694273451596
REQUEST		request_0	1694273451622	1694273452480	OK	 
REQUEST		favicon.ico?v=1688731390829	1694273452683	1694273452718	OK	 
REQUEST		chunk-vendors.css?v=1688731390829	1694273452687	1694273452737	OK	 
REQUEST		app.css?v=1688731390829	1694273452689	1694273452772	OK	 
REQUEST		request_1	1694273452697	1694273452792	OK	 
REQUEST		request_2	1694273452731	1694273452804	OK	 
REQUEST		chunk-vendors.js?v=1688731390829	1694273452693	1694273452821	OK	 
REQUEST		app.js?v=1688731390829	1694273452695	1694273452826	OK	 
REQUEST		request_7	1694273452805	1694273452831	OK	 
REQUEST		request_3	1694273452765	1694273452838	OK	 
REQUEST		request_4	1694273452779	1694273452844	OK	 
REQUEST		request_8	1694273452822	1694273452846	OK	 
REQUEST		request_10	1694273452833	1694273452847	OK	 
REQUEST		request_11	1694273452839	1694273452849	OK	 
REQUEST		request_6	1694273452794	1694273453159	OK	 
REQUEST		request_9	1694273452827	1694273453340	OK	 
REQUEST		request_12	1694273454349	1694273455053	OK	 
REQUEST		app.css?v=1688731390829	1694273455064	1694273455069	OK	 
REQUEST		favicon.ico?v=1688731390829	1694273455062	1694273455077	OK	 
REQUEST		chunk-vendors.css?v=1688731390829	1694273455063	1694273455079	OK	 
REQUEST		request_18	1694273455072	1694273455084	OK	 
REQUEST		request_24	1694273455080	1694273455088	OK	 
REQUEST		request_23	1694273455078	1694273455090	OK	 
REQUEST		chunk-vendors.js?v=1688731390829	1694273455065	1694273455092	OK	 
REQUEST		app.js?v=1688731390829	1694273455066	1694273455095	OK	 
REQUEST		request_13	1694273455067	1694273455099	OK	 
REQUEST		request_25	1694273455085	1694273455478	OK	 
REQUEST		request_26	1694273456483	1694273457847	KO	status.find.in(200,201,202,203,204,205,206,207,208,209,304), found 400
REQUEST		request_40	1694273458869	1694273459427	OK	 
REQUEST		favicon.ico?v=1688731390829	1694273459433	1694273459439	OK	 
REQUEST		chunk-vendors.css?v=1688731390829	1694273459434	1694273459442	OK	 
REQUEST		app.css?v=1688731390829	1694273459435	1694273459443	OK	 
REQUEST		chunk-vendors.js?v=1688731390829	1694273459435	1694273459447	OK	 
REQUEST		request_41	1694273459437	1694273459448	OK	 
REQUEST		app.js?v=1688731390829	1694273459436	1694273459449	OK	 
REQUEST		request_48	1694273459441	1694273459721	OK	 
USER	OHRMApplyJobVacancies	END	1694273459725
