RUN	com.gatling.tests.OHRMBuzzFeature	ohrmbuzzfeature	1694275497860	 	3.6.1
USER	OHRMBuzzFeature	START	1694275499232
USER	OHRMBuzzFeature	START	1694275499230
USER	OHRMBuzzFeature	START	1694275499235
USER	OHRMBuzzFeature	START	1694275499235
USER	OHRMBuzzFeature	START	1694275499236
USER	OHRMBuzzFeature	START	1694275499289
USER	OHRMBuzzFeature	START	1694275499079
USER	OHRMBuzzFeature	START	1694275499232
USER	OHRMBuzzFeature	START	1694275499233
USER	OHRMBuzzFeature	START	1694275499380
REQUEST		request_0	1694275499290	1694275500018	OK	 
REQUEST		request_0	1694275499236	1694275500015	OK	 
REQUEST		request_0	1694275499236	1694275500033	OK	 
REQUEST		request_0	1694275499231	1694275500177	OK	 
REQUEST		request_0	1694275499232	1694275500177	OK	 
REQUEST		favicon.ico?v=1688731390829	1694275500336	1694275500367	OK	 
REQUEST		favicon.ico?v=1688731390829	1694275500321	1694275500355	OK	 
REQUEST		chunk-vendors.css?v=1688731390829	1694275500322	1694275500366	OK	 
REQUEST		chunk-vendors.css?v=1688731390829	1694275500322	1694275500382	OK	 
REQUEST		chunk-vendors.css?v=1688731390829	1694275500337	1694275500385	OK	 
REQUEST		app.css?v=1688731390829	1694275500323	1694275500417	OK	 
REQUEST		favicon.ico?v=1688731390829	1694275500322	1694275500418	OK	 
REQUEST		request_1	1694275500325	1694275500419	OK	 
REQUEST		app.css?v=1688731390829	1694275500338	1694275500423	OK	 
REQUEST		request_2	1694275500379	1694275500473	OK	 
REQUEST		request_1	1694275500339	1694275500485	OK	 
REQUEST		request_1	1694275500324	1694275500498	OK	 
REQUEST		request_0	1694275499236	1694275500509	OK	 
REQUEST		favicon.ico?v=1688731390829	1694275500318	1694275500689	OK	 
REQUEST		chunk-vendors.css?v=1688731390829	1694275500319	1694275500691	OK	 
REQUEST		app.css?v=1688731390829	1694275500320	1694275500694	OK	 
REQUEST		request_2	1694275500689	1694275500699	OK	 
REQUEST		request_1	1694275500396	1694275500702	OK	 
REQUEST		request_7	1694275500704	1694275500710	OK	 
REQUEST		app.js?v=1688731390829	1694275500325	1694275500716	OK	 
REQUEST		chunk-vendors.js?v=1688731390829	1694275500324	1694275500886	OK	 
REQUEST		chunk-vendors.js?v=1688731390829	1694275500321	1694275500891	OK	 
REQUEST		request_3	1694275500693	1694275500898	OK	 
REQUEST		request_4	1694275500695	1694275500909	OK	 
REQUEST		request_3	1694275500409	1694275500913	OK	 
REQUEST		app.css?v=1688731390829	1694275500324	1694275500915	OK	 
REQUEST		request_2	1694275500379	1694275500917	OK	 
REQUEST		chunk-vendors.js?v=1688731390829	1694275500338	1694275500922	OK	 
REQUEST		request_4	1694275500418	1694275500925	OK	 
REQUEST		request_8	1694275500711	1694275500928	OK	 
REQUEST		app.js?v=1688731390829	1694275500339	1694275500929	OK	 
REQUEST		request_7	1694275500488	1694275500935	OK	 
REQUEST		request_9	1694275500893	1694275500935	OK	 
REQUEST		request_10	1694275500899	1694275500941	OK	 
REQUEST		request_11	1694275500910	1694275500943	OK	 
REQUEST		app.js?v=1688731390829	1694275500321	1694275500948	OK	 
REQUEST		request_12	1694275500929	1694275500950	OK	 
REQUEST		request_13	1694275500936	1694275500950	OK	 
REQUEST		chunk-vendors.js?v=1688731390829	1694275500323	1694275500971	OK	 
REQUEST		app.js?v=1688731390829	1694275500324	1694275500978	OK	 
REQUEST		request_3	1694275500408	1694275500982	OK	 
REQUEST		request_7	1694275500873	1694275500986	OK	 
REQUEST		request_7	1694275500920	1694275500990	OK	 
REQUEST		request_8	1694275500890	1694275500990	OK	 
REQUEST		request_9	1694275500913	1694275500993	OK	 
REQUEST		request_3	1694275500410	1694275500996	OK	 
REQUEST		request_4	1694275500436	1694275500998	OK	 
REQUEST		request_8	1694275500924	1694275501000	OK	 
REQUEST		request_4	1694275500429	1694275501000	OK	 
REQUEST		request_9	1694275500931	1694275501003	OK	 
REQUEST		request_10	1694275500919	1694275501005	OK	 
REQUEST		request_11	1694275500926	1694275501006	OK	 
REQUEST		request_12	1694275500988	1694275501007	OK	 
REQUEST		request_8	1694275500973	1694275501008	OK	 
REQUEST		request_13	1694275500991	1694275501009	OK	 
REQUEST		request_9	1694275500981	1694275501010	OK	 
REQUEST		request_11	1694275500985	1694275501011	OK	 
REQUEST		request_12	1694275500998	1694275501011	OK	 
REQUEST		request_13	1694275501001	1694275501012	OK	 
REQUEST		favicon.ico?v=1688731390829	1694275500324	1694275501016	OK	 
REQUEST		request_2	1694275501017	1694275501020	OK	 
REQUEST		request_3	1694275501022	1694275501029	OK	 
REQUEST		request_4	1694275501029	1694275501037	OK	 
REQUEST		request_10	1694275500936	1694275501055	OK	 
REQUEST		request_10	1694275500990	1694275501011	OK	 
REQUEST		request_11	1694275500997	1694275501120	OK	 
REQUEST		request_12	1694275501001	1694275501124	OK	 
REQUEST		request_13	1694275501009	1694275501127	OK	 
REQUEST		request_0	1694275499209	1694275501359	OK	 
REQUEST		chunk-vendors.css?v=1688731390829	1694275500325	1694275501431	OK	 
REQUEST		request_7	1694275501434	1694275501436	OK	 
REQUEST		request_8	1694275501437	1694275501438	OK	 
REQUEST		request_9	1694275501439	1694275501441	OK	 
REQUEST		favicon.ico?v=1688731390829	1694275500687	1694275501492	OK	 
REQUEST		chunk-vendors.css?v=1688731390829	1694275500872	1694275501494	OK	 
REQUEST		favicon.ico?v=1688731390829	1694275501370	1694275501496	OK	 
REQUEST		request_2	1694275501496	1694275501499	OK	 
REQUEST		app.css?v=1688731390829	1694275500901	1694275501503	OK	 
REQUEST		request_3	1694275501501	1694275501509	OK	 
REQUEST		request_4	1694275501509	1694275501516	OK	 
REQUEST		request_0	1694275499232	1694275501525	OK	 
REQUEST		request_1	1694275500902	1694275501541	OK	 
REQUEST		request_10	1694275501441	1694275501655	OK	 
REQUEST		app.css?v=1688731390829	1694275500325	1694275501666	OK	 
REQUEST		request_2	1694275501493	1694275501699	OK	 
REQUEST		request_1	1694275500711	1694275501706	OK	 
REQUEST		chunk-vendors.js?v=1688731390829	1694275500901	1694275501718	OK	 
REQUEST		request_11	1694275501656	1694275501719	OK	 
REQUEST		app.js?v=1688731390829	1694275500902	1694275501721	OK	 
REQUEST		request_12	1694275501669	1694275501721	OK	 
REQUEST		chunk-vendors.js?v=1688731390829	1694275500686	1694275501723	OK	 
REQUEST		request_13	1694275501709	1694275501724	OK	 
REQUEST		request_7	1694275501700	1694275501725	OK	 
REQUEST		request_3	1694275501496	1694275501728	OK	 
REQUEST		request_4	1694275501509	1694275501730	OK	 
REQUEST		request_8	1694275501719	1694275501731	OK	 
REQUEST		request_9	1694275501722	1694275501733	OK	 
REQUEST		request_10	1694275501726	1694275501735	OK	 
REQUEST		request_11	1694275501729	1694275501736	OK	 
REQUEST		request_12	1694275501730	1694275501737	OK	 
REQUEST		request_13	1694275501731	1694275501738	OK	 
REQUEST		chunk-vendors.css?v=1688731390829	1694275501371	1694275501806	OK	 
REQUEST		request_7	1694275501807	1694275501809	OK	 
REQUEST		favicon.ico?v=1688731390829	1694275501530	1694275501840	OK	 
REQUEST		chunk-vendors.css?v=1688731390829	1694275501531	1694275501843	OK	 
REQUEST		app.css?v=1688731390829	1694275501533	1694275501845	OK	 
REQUEST		request_1	1694275501534	1694275501853	OK	 
REQUEST		request_2	1694275501841	1694275501859	OK	 
REQUEST		app.js?v=1688731390829	1694275500695	1694275502018	OK	 
REQUEST		app.css?v=1688731390829	1694275501372	1694275502018	OK	 
REQUEST		request_0	1694275499381	1694275502020	OK	 
REQUEST		request_8	1694275501821	1694275502023	OK	 
REQUEST		request_1	1694275501374	1694275502027	OK	 
REQUEST		app.js?v=1688731390829	1694275501534	1694275502176	OK	 
REQUEST		chunk-vendors.js?v=1688731390829	1694275501534	1694275502183	OK	 
REQUEST		request_7	1694275501860	1694275502185	OK	 
REQUEST		request_9	1694275502019	1694275502238	OK	 
REQUEST		request_10	1694275502023	1694275502241	OK	 
REQUEST		request_3	1694275501844	1694275502260	OK	 
REQUEST		favicon.ico?v=1688731390829	1694275502028	1694275502265	OK	 
REQUEST		request_4	1694275501846	1694275502266	OK	 
REQUEST		chunk-vendors.css?v=1688731390829	1694275502029	1694275502269	OK	 
REQUEST		request_8	1694275502176	1694275502269	OK	 
REQUEST		app.css?v=1688731390829	1694275502031	1694275502272	OK	 
REQUEST		request_9	1694275502184	1694275502284	OK	 
REQUEST		request_10	1694275502185	1694275502286	OK	 
REQUEST		request_1	1694275502175	1694275502286	OK	 
REQUEST		request_11	1694275502262	1694275502288	OK	 
REQUEST		request_12	1694275502268	1694275502346	OK	 
REQUEST		request_13	1694275502280	1694275502346	OK	 
REQUEST		app.js?v=1688731390829	1694275501373	1694275502348	OK	 
REQUEST		request_11	1694275502028	1694275502349	OK	 
REQUEST		chunk-vendors.js?v=1688731390829	1694275501373	1694275502350	OK	 
REQUEST		request_12	1694275502239	1694275502352	OK	 
REQUEST		request_13	1694275502241	1694275502352	OK	 
REQUEST		request_2	1694275502267	1694275502354	OK	 
REQUEST		request_6	1694275500432	1694275502367	OK	 
REQUEST		request_6	1694275500479	1694275502581	OK	 
REQUEST		chunk-vendors.js?v=1688731390829	1694275502031	1694275502584	OK	 
REQUEST		request_0	1694275499234	1694275502588	OK	 
REQUEST		request_7	1694275502356	1694275502600	OK	 
REQUEST		request_3	1694275502270	1694275502605	OK	 
REQUEST		request_4	1694275502275	1694275502612	OK	 
REQUEST		request_8	1694275502585	1694275502614	OK	 
REQUEST		request_9	1694275502601	1694275502618	OK	 
REQUEST		request_10	1694275502607	1694275502622	OK	 
REQUEST		request_11	1694275502613	1694275502623	OK	 
REQUEST		request_12	1694275502615	1694275502623	OK	 
REQUEST		request_13	1694275502619	1694275502624	OK	 
REQUEST		request_6	1694275500505	1694275502626	OK	 
REQUEST		favicon.ico?v=1688731390829	1694275502594	1694275502629	OK	 
REQUEST		app.css?v=1688731390829	1694275502596	1694275502630	OK	 
REQUEST		chunk-vendors.css?v=1688731390829	1694275502595	1694275502633	OK	 
REQUEST		request_2	1694275502629	1694275502636	OK	 
REQUEST		request_3	1694275502631	1694275502649	OK	 
REQUEST		request_4	1694275502634	1694275502654	OK	 
REQUEST		request_7	1694275502650	1694275502657	OK	 
REQUEST		request_8	1694275502655	1694275502660	OK	 
REQUEST		request_9	1694275502658	1694275502663	OK	 
REQUEST		request_10	1694275502661	1694275502669	OK	 
REQUEST		request_11	1694275502664	1694275502672	OK	 
REQUEST		request_12	1694275502670	1694275502674	OK	 
REQUEST		request_13	1694275502673	1694275502675	OK	 
REQUEST		chunk-vendors.js?v=1688731390829	1694275502596	1694275502760	OK	 
REQUEST		app.js?v=1688731390829	1694275502597	1694275502781	OK	 
REQUEST		app.js?v=1688731390829	1694275502032	1694275503084	OK	 
REQUEST		request_1	1694275502597	1694275503129	OK	 
REQUEST		request_6	1694275500701	1694275503148	OK	 
REQUEST		request_6	1694275502638	1694275503242	OK	 
REQUEST		request_6	1694275501517	1694275503260	OK	 
REQUEST		request_6	1694275501038	1694275503318	OK	 
REQUEST		request_6	1694275501543	1694275503380	OK	 
REQUEST		request_6	1694275501854	1694275503457	OK	 
REQUEST		request_6	1694275502351	1694275503567	OK	 
REQUEST		request_14	1694275503634	1694275503923	OK	 
REQUEST		request_14	1694275503599	1694275503989	OK	 
REQUEST		request_14	1694275503594	1694275503991	OK	 
REQUEST		request_14 Redirect 1	1694275503926	1694275504281	OK	 
REQUEST		favicon.ico?v=1688731390829	1694275504290	1694275504295	OK	 
REQUEST		chunk-vendors.css?v=1688731390829	1694275504291	1694275504300	OK	 
REQUEST		app.css?v=1688731390829	1694275504291	1694275504302	OK	 
REQUEST		request_22	1694275504299	1694275504303	OK	 
REQUEST		request_23	1694275504300	1694275504304	OK	 
REQUEST		request_25	1694275504303	1694275504306	OK	 
REQUEST		request_26	1694275504304	1694275504307	OK	 
REQUEST		request_27	1694275504305	1694275504308	OK	 
REQUEST		request_14	1694275504256	1694275504769	OK	 
REQUEST		request_28	1694275504306	1694275504898	OK	 
REQUEST		request_29	1694275504307	1694275505004	KO	status.find.in(200,201,202,203,204,205,206,207,208,209,304), found 401
REQUEST		request_30	1694275504309	1694275505136	KO	status.find.in(200,201,202,203,204,205,206,207,208,209,304), found 401
REQUEST		chunk-vendors.js?v=1688731390829	1694275504291	1694275505138	OK	 
REQUEST		request_14 Redirect 1	1694275503992	1694275505170	OK	 
REQUEST		app.js?v=1688731390829	1694275504292	1694275505171	OK	 
REQUEST		request_15	1694275504293	1694275505173	OK	 
REQUEST		favicon.ico?v=1688731390829	1694275505174	1694275505180	OK	 
REQUEST		chunk-vendors.css?v=1688731390829	1694275505175	1694275505181	OK	 
REQUEST		app.css?v=1688731390829	1694275505175	1694275505181	OK	 
REQUEST		request_22	1694275505180	1694275505183	OK	 
REQUEST		request_23	1694275505181	1694275505184	OK	 
REQUEST		request_25	1694275505182	1694275505185	OK	 
REQUEST		request_26	1694275505184	1694275505185	OK	 
REQUEST		request_27	1694275505184	1694275505186	OK	 
REQUEST		request_14	1694275504578	1694275505377	OK	 
REQUEST		request_34	1694275505171	1694275505578	KO	status.find.in(200,201,202,203,204,205,206,207,208,209,304), found 401
REQUEST		request_33	1694275505139	1694275505753	OK	 
REQUEST		request_14	1694275504159	1694275505851	OK	 
REQUEST		request_14 Redirect 1	1694275503989	1694275505937	OK	 
REQUEST		chunk-vendors.css?v=1688731390829	1694275505941	1694275505944	OK	 
REQUEST		app.css?v=1688731390829	1694275505941	1694275505945	OK	 
REQUEST		request_22	1694275505945	1694275505947	OK	 
REQUEST		request_23	1694275505945	1694275505948	OK	 
REQUEST		request_25	1694275505948	1694275505949	OK	 
REQUEST		request_26	1694275505949	1694275505950	OK	 
REQUEST		request_27	1694275505950	1694275505951	OK	 
REQUEST		request_14 Redirect 1	1694275504769	1694275505986	OK	 
REQUEST		favicon.ico?v=1688731390829	1694275505989	1694275505993	OK	 
REQUEST		chunk-vendors.css?v=1688731390829	1694275505990	1694275505995	OK	 
REQUEST		app.css?v=1688731390829	1694275505990	1694275505995	OK	 
REQUEST		request_22	1694275505994	1694275505997	OK	 
REQUEST		request_23	1694275505995	1694275505998	OK	 
REQUEST		request_25	1694275505996	1694275505999	OK	 
REQUEST		request_26	1694275505997	1694275505999	OK	 
REQUEST		request_27	1694275505998	1694275506000	OK	 
REQUEST		request_14	1694275504577	1694275506648	OK	 
REQUEST		chunk-vendors.js?v=1688731390829	1694275505176	1694275506653	OK	 
REQUEST		app.js?v=1688731390829	1694275505178	1694275506661	OK	 
REQUEST		request_28	1694275504898	1694275506677	OK	 
REQUEST		request_35	1694275505173	1694275506827	KO	status.find.in(200,201,202,203,204,205,206,207,208,209,304), found 401
REQUEST		request_14	1694275504578	1694275506870	OK	 
REQUEST		request_29	1694275506000	1694275506927	KO	status.find.in(200,201,202,203,204,205,206,207,208,209,304), found 401
REQUEST		request_15	1694275505178	1694275506951	OK	 
REQUEST		request_28	1694275505185	1694275507083	OK	 
REQUEST		request_14	1694275504579	1694275507124	OK	 
REQUEST		favicon.ico?v=1688731390829	1694275505940	1694275507302	OK	 
REQUEST		chunk-vendors.js?v=1688731390829	1694275505942	1694275507307	OK	 
REQUEST		app.js?v=1688731390829	1694275505942	1694275507324	OK	 
REQUEST		request_15	1694275505943	1694275507339	OK	 
REQUEST		chunk-vendors.js?v=1688731390829	1694275505991	1694275507477	OK	 
REQUEST		app.js?v=1688731390829	1694275505991	1694275507479	OK	 
REQUEST		request_29	1694275505952	1694275507693	KO	status.find.in(200,201,202,203,204,205,206,207,208,209,304), found 401
REQUEST		request_15	1694275505992	1694275507802	OK	 
REQUEST		request_32	1694275505137	1694275507820	KO	status.find.in(200,201,202,203,204,205,206,207,208,209,304), found 401
REQUEST		request_14	1694275504633	1694275507904	OK	 
REQUEST		request_14 Redirect 1	1694275505377	1694275508643	OK	 
REQUEST		request_14 Redirect 1	1694275507905	1694275508679	OK	 
REQUEST		favicon.ico?v=1688731390829	1694275508648	1694275508708	OK	 
REQUEST		request_22	1694275508709	1694275508711	OK	 
REQUEST		request_23	1694275508711	1694275508713	OK	 
REQUEST		chunk-vendors.css?v=1688731390829	1694275508648	1694275508714	OK	 
REQUEST		request_25	1694275508714	1694275508715	OK	 
REQUEST		app.css?v=1688731390829	1694275508648	1694275508717	OK	 
REQUEST		chunk-vendors.js?v=1688731390829	1694275508649	1694275508719	OK	 
REQUEST		request_15	1694275508649	1694275508720	OK	 
REQUEST		favicon.ico?v=1688731390829	1694275508683	1694275508723	OK	 
REQUEST		chunk-vendors.css?v=1688731390829	1694275508683	1694275508726	OK	 
REQUEST		app.css?v=1688731390829	1694275508684	1694275508726	OK	 
REQUEST		chunk-vendors.js?v=1688731390829	1694275508684	1694275508727	OK	 
REQUEST		app.js?v=1688731390829	1694275508684	1694275508730	OK	 
REQUEST		request_15	1694275508684	1694275508731	OK	 
REQUEST		app.js?v=1688731390829	1694275508649	1694275508737	OK	 
REQUEST		request_14 Redirect 1	1694275505852	1694275509139	OK	 
REQUEST		request_27	1694275508715	1694275509140	OK	 
REQUEST		request_14 Redirect 1	1694275507124	1694275509148	OK	 
REQUEST		request_14 Redirect 1	1694275506648	1694275509149	OK	 
REQUEST		favicon.ico?v=1688731390829	1694275509143	1694275509160	OK	 
REQUEST		request_22	1694275509161	1694275509164	OK	 
REQUEST		request_23	1694275509165	1694275509167	OK	 
REQUEST		request_25	1694275509168	1694275509169	OK	 
REQUEST		request_26	1694275509170	1694275509171	OK	 
REQUEST		request_27	1694275509172	1694275509174	OK	 
REQUEST		request_22	1694275508724	1694275509181	OK	 
REQUEST		request_27	1694275508730	1694275509185	OK	 
REQUEST		request_26	1694275508727	1694275509191	OK	 
REQUEST		request_25	1694275508727	1694275509197	OK	 
REQUEST		request_23	1694275508726	1694275509204	OK	 
REQUEST		request_26	1694275508714	1694275509319	OK	 
REQUEST		request_28	1694275505999	1694275509365	OK	 
REQUEST		request_31	1694275505016	1694275509475	KO	status.find.in(200,201,202,203,204,205,206,207,208,209,304), found 401
REQUEST		request_28	1694275505951	1694275509558	OK	 
REQUEST		request_32	1694275507477	1694275509604	KO	status.find.in(200,201,202,203,204,205,206,207,208,209,304), found 401
REQUEST		request_32	1694275507324	1694275509694	KO	status.find.in(200,201,202,203,204,205,206,207,208,209,304), found 401
REQUEST		request_30	1694275505186	1694275509821	KO	status.find.in(200,201,202,203,204,205,206,207,208,209,304), found 401
REQUEST		chunk-vendors.css?v=1688731390829	1694275509143	1694275509852	OK	 
REQUEST		app.css?v=1688731390829	1694275509144	1694275509856	OK	 
REQUEST		request_32	1694275509140	1694275509918	KO	status.find.in(200,201,202,203,204,205,206,207,208,209,304), found 401
REQUEST		request_28	1694275509174	1694275509939	OK	 
REQUEST		request_30	1694275508721	1694275509997	KO	status.find.in(200,201,202,203,204,205,206,207,208,209,304), found 401
REQUEST		request_28	1694275508732	1694275510055	OK	 
REQUEST		request_29	1694275508719	1694275510215	KO	status.find.in(200,201,202,203,204,205,206,207,208,209,304), found 401
REQUEST		chunk-vendors.js?v=1688731390829	1694275509144	1694275510367	OK	 
REQUEST		app.js?v=1688731390829	1694275509144	1694275510392	OK	 
REQUEST		request_33	1694275509320	1694275510412	OK	 
REQUEST		request_29	1694275505185	1694275510683	KO	status.find.in(200,201,202,203,204,205,206,207,208,209,304), found 401
REQUEST		request_30	1694275506000	1694275510711	KO	status.find.in(200,201,202,203,204,205,206,207,208,209,304), found 401
REQUEST		request_30	1694275509856	1694275510718	KO	status.find.in(200,201,202,203,204,205,206,207,208,209,304), found 401
REQUEST		request_31	1694275506654	1694275510776	KO	status.find.in(200,201,202,203,204,205,206,207,208,209,304), found 401
REQUEST		request_33	1694275507479	1694275510938	OK	 
REQUEST		request_33	1694275506952	1694275510996	OK	 
REQUEST		request_33	1694275505754	1694275511099	OK	 
REQUEST		request_31	1694275508738	1694275511199	KO	status.find.in(200,201,202,203,204,205,206,207,208,209,304), found 401
REQUEST		request_33	1694275507340	1694275511287	OK	 
REQUEST		request_29	1694275509852	1694275511380	KO	status.find.in(200,201,202,203,204,205,206,207,208,209,304), found 401
REQUEST		favicon.ico?v=1688731390829	1694275509152	1694275511523	OK	 
REQUEST		request_22	1694275511524	1694275511525	OK	 
REQUEST		request_23	1694275511526	1694275511528	OK	 
REQUEST		request_25	1694275511530	1694275511532	OK	 
REQUEST		request_26	1694275511533	1694275511534	OK	 
REQUEST		request_27	1694275511534	1694275511536	OK	 
REQUEST		request_31	1694275506930	1694275511550	KO	status.find.in(200,201,202,203,204,205,206,207,208,209,304), found 401
REQUEST		request_15	1694275509144	1694275511560	OK	 
REQUEST		app.js?v=1688731390829	1694275509154	1694275511605	OK	 
REQUEST		chunk-vendors.js?v=1688731390829	1694275509154	1694275511606	OK	 
REQUEST		app.css?v=1688731390829	1694275509153	1694275511643	OK	 
REQUEST		request_31	1694275510367	1694275511646	KO	status.find.in(200,201,202,203,204,205,206,207,208,209,304), found 401
REQUEST		chunk-vendors.css?v=1688731390829	1694275509153	1694275511679	OK	 
REQUEST		request_32	1694275510393	1694275511860	KO	status.find.in(200,201,202,203,204,205,206,207,208,209,304), found 401
REQUEST		request_28	1694275507083	1694275511901	OK	 
REQUEST		request_36	1694275505579	1694275511910	KO	status.find.in(200,201,202,203,204,205,206,207,208,209,304), found 401
REQUEST		request_28	1694275508718	1694275511920	OK	 
REQUEST		request_29	1694275509182	1694275512053	KO	status.find.in(200,201,202,203,204,205,206,207,208,209,304), found 401
REQUEST		request_15	1694275509154	1694275512178	OK	 
REQUEST		favicon.ico?v=1688731390829	1694275509157	1694275512195	OK	 
REQUEST		app.css?v=1688731390829	1694275509158	1694275512196	OK	 
REQUEST		request_22	1694275512196	1694275512198	OK	 
REQUEST		request_23	1694275512196	1694275512199	OK	 
REQUEST		request_25	1694275512199	1694275512201	OK	 
REQUEST		request_26	1694275512200	1694275512204	OK	 
REQUEST		request_27	1694275512201	1694275512205	OK	 
REQUEST		request_14 Redirect 1	1694275506871	1694275512211	OK	 
REQUEST		chunk-vendors.js?v=1688731390829	1694275509158	1694275512289	OK	 
REQUEST		chunk-vendors.css?v=1688731390829	1694275509157	1694275512304	OK	 
REQUEST		request_32	1694275506661	1694275512385	KO	status.find.in(200,201,202,203,204,205,206,207,208,209,304), found 401
REQUEST		request_28	1694275511536	1694275512641	OK	 
REQUEST		request_30	1694275509185	1694275512641	KO	status.find.in(200,201,202,203,204,205,206,207,208,209,304), found 401
REQUEST		app.js?v=1688731390829	1694275509158	1694275512641	OK	 
REQUEST		request_15	1694275509159	1694275512644	OK	 
REQUEST		request_30	1694275511606	1694275512707	KO	status.find.in(200,201,202,203,204,205,206,207,208,209,304), found 401
REQUEST		request_31	1694275507308	1694275512778	KO	status.find.in(200,201,202,203,204,205,206,207,208,209,304), found 401
REQUEST		request_28	1694275512204	1694275512902	OK	 
REQUEST		request_34	1694275507802	1694275512909	KO	status.find.in(200,201,202,203,204,205,206,207,208,209,304), found 401
REQUEST		request_29	1694275512205	1694275512909	KO	status.find.in(200,201,202,203,204,205,206,207,208,209,304), found 401
REQUEST		request_35	1694275511560	1694275513068	KO	status.find.in(200,201,202,203,204,205,206,207,208,209,304), found 401
REQUEST		request_30	1694275507303	1694275513216	KO	status.find.in(200,201,202,203,204,205,206,207,208,209,304), found 401
REQUEST		request_33	1694275509204	1694275513384	OK	 
REQUEST		request_31	1694275511643	1694275513718	KO	status.find.in(200,201,202,203,204,205,206,207,208,209,304), found 401
REQUEST		request_32	1694275511679	1694275513867	KO	status.find.in(200,201,202,203,204,205,206,207,208,209,304), found 401
REQUEST		request_33	1694275512644	1694275513903	OK	 
REQUEST		request_31	1694275509192	1694275513934	KO	status.find.in(200,201,202,203,204,205,206,207,208,209,304), found 401
REQUEST		request_32	1694275512643	1694275513999	KO	status.find.in(200,201,202,203,204,205,206,207,208,209,304), found 401
REQUEST		request_33	1694275512178	1694275514026	OK	 
REQUEST		request_35	1694275509605	1694275514052	KO	status.find.in(200,201,202,203,204,205,206,207,208,209,304), found 401
REQUEST		request_30	1694275512289	1694275514128	KO	status.find.in(200,201,202,203,204,205,206,207,208,209,304), found 401
REQUEST		request_29	1694275511605	1694275514325	KO	status.find.in(200,201,202,203,204,205,206,207,208,209,304), found 401
REQUEST		request_32	1694275509198	1694275514328	KO	status.find.in(200,201,202,203,204,205,206,207,208,209,304), found 401
REQUEST		request_31	1694275512304	1694275514334	KO	status.find.in(200,201,202,203,204,205,206,207,208,209,304), found 401
REQUEST		request_34	1694275507694	1694275514360	KO	status.find.in(200,201,202,203,204,205,206,207,208,209,304), found 401
REQUEST		request_28	1694275509365	1694275514401	OK	 
REQUEST		request_28	1694275509560	1694275514499	OK	 
REQUEST		request_34	1694275509919	1694275514518	KO	status.find.in(200,201,202,203,204,205,206,207,208,209,304), found 401
REQUEST		request_34	1694275509822	1694275514584	KO	status.find.in(200,201,202,203,204,205,206,207,208,209,304), found 401
REQUEST		request_35	1694275509695	1694275514595	KO	status.find.in(200,201,202,203,204,205,206,207,208,209,304), found 401
REQUEST		request_28	1694275509939	1694275514931	OK	 
REQUEST		request_35	1694275509997	1694275514987	KO	status.find.in(200,201,202,203,204,205,206,207,208,209,304), found 401
REQUEST		app.css?v=1688731390829	1694275512274	1694275515003	OK	 
REQUEST		request_22	1694275515004	1694275515005	OK	 
REQUEST		request_23	1694275515005	1694275515006	OK	 
REQUEST		request_25	1694275515006	1694275515008	OK	 
REQUEST		request_26	1694275515008	1694275515009	OK	 
REQUEST		request_27	1694275515009	1694275515010	OK	 
REQUEST		favicon.ico?v=1688731390829	1694275512271	1694275515031	OK	 
REQUEST		app.js?v=1688731390829	1694275512274	1694275515133	OK	 
REQUEST		request_15	1694275512275	1694275515202	OK	 
REQUEST		chunk-vendors.js?v=1688731390829	1694275512274	1694275515219	OK	 
REQUEST		request_33	1694275510413	1694275515450	OK	 
REQUEST		chunk-vendors.css?v=1688731390829	1694275512273	1694275515550	OK	 
REQUEST		request_28	1694275510056	1694275515668	OK	 
REQUEST		request_36	1694275510216	1694275515751	KO	status.find.in(200,201,202,203,204,205,206,207,208,209,304), found 401
REQUEST		request_35	1694275510684	1694275515849	KO	status.find.in(200,201,202,203,204,205,206,207,208,209,304), found 401
REQUEST		request_33	1694275510719	1694275516049	OK	 
REQUEST		request_28	1694275515011	1694275516355	OK	 
REQUEST		request_36	1694275510777	1694275516420	KO	status.find.in(200,201,202,203,204,205,206,207,208,209,304), found 401
REQUEST		request_36	1694275510714	1694275516424	KO	status.find.in(200,201,202,203,204,205,206,207,208,209,304), found 401
REQUEST		request_28	1694275512902	1694275516477	OK	 
REQUEST		request_30	1694275515134	1694275516506	KO	status.find.in(200,201,202,203,204,205,206,207,208,209,304), found 401
REQUEST		request_33	1694275510999	1694275516636	OK	 
REQUEST		request_34	1694275512708	1694275516803	KO	status.find.in(200,201,202,203,204,205,206,207,208,209,304), found 401
REQUEST		request_37	1694275512941	1694275516835	OK	 
REQUEST		request_36	1694275512782	1694275516869	KO	status.find.in(200,201,202,203,204,205,206,207,208,209,304), found 401
REQUEST		request_35	1694275512643	1694275516899	KO	status.find.in(200,201,202,203,204,205,206,207,208,209,304), found 401
REQUEST		request_31	1694275515202	1694275516923	KO	status.find.in(200,201,202,203,204,205,206,207,208,209,304), found 401
REQUEST		request_33	1694275510938	1694275516937	OK	 
REQUEST		request_34	1694275512054	1694275517013	KO	status.find.in(200,201,202,203,204,205,206,207,208,209,304), found 401
REQUEST		request_32	1694275515220	1694275517131	KO	status.find.in(200,201,202,203,204,205,206,207,208,209,304), found 401
REQUEST		request_28	1694275511920	1694275517450	OK	 
REQUEST		request_33	1694275511288	1694275517457	OK	 
REQUEST		request_36	1694275511646	1694275517457	KO	status.find.in(200,201,202,203,204,205,206,207,208,209,304), found 401
REQUEST		request_33	1694275513384	1694275517508	OK	 
REQUEST		request_29	1694275515031	1694275517600	KO	status.find.in(200,201,202,203,204,205,206,207,208,209,304), found 401
REQUEST		request_34	1694275512910	1694275517732	KO	status.find.in(200,201,202,203,204,205,206,207,208,209,304), found 401
REQUEST		request_33	1694275515551	1694275517751	OK	 
REQUEST		request_34	1694275511381	1694275517780	KO	status.find.in(200,201,202,203,204,205,206,207,208,209,304), found 401
REQUEST		request_36	1694275513935	1694275518474	KO	status.find.in(200,201,202,203,204,205,206,207,208,209,304), found 401
REQUEST		request_33	1694275513904	1694275518504	OK	 
REQUEST		request_28	1694275512641	1694275518547	OK	 
REQUEST		request_33	1694275516050	1694275518699	OK	 
REQUEST		request_36	1694275513868	1694275518722	KO	status.find.in(200,201,202,203,204,205,206,207,208,209,304), found 401
REQUEST		request_36	1694275514129	1694275518789	KO	status.find.in(200,201,202,203,204,205,206,207,208,209,304), found 401
REQUEST		request_35	1694275514000	1694275518824	KO	status.find.in(200,201,202,203,204,205,206,207,208,209,304), found 401
REQUEST		request_37 Redirect 1	1694275516835	1694275518884	OK	 
REQUEST		request_35	1694275513719	1694275518916	KO	status.find.in(200,201,202,203,204,205,206,207,208,209,304), found 401
REQUEST		request_37	1694275517703	1694275518963	OK	 
REQUEST		request_34	1694275516507	1694275518973	KO	status.find.in(200,201,202,203,204,205,206,207,208,209,304), found 401
REQUEST		favicon.ico?v=1688731390829	1694275518888	1694275519019	OK	 
REQUEST		request_45	1694275519020	1694275519021	OK	 
REQUEST		request_46	1694275519022	1694275519024	OK	 
REQUEST		chunk-vendors.css?v=1688731390829	1694275518889	1694275519025	OK	 
REQUEST		request_50	1694275519025	1694275519028	OK	 
REQUEST		request_28	1694275516356	1694275519330	OK	 
REQUEST		request_33	1694275514027	1694275519348	OK	 
REQUEST		app.css?v=1688731390829	1694275518890	1694275519404	OK	 
REQUEST		request_55	1694275519405	1694275519409	OK	 
REQUEST		request_37	1694275518535	1694275519464	OK	 
REQUEST		request_37	1694275518046	1694275519526	OK	 
REQUEST		chunk-vendors.js?v=1688731390829	1694275518890	1694275519528	OK	 
REQUEST		app.js?v=1688731390829	1694275518890	1694275519529	OK	 
REQUEST		request_37	1694275518579	1694275519589	OK	 
REQUEST		request_38	1694275518890	1694275519597	OK	 
REQUEST		request_53	1694275519026	1694275519744	OK	 
REQUEST		request_33	1694275517752	1694275519807	OK	 
REQUEST		request_54	1694275519028	1694275519951	KO	status.find.in(200,201,202,203,204,205,206,207,208,209,304), found 401
REQUEST		request_36	1694275517133	1694275519965	KO	status.find.in(200,201,202,203,204,205,206,207,208,209,304), found 401
REQUEST		request_35	1694275516923	1694275520121	KO	status.find.in(200,201,202,203,204,205,206,207,208,209,304), found 401
REQUEST		request_37 Redirect 1	1694275518964	1694275520275	OK	 
REQUEST		request_37 Redirect 1	1694275519465	1694275520308	OK	 
REQUEST		request_53	1694275519744	1694275520370	OK	 
REQUEST		request_37	1694275519516	1694275520518	OK	 
REQUEST		chunk-vendors.css?v=1688731390829	1694275520279	1694275520536	OK	 
REQUEST		request_45	1694275520536	1694275520538	OK	 
REQUEST		request_46	1694275520538	1694275520540	OK	 
REQUEST		request_50	1694275520540	1694275520542	OK	 
REQUEST		request_57	1694275519528	1694275520545	KO	status.find.in(200,201,202,203,204,205,206,207,208,209,304), found 401
REQUEST		favicon.ico?v=1688731390829	1694275520278	1694275520581	OK	 
REQUEST		request_56	1694275519410	1694275520693	KO	status.find.in(200,201,202,203,204,205,206,207,208,209,304), found 401
REQUEST		request_37 Redirect 1	1694275519526	1694275520789	OK	 
REQUEST		request_37 Redirect 1	1694275519590	1694275520893	OK	 
REQUEST		app.css?v=1688731390829	1694275520279	1694275520946	OK	 
REQUEST		request_55	1694275520946	1694275520948	OK	 
REQUEST		chunk-vendors.js?v=1688731390829	1694275520279	1694275520963	OK	 
REQUEST		app.js?v=1688731390829	1694275520280	1694275520982	OK	 
REQUEST		request_38	1694275520280	1694275520983	OK	 
REQUEST		favicon.ico?v=1688731390829	1694275520314	1694275520984	OK	 
REQUEST		request_45	1694275520984	1694275520986	OK	 
REQUEST		request_46	1694275520986	1694275520987	OK	 
REQUEST		request_50	1694275520988	1694275520989	OK	 
REQUEST		chunk-vendors.css?v=1688731390829	1694275520315	1694275521068	OK	 
REQUEST		request_37	1694275519729	1694275521070	OK	 
REQUEST		request_37	1694275519854	1694275521099	OK	 
REQUEST		app.css?v=1688731390829	1694275520315	1694275521139	OK	 
REQUEST		chunk-vendors.js?v=1688731390829	1694275520316	1694275521140	OK	 
REQUEST		request_38	1694275520316	1694275521140	OK	 
REQUEST		request_55	1694275521140	1694275521142	OK	 
REQUEST		request_53	1694275520542	1694275521144	OK	 
REQUEST		app.js?v=1688731390829	1694275520316	1694275521219	OK	 
REQUEST		request_54	1694275520582	1694275521387	KO	status.find.in(200,201,202,203,204,205,206,207,208,209,304), found 401
REQUEST		request_56	1694275521140	1694275521638	KO	status.find.in(200,201,202,203,204,205,206,207,208,209,304), found 401
REQUEST		favicon.ico?v=1688731390829	1694275520794	1694275521671	OK	 
REQUEST		request_45	1694275521671	1694275521673	OK	 
REQUEST		request_46	1694275521673	1694275521675	OK	 
REQUEST		request_50	1694275521675	1694275521676	OK	 
REQUEST		request_53	1694275521144	1694275521773	OK	 
REQUEST		request_54	1694275521068	1694275521868	KO	status.find.in(200,201,202,203,204,205,206,207,208,209,304), found 401
REQUEST		request_37	1694275520431	1694275521982	OK	 
REQUEST		chunk-vendors.css?v=1688731390829	1694275520795	1694275521989	OK	 
REQUEST		app.css?v=1688731390829	1694275520795	1694275521998	OK	 
REQUEST		request_55	1694275521998	1694275522000	OK	 
REQUEST		chunk-vendors.js?v=1688731390829	1694275520796	1694275522001	OK	 
REQUEST		request_53	1694275521677	1694275522049	OK	 
REQUEST		request_56	1694275520949	1694275522075	KO	status.find.in(200,201,202,203,204,205,206,207,208,209,304), found 401
REQUEST		request_53	1694275520990	1694275522191	OK	 
REQUEST		request_57	1694275521141	1694275522193	KO	status.find.in(200,201,202,203,204,205,206,207,208,209,304), found 401
REQUEST		request_37 Redirect 1	1694275520518	1694275522260	OK	 
REQUEST		request_57	1694275520964	1694275522278	KO	status.find.in(200,201,202,203,204,205,206,207,208,209,304), found 401
REQUEST		app.js?v=1688731390829	1694275520796	1694275522348	OK	 
REQUEST		request_38	1694275520796	1694275522350	OK	 
REQUEST		favicon.ico?v=1688731390829	1694275520899	1694275522351	OK	 
REQUEST		chunk-vendors.css?v=1688731390829	1694275520899	1694275522354	OK	 
REQUEST		request_45	1694275522353	1694275522356	OK	 
REQUEST		request_46	1694275522354	1694275522359	OK	 
REQUEST		request_50	1694275522356	1694275522363	OK	 
REQUEST		app.css?v=1688731390829	1694275520900	1694275522432	OK	 
REQUEST		request_55	1694275522432	1694275522434	OK	 
REQUEST		request_58	1694275521704	1694275522466	KO	status.find.in(200,201,202,203,204,205,206,207,208,209,304), found 401
REQUEST		chunk-vendors.js?v=1688731390829	1694275520900	1694275522555	OK	 
REQUEST		app.js?v=1688731390829	1694275520900	1694275522556	OK	 
REQUEST		request_56	1694275522000	1694275522623	KO	status.find.in(200,201,202,203,204,205,206,207,208,209,304), found 401
REQUEST		request_57	1694275522004	1694275522732	KO	status.find.in(200,201,202,203,204,205,206,207,208,209,304), found 401
REQUEST		request_54	1694275521989	1694275522854	KO	status.find.in(200,201,202,203,204,205,206,207,208,209,304), found 401
REQUEST		request_38	1694275520901	1694275522873	OK	 
REQUEST		request_56	1694275522434	1694275522912	KO	status.find.in(200,201,202,203,204,205,206,207,208,209,304), found 401
REQUEST		request_53	1694275522192	1694275522933	OK	 
REQUEST		request_54	1694275522364	1694275523140	KO	status.find.in(200,201,202,203,204,205,206,207,208,209,304), found 401
REQUEST		request_53	1694275522359	1694275523256	OK	 
REQUEST		request_57	1694275522555	1694275523387	KO	status.find.in(200,201,202,203,204,205,206,207,208,209,304), found 401
REQUEST		request_37 Redirect 1	1694275521070	1694275523446	OK	 
REQUEST		request_37	1694275521136	1694275523462	OK	 
REQUEST		chunk-vendors.css?v=1688731390829	1694275522264	1694275523478	OK	 
REQUEST		favicon.ico?v=1688731390829	1694275522263	1694275523480	OK	 
REQUEST		request_45	1694275523480	1694275523482	OK	 
REQUEST		request_46	1694275523482	1694275523483	OK	 
REQUEST		request_50	1694275523483	1694275523484	OK	 
REQUEST		app.css?v=1688731390829	1694275522264	1694275523485	OK	 
REQUEST		request_55	1694275523485	1694275523493	OK	 
REQUEST		request_37 Redirect 1	1694275521100	1694275523874	OK	 
REQUEST		request_37 Redirect 1	1694275521983	1694275523885	OK	 
REQUEST		chunk-vendors.js?v=1688731390829	1694275522264	1694275523885	OK	 
REQUEST		app.js?v=1688731390829	1694275522265	1694275523887	OK	 
REQUEST		request_58	1694275523352	1694275523931	KO	status.find.in(200,201,202,203,204,205,206,207,208,209,304), found 401
REQUEST		chunk-vendors.css?v=1688731390829	1694275523451	1694275523948	OK	 
REQUEST		app.css?v=1688731390829	1694275523453	1694275523949	OK	 
REQUEST		request_45	1694275523949	1694275523950	OK	 
REQUEST		request_46	1694275523949	1694275523951	OK	 
REQUEST		app.js?v=1688731390829	1694275523454	1694275523951	OK	 
REQUEST		request_50	1694275523950	1694275523952	OK	 
REQUEST		request_55	1694275523952	1694275523954	OK	 
REQUEST		request_53	1694275523256	1694275523956	OK	 
REQUEST		request_38	1694275522265	1694275524021	OK	 
REQUEST		favicon.ico?v=1688731390829	1694275523450	1694275524106	OK	 
REQUEST		request_54	1694275523484	1694275524164	KO	status.find.in(200,201,202,203,204,205,206,207,208,209,304), found 401
REQUEST		chunk-vendors.js?v=1688731390829	1694275523453	1694275524211	OK	 
REQUEST		request_53	1694275523484	1694275524293	OK	 
REQUEST		request_56	1694275523493	1694275524501	KO	status.find.in(200,201,202,203,204,205,206,207,208,209,304), found 401
REQUEST		request_38	1694275523455	1694275524506	OK	 
REQUEST		request_53	1694275522049	1694275524565	OK	 
REQUEST		request_56	1694275523954	1694275524606	KO	status.find.in(200,201,202,203,204,205,206,207,208,209,304), found 401
REQUEST		request_58	1694275524023	1694275524629	KO	status.find.in(200,201,202,203,204,205,206,207,208,209,304), found 401
REQUEST		favicon.ico?v=1688731390829	1694275523876	1694275524660	OK	 
REQUEST		request_45	1694275524660	1694275524662	OK	 
REQUEST		request_46	1694275524662	1694275524664	OK	 
REQUEST		request_50	1694275524664	1694275524666	OK	 
REQUEST		request_54	1694275523951	1694275524694	KO	status.find.in(200,201,202,203,204,205,206,207,208,209,304), found 401
REQUEST		chunk-vendors.css?v=1688731390829	1694275523877	1694275524742	OK	 
REQUEST		request_53	1694275523951	1694275524795	OK	 
REQUEST		request_57	1694275523886	1694275524891	KO	status.find.in(200,201,202,203,204,205,206,207,208,209,304), found 401
REQUEST		request_57	1694275524107	1694275524915	KO	status.find.in(200,201,202,203,204,205,206,207,208,209,304), found 401
REQUEST		request_53	1694275524293	1694275525089	OK	 
REQUEST		request_53	1694275524666	1694275525175	OK	 
REQUEST		app.css?v=1688731390829	1694275523877	1694275525189	OK	 
REQUEST		request_55	1694275525189	1694275525191	OK	 
REQUEST		chunk-vendors.js?v=1688731390829	1694275523878	1694275525192	OK	 
REQUEST		request_62	1694275523510	1694275525287	KO	status.find.in(200,201,202,203,204,205,206,207,208,209,304), found 401
REQUEST		request_37 Redirect 1	1694275523463	1694275525330	OK	 
REQUEST		app.js?v=1688731390829	1694275523878	1694275525331	OK	 
REQUEST		request_38	1694275523878	1694275525332	OK	 
REQUEST		favicon.ico?v=1688731390829	1694275523888	1694275525334	OK	 
REQUEST		request_45	1694275525334	1694275525337	OK	 
REQUEST		request_46	1694275525337	1694275525339	OK	 
REQUEST		chunk-vendors.css?v=1688731390829	1694275523888	1694275525340	OK	 
REQUEST		request_50	1694275525340	1694275525342	OK	 
REQUEST		chunk-vendors.js?v=1688731390829	1694275523889	1694275525346	OK	 
REQUEST		app.css?v=1688731390829	1694275523888	1694275525348	OK	 
REQUEST		request_55	1694275525346	1694275525348	OK	 
REQUEST		request_58	1694275525003	1694275525606	KO	status.find.in(200,201,202,203,204,205,206,207,208,209,304), found 401
REQUEST		app.js?v=1688731390829	1694275523889	1694275525706	OK	 
REQUEST		request_38	1694275523889	1694275525707	OK	 
REQUEST		favicon.ico?v=1688731390829	1694275525333	1694275525709	OK	 
REQUEST		request_45	1694275525709	1694275525711	OK	 
REQUEST		request_46	1694275525711	1694275525712	OK	 
REQUEST		request_50	1694275525713	1694275525714	OK	 
REQUEST		chunk-vendors.css?v=1688731390829	1694275525333	1694275525715	OK	 
REQUEST		app.css?v=1688731390829	1694275525334	1694275525715	OK	 
REQUEST		request_55	1694275525716	1694275525717	OK	 
REQUEST		request_54	1694275525343	1694275525888	KO	status.find.in(200,201,202,203,204,205,206,207,208,209,304), found 401
REQUEST		request_53	1694275524796	1694275525937	OK	 
REQUEST		request_54	1694275524743	1694275525961	KO	status.find.in(200,201,202,203,204,205,206,207,208,209,304), found 401
REQUEST		request_56	1694275525348	1694275526068	KO	status.find.in(200,201,202,203,204,205,206,207,208,209,304), found 401
REQUEST		request_56	1694275525191	1694275526091	KO	status.find.in(200,201,202,203,204,205,206,207,208,209,304), found 401
REQUEST		request_58	1694275525572	1694275526246	KO	status.find.in(200,201,202,203,204,205,206,207,208,209,304), found 401
REQUEST		request_57	1694275525192	1694275526249	KO	status.find.in(200,201,202,203,204,205,206,207,208,209,304), found 401
REQUEST		request_57	1694275525349	1694275526267	KO	status.find.in(200,201,202,203,204,205,206,207,208,209,304), found 401
REQUEST		chunk-vendors.js?v=1688731390829	1694275525334	1694275526363	OK	 
REQUEST		app.js?v=1688731390829	1694275525334	1694275526366	OK	 
REQUEST		request_53	1694275525340	1694275526505	OK	 
REQUEST		request_62	1694275524999	1694275526515	KO	status.find.in(200,201,202,203,204,205,206,207,208,209,304), found 401
REQUEST		request_54	1694275525715	1694275526612	KO	status.find.in(200,201,202,203,204,205,206,207,208,209,304), found 401
REQUEST		request_38	1694275525335	1694275526661	OK	 
REQUEST		request_53	1694275525176	1694275526777	OK	 
REQUEST		request_58	1694275526148	1694275526813	KO	status.find.in(200,201,202,203,204,205,206,207,208,209,304), found 401
REQUEST		request_56	1694275525718	1694275526816	KO	status.find.in(200,201,202,203,204,205,206,207,208,209,304), found 401
REQUEST		request_53	1694275525714	1694275526837	OK	 
REQUEST		request_57	1694275526364	1694275527202	KO	status.find.in(200,201,202,203,204,205,206,207,208,209,304), found 401
REQUEST		request_53	1694275526506	1694275527480	OK	 
REQUEST		request_62	1694275525667	1694275527496	KO	status.find.in(200,201,202,203,204,205,206,207,208,209,304), found 401
REQUEST		request_63	1694275526315	1694275527523	OK	 
REQUEST		request_62	1694275526623	1694275527620	KO	status.find.in(200,201,202,203,204,205,206,207,208,209,304), found 401
REQUEST		request_58	1694275527132	1694275527671	KO	status.find.in(200,201,202,203,204,205,206,207,208,209,304), found 401
REQUEST		request_53	1694275526837	1694275527691	OK	 
REQUEST		request_62	1694275527294	1694275527825	KO	status.find.in(200,201,202,203,204,205,206,207,208,209,304), found 401
REQUEST		request_63 Redirect 1	1694275527524	1694275528074	OK	 
REQUEST		favicon.ico?v=1688731390829	1694275528076	1694275528081	OK	 
REQUEST		chunk-vendors.css?v=1688731390829	1694275528077	1694275528082	OK	 
REQUEST		app.css?v=1688731390829	1694275528077	1694275528084	OK	 
REQUEST		request_63	1694275527535	1694275528084	OK	 
REQUEST		chunk-vendors.js?v=1688731390829	1694275528077	1694275528084	OK	 
REQUEST		request_64	1694275528078	1694275528086	OK	 
REQUEST		app.js?v=1688731390829	1694275528077	1694275528089	OK	 
USER	OHRMBuzzFeature	END	1694275528092
REQUEST		request_58	1694275527820	1694275528212	KO	status.find.in(200,201,202,203,204,205,206,207,208,209,304), found 401
REQUEST		request_62	1694275527822	1694275528384	KO	status.find.in(200,201,202,203,204,205,206,207,208,209,304), found 401
REQUEST		request_63 Redirect 1	1694275528084	1694275528966	OK	 
REQUEST		request_58	1694275528494	1694275529060	KO	status.find.in(200,201,202,203,204,205,206,207,208,209,304), found 401
REQUEST		request_63	1694275528518	1694275529164	OK	 
REQUEST		favicon.ico?v=1688731390829	1694275528969	1694275529288	OK	 
REQUEST		request_58	1694275528715	1694275529549	KO	status.find.in(200,201,202,203,204,205,206,207,208,209,304), found 401
REQUEST		request_63	1694275528652	1694275529600	OK	 
REQUEST		chunk-vendors.css?v=1688731390829	1694275528970	1694275529601	OK	 
REQUEST		app.css?v=1688731390829	1694275528970	1694275529602	OK	 
REQUEST		chunk-vendors.js?v=1688731390829	1694275528971	1694275529603	OK	 
REQUEST		app.js?v=1688731390829	1694275528971	1694275529604	OK	 
REQUEST		request_64	1694275528971	1694275529606	OK	 
USER	OHRMBuzzFeature	END	1694275529607
REQUEST		request_62	1694275528715	1694275529940	KO	status.find.in(200,201,202,203,204,205,206,207,208,209,304), found 401
REQUEST		request_63	1694275528834	1694275529949	OK	 
REQUEST		request_62	1694275529296	1694275530002	KO	status.find.in(200,201,202,203,204,205,206,207,208,209,304), found 401
REQUEST		request_63	1694275529561	1694275530184	OK	 
REQUEST		request_63 Redirect 1	1694275529600	1694275530259	OK	 
REQUEST		chunk-vendors.css?v=1688731390829	1694275530263	1694275530268	OK	 
REQUEST		favicon.ico?v=1688731390829	1694275530263	1694275530268	OK	 
REQUEST		app.css?v=1688731390829	1694275530264	1694275530268	OK	 
REQUEST		request_64	1694275530264	1694275530269	OK	 
REQUEST		app.js?v=1688731390829	1694275530264	1694275530269	OK	 
REQUEST		chunk-vendors.js?v=1688731390829	1694275530264	1694275530269	OK	 
USER	OHRMBuzzFeature	END	1694275530270
REQUEST		request_63 Redirect 1	1694275529165	1694275530328	OK	 
REQUEST		app.css?v=1688731390829	1694275530331	1694275530346	OK	 
REQUEST		favicon.ico?v=1688731390829	1694275530330	1694275530347	OK	 
REQUEST		chunk-vendors.js?v=1688731390829	1694275530331	1694275530347	OK	 
REQUEST		app.js?v=1688731390829	1694275530331	1694275530347	OK	 
REQUEST		request_64	1694275530332	1694275530347	OK	 
REQUEST		chunk-vendors.css?v=1688731390829	1694275530331	1694275530347	OK	 
USER	OHRMBuzzFeature	END	1694275530348
REQUEST		request_63 Redirect 1	1694275529949	1694275530466	OK	 
REQUEST		favicon.ico?v=1688731390829	1694275530469	1694275530480	OK	 
REQUEST		chunk-vendors.css?v=1688731390829	1694275530470	1694275530482	OK	 
REQUEST		app.css?v=1688731390829	1694275530470	1694275530483	OK	 
REQUEST		chunk-vendors.js?v=1688731390829	1694275530471	1694275530485	OK	 
REQUEST		app.js?v=1688731390829	1694275530471	1694275530485	OK	 
REQUEST		request_64	1694275530472	1694275530485	OK	 
USER	OHRMBuzzFeature	END	1694275530486
REQUEST		request_62	1694275530089	1694275530541	KO	status.find.in(200,201,202,203,204,205,206,207,208,209,304), found 401
REQUEST		request_63 Redirect 1	1694275530184	1694275530633	OK	 
REQUEST		app.css?v=1688731390829	1694275530635	1694275530643	OK	 
REQUEST		app.js?v=1688731390829	1694275530636	1694275530645	OK	 
REQUEST		chunk-vendors.css?v=1688731390829	1694275530635	1694275530646	OK	 
REQUEST		favicon.ico?v=1688731390829	1694275530635	1694275530647	OK	 
REQUEST		request_64	1694275530636	1694275530649	OK	 
REQUEST		chunk-vendors.js?v=1688731390829	1694275530636	1694275530649	OK	 
USER	OHRMBuzzFeature	END	1694275530649
REQUEST		request_62	1694275530580	1694275530883	KO	status.find.in(200,201,202,203,204,205,206,207,208,209,304), found 401
REQUEST		request_63	1694275530950	1694275531221	OK	 
REQUEST		request_63	1694275531013	1694275531369	OK	 
REQUEST		request_63 Redirect 1	1694275531222	1694275531575	OK	 
REQUEST		chunk-vendors.css?v=1688731390829	1694275531579	1694275531585	OK	 
REQUEST		app.css?v=1688731390829	1694275531579	1694275531588	OK	 
REQUEST		chunk-vendors.js?v=1688731390829	1694275531580	1694275531589	OK	 
REQUEST		app.js?v=1688731390829	1694275531580	1694275531591	OK	 
REQUEST		request_64	1694275531580	1694275531593	OK	 
REQUEST		favicon.ico?v=1688731390829	1694275531578	1694275531598	OK	 
USER	OHRMBuzzFeature	END	1694275531599
REQUEST		request_63 Redirect 1	1694275531370	1694275531873	OK	 
REQUEST		app.css?v=1688731390829	1694275531881	1694275531885	OK	 
REQUEST		favicon.ico?v=1688731390829	1694275531878	1694275531886	OK	 
REQUEST		chunk-vendors.js?v=1688731390829	1694275531881	1694275531886	OK	 
REQUEST		request_64	1694275531882	1694275531886	OK	 
REQUEST		app.js?v=1688731390829	1694275531881	1694275531886	OK	 
REQUEST		chunk-vendors.css?v=1688731390829	1694275531881	1694275531887	OK	 
USER	OHRMBuzzFeature	END	1694275531888
REQUEST		request_63	1694275531569	1694275531922	OK	 
REQUEST		request_63	1694275531897	1694275532391	OK	 
REQUEST		request_63 Redirect 1	1694275531922	1694275532587	OK	 
REQUEST		chunk-vendors.css?v=1688731390829	1694275532589	1694275532593	OK	 
REQUEST		app.css?v=1688731390829	1694275532589	1694275532595	OK	 
REQUEST		chunk-vendors.js?v=1688731390829	1694275532589	1694275532598	OK	 
REQUEST		app.js?v=1688731390829	1694275532590	1694275532598	OK	 
REQUEST		request_64	1694275532590	1694275532600	OK	 
REQUEST		favicon.ico?v=1688731390829	1694275532588	1694275532610	OK	 
USER	OHRMBuzzFeature	END	1694275532613
REQUEST		request_63 Redirect 1	1694275532392	1694275532767	OK	 
REQUEST		chunk-vendors.css?v=1688731390829	1694275532770	1694275532777	OK	 
REQUEST		favicon.ico?v=1688731390829	1694275532770	1694275532778	OK	 
REQUEST		app.css?v=1688731390829	1694275532771	1694275532780	OK	 
REQUEST		chunk-vendors.js?v=1688731390829	1694275532771	1694275532780	OK	 
REQUEST		app.js?v=1688731390829	1694275532771	1694275532782	OK	 
REQUEST		request_64	1694275532771	1694275532785	OK	 
USER	OHRMBuzzFeature	END	1694275532785
