RUN	com.gatling.tests.OHRMAdminLogin	ohrmadminlogin	1690905408090	Admin Login	3.6.1
USER	OHRMAdminLogin	START	1690905410091
REQUEST		request_0	1690905410114	1690905413024	OK	 
REQUEST		favicon.ico?v=1688731390829	1690905413115	1690905413159	OK	 
REQUEST		request_1	1690905413118	1690905413167	OK	 
REQUEST		app.css?v=1688731390829	1690905413117	1690905413197	OK	 
REQUEST		chunk-vendors.css?v=1688731390829	1690905413116	1690905413205	OK	 
REQUEST		request_2	1690905413165	1690905413218	OK	 
REQUEST		request_6	1690905413219	1690905413289	OK	 
REQUEST		request_7	1690905413296	1690905413331	OK	 
REQUEST		request_8	1690905413333	1690905413336	OK	 
REQUEST		request_9	1690905413336	1690905413351	OK	 
REQUEST		request_10	1690905413352	1690905413368	OK	 
REQUEST		request_11	1690905413369	1690905413389	OK	 
REQUEST		app.js?v=1688731390829	1690905413118	1690905413413	OK	 
REQUEST		request_4	1690905413200	1690905413418	OK	 
REQUEST		request_12	1690905413389	1690905413420	OK	 
REQUEST		chunk-vendors.js?v=1688731390829	1690905413117	1690905413674	OK	 
REQUEST		request_3	1690905413193	1690905413676	OK	 
REQUEST		request_5	1690905413212	1690905413758	OK	 
REQUEST		request_14	1690905430789	1690905431065	OK	 
REQUEST		request_14 Redirect 1	1690905431068	1690905431233	OK	 
REQUEST		chunk-vendors.js?v=1688731390829	1690905431240	1690905431245	OK	 
REQUEST		app.css?v=1688731390829	1690905431239	1690905431248	OK	 
REQUEST		favicon.ico?v=1688731390829	1690905431238	1690905431249	OK	 
REQUEST		app.js?v=1688731390829	1690905431240	1690905431250	OK	 
REQUEST		request_15	1690905431240	1690905431252	OK	 
REQUEST		chunk-vendors.css?v=1688731390829	1690905431239	1690905431254	OK	 
REQUEST		request_21	1690905431248	1690905431267	OK	 
REQUEST		request_22	1690905431250	1690905431270	OK	 
REQUEST		request_20	1690905431247	1690905431369	OK	 
REQUEST		request_28	1690905431370	1690905431388	OK	 
REQUEST		request_26	1690905431268	1690905431583	KO	status.find.in(200,201,202,203,204,205,206,207,208,209,304), found 401
REQUEST		request_24	1690905431253	1690905431636	KO	status.find.in(200,201,202,203,204,205,206,207,208,209,304), found 401
REQUEST		request_27	1690905431270	1690905431684	KO	status.find.in(200,201,202,203,204,205,206,207,208,209,304), found 401
REQUEST		request_25	1690905431255	1690905431761	KO	status.find.in(200,201,202,203,204,205,206,207,208,209,304), found 401
REQUEST		request_23	1690905431251	1690905431867	OK	 
REQUEST		request_23	1690905431868	1690905432133	OK	 
USER	OHRMAdminLogin	END	1690905432134
