RUN	com.gatling.tests.OHRMLeaveApplyType	ohrmleaveapplytype	1694274886529	 	3.6.1
USER	RecordedSimulation	START	1694274888369
REQUEST		request_0	1694274888392	1694274889186	OK	 
REQUEST		favicon.ico?v=1688731390829	1694274889346	1694274889357	OK	 
REQUEST		chunk-vendors.css?v=1688731390829	1694274889347	1694274889367	OK	 
REQUEST		app.css?v=1688731390829	1694274889347	1694274889392	OK	 
REQUEST		request_1	1694274889348	1694274889430	OK	 
REQUEST		request_2	1694274889364	1694274889509	OK	 
REQUEST		app.js?v=1688731390829	1694274889348	1694274889538	OK	 
REQUEST		chunk-vendors.js?v=1688731390829	1694274889348	1694274889542	OK	 
REQUEST		request_7	1694274889516	1694274889546	OK	 
REQUEST		request_3	1694274889388	1694274889550	OK	 
REQUEST		request_4	1694274889398	1694274889554	OK	 
REQUEST		request_8	1694274889539	1694274889557	OK	 
REQUEST		request_9	1694274889543	1694274889560	OK	 
REQUEST		request_10	1694274889547	1694274889562	OK	 
REQUEST		request_11	1694274889551	1694274889564	OK	 
REQUEST		request_12	1694274889555	1694274889565	OK	 
REQUEST		request_13	1694274889558	1694274889566	OK	 
REQUEST		request_6	1694274889437	1694274889786	OK	 
REQUEST		request_14	1694274890806	1694274891152	OK	 
REQUEST		request_14 Redirect 1	1694274891156	1694274891373	OK	 
REQUEST		favicon.ico?v=1688731390829	1694274891398	1694274891407	OK	 
REQUEST		chunk-vendors.css?v=1688731390829	1694274891399	1694274891417	OK	 
REQUEST		app.css?v=1688731390829	1694274891400	1694274891426	OK	 
REQUEST		request_24	1694274891421	1694274891437	OK	 
REQUEST		request_25	1694274891430	1694274891448	OK	 
REQUEST		app.js?v=1688731390829	1694274891403	1694274891451	OK	 
REQUEST		request_15	1694274891404	1694274891458	OK	 
REQUEST		request_26	1694274891438	1694274891466	OK	 
REQUEST		request_27	1694274891450	1694274891469	OK	 
REQUEST		request_28	1694274891453	1694274891521	OK	 
REQUEST		chunk-vendors.js?v=1688731390829	1694274891402	1694274891535	OK	 
REQUEST		request_32	1694274891522	1694274891877	KO	status.find.in(200,201,202,203,204,205,206,207,208,209,304), found 401
REQUEST		request_29	1694274891464	1694274891959	OK	 
REQUEST		request_33	1694274891537	1694274892024	KO	status.find.in(200,201,202,203,204,205,206,207,208,209,304), found 401
REQUEST		request_30	1694274891467	1694274892132	KO	status.find.in(200,201,202,203,204,205,206,207,208,209,304), found 401
REQUEST		request_16	1694274891415	1694274892292	OK	 
REQUEST		request_31	1694274891470	1694274892405	OK	 
REQUEST		request_34	1694274891889	1694274892495	KO	status.find.in(200,201,202,203,204,205,206,207,208,209,304), found 401
REQUEST		request_29	1694274891960	1694274892615	OK	 
REQUEST		request_35	1694274892025	1694274892722	KO	status.find.in(200,201,202,203,204,205,206,207,208,209,304), found 401
REQUEST		request_36	1694274892133	1694274892790	KO	status.find.in(200,201,202,203,204,205,206,207,208,209,304), found 401
REQUEST		request_16	1694274892293	1694274892964	OK	 
REQUEST		request_31	1694274892407	1694274893061	OK	 
REQUEST		request_37	1694274892496	1694274893119	KO	status.find.in(200,201,202,203,204,205,206,207,208,209,304), found 401
REQUEST		request_38	1694274894136	1694274894451	OK	 
REQUEST		request_38 Redirect 1	1694274894451	1694274894683	OK	 
REQUEST		favicon.ico?v=1688731390829	1694274894689	1694274894710	OK	 
REQUEST		chunk-vendors.css?v=1688731390829	1694274894691	1694274894717	OK	 
REQUEST		app.css?v=1688731390829	1694274894695	1694274894726	OK	 
REQUEST		chunk-vendors.js?v=1688731390829	1694274894696	1694274894757	OK	 
REQUEST		request_39	1694274894699	1694274894764	OK	 
REQUEST		app.js?v=1688731390829	1694274894698	1694274894769	OK	 
REQUEST		request_52	1694274894716	1694274895101	OK	 
REQUEST		request_56	1694274894767	1694274895182	KO	status.find.in(200,201,202,203,204,205,206,207,208,209,304), found 401
REQUEST		request_57	1694274894769	1694274895246	KO	status.find.in(200,201,202,203,204,205,206,207,208,209,304), found 401
REQUEST		request_55	1694274894759	1694274895315	KO	status.find.in(200,201,202,203,204,205,206,207,208,209,304), found 401
REQUEST		request_53	1694274894718	1694274895430	KO	status.find.in(200,201,202,203,204,205,206,207,208,209,304), found 401
REQUEST		request_54	1694274894730	1694274895487	KO	status.find.in(200,201,202,203,204,205,206,207,208,209,304), found 401
REQUEST		request_52	1694274895102	1694274895646	OK	 
REQUEST		request_58	1694274895183	1694274895728	KO	status.find.in(200,201,202,203,204,205,206,207,208,209,304), found 401
REQUEST		request_59	1694274895247	1694274895785	KO	status.find.in(200,201,202,203,204,205,206,207,208,209,304), found 401
REQUEST		request_60	1694274896794	1694274897114	OK	 
REQUEST		request_60 Redirect 1	1694274897114	1694274897436	OK	 
REQUEST		chunk-vendors.css?v=1688731390829	1694274897445	1694274897451	OK	 
REQUEST		app.css?v=1688731390829	1694274897446	1694274897453	OK	 
REQUEST		chunk-vendors.js?v=1688731390829	1694274897446	1694274897455	OK	 
REQUEST		app.js?v=1688731390829	1694274897447	1694274897455	OK	 
REQUEST		request_61	1694274897447	1694274897465	OK	 
REQUEST		favicon.ico?v=1688731390829	1694274897441	1694274897470	OK	 
REQUEST		request_74	1694274897453	1694274897649	OK	 
REQUEST		request_75	1694274897454	1694274897766	KO	status.find.in(200,201,202,203,204,205,206,207,208,209,304), found 401
REQUEST		request_74	1694274897650	1694274897967	OK	 
REQUEST		request_76	1694274898983	1694274899268	OK	 
REQUEST		request_76 Redirect 1	1694274899269	1694274899601	OK	 
REQUEST		favicon.ico?v=1688731390829	1694274899605	1694274899613	OK	 
REQUEST		app.css?v=1688731390829	1694274899606	1694274899617	OK	 
REQUEST		chunk-vendors.css?v=1688731390829	1694274899605	1694274899619	OK	 
REQUEST		chunk-vendors.js?v=1688731390829	1694274899607	1694274899619	OK	 
REQUEST		app.js?v=1688731390829	1694274899608	1694274899621	OK	 
REQUEST		request_77	1694274899611	1694274899621	OK	 
REQUEST		request_91	1694274899618	1694274899811	KO	status.find.in(200,201,202,203,204,205,206,207,208,209,304), found 401
REQUEST		request_90	1694274899614	1694274899934	OK	 
REQUEST		request_90	1694274899935	1694274900203	OK	 
REQUEST		request_92	1694274901230	1694274901432	KO	status.find.in(200,201,202,203,204,205,206,207,208,209,304), found 401
REQUEST		request_93	1694274902436	1694274902736	OK	 
REQUEST		request_93 Redirect 1	1694274902744	1694274902999	OK	 
REQUEST		favicon.ico?v=1688731390829	1694274903006	1694274903035	OK	 
REQUEST		chunk-vendors.css?v=1688731390829	1694274903010	1694274903041	OK	 
REQUEST		app.css?v=1688731390829	1694274903012	1694274903046	OK	 
REQUEST		chunk-vendors.js?v=1688731390829	1694274903014	1694274903047	OK	 
REQUEST		request_94	1694274903015	1694274903049	OK	 
REQUEST		app.js?v=1688731390829	1694274903015	1694274903050	OK	 
REQUEST		request_108	1694274903045	1694274903317	KO	status.find.in(200,201,202,203,204,205,206,207,208,209,304), found 401
REQUEST		request_107	1694274903037	1694274903375	OK	 
REQUEST		request_107	1694274903375	1694274903643	OK	 
REQUEST		request_109	1694274904658	1694274904992	OK	 
REQUEST		request_109 Redirect 1	1694274904993	1694274905244	OK	 
REQUEST		favicon.ico?v=1688731390829	1694274905252	1694274905263	OK	 
REQUEST		chunk-vendors.css?v=1688731390829	1694274905252	1694274905281	OK	 
REQUEST		chunk-vendors.js?v=1688731390829	1694274905255	1694274905301	OK	 
REQUEST		request_110	1694274905259	1694274905302	OK	 
REQUEST		app.js?v=1688731390829	1694274905256	1694274905303	OK	 
REQUEST		app.css?v=1688731390829	1694274905253	1694274905304	OK	 
REQUEST		request_123	1694274905265	1694274905532	OK	 
REQUEST		request_124	1694274905284	1694274905608	KO	status.find.in(200,201,202,203,204,205,206,207,208,209,304), found 401
REQUEST		request_123	1694274905533	1694274905800	OK	 
REQUEST		request_125	1694274906811	1694274906995	KO	status.find.in(200,201,202,203,204,205,206,207,208,209,304), found 401
REQUEST		request_126	1694274908008	1694274908330	OK	 
REQUEST		request_126 Redirect 1	1694274908331	1694274908545	OK	 
REQUEST		favicon.ico?v=1688731390829	1694274908565	1694274908599	OK	 
REQUEST		chunk-vendors.css?v=1688731390829	1694274908567	1694274908605	OK	 
REQUEST		app.css?v=1688731390829	1694274908568	1694274908644	OK	 
REQUEST		chunk-vendors.js?v=1688731390829	1694274908570	1694274908645	OK	 
REQUEST		app.js?v=1688731390829	1694274908577	1694274908647	OK	 
REQUEST		request_127	1694274908579	1694274908669	OK	 
REQUEST		request_140	1694274908602	1694274908881	OK	 
REQUEST		request_141	1694274908617	1694274908945	KO	status.find.in(200,201,202,203,204,205,206,207,208,209,304), found 401
REQUEST		request_140	1694274908881	1694274909084	OK	 
REQUEST		request_142	1694274910101	1694274910429	OK	 
REQUEST		request_142 Redirect 1	1694274910429	1694274910613	OK	 
REQUEST		favicon.ico?v=1688731390829	1694274910616	1694274910621	OK	 
REQUEST		chunk-vendors.css?v=1688731390829	1694274910617	1694274910624	OK	 
REQUEST		chunk-vendors.js?v=1688731390829	1694274910618	1694274910626	OK	 
REQUEST		request_143	1694274910619	1694274910626	OK	 
REQUEST		app.js?v=1688731390829	1694274910618	1694274910627	OK	 
REQUEST		app.css?v=1688731390829	1694274910618	1694274910627	OK	 
REQUEST		request_156	1694274910622	1694274910871	OK	 
REQUEST		request_157	1694274910625	1694274910932	KO	status.find.in(200,201,202,203,204,205,206,207,208,209,304), found 401
REQUEST		request_156	1694274910872	1694274911120	OK	 
REQUEST		request_158	1694274912130	1694274912470	KO	status.find.in(200,201,202,203,204,205,206,207,208,209,304), found 401
REQUEST		request_159	1694274913475	1694274913722	OK	 
REQUEST		request_159 Redirect 1	1694274913723	1694274913930	OK	 
REQUEST		favicon.ico?v=1688731390829	1694274913932	1694274913955	OK	 
REQUEST		chunk-vendors.css?v=1688731390829	1694274913935	1694274913960	OK	 
REQUEST		chunk-vendors.js?v=1688731390829	1694274913938	1694274913962	OK	 
REQUEST		app.css?v=1688731390829	1694274913936	1694274913963	OK	 
REQUEST		app.js?v=1688731390829	1694274913941	1694274913965	OK	 
REQUEST		request_160	1694274913943	1694274913966	OK	 
REQUEST		request_174	1694274913961	1694274914247	KO	status.find.in(200,201,202,203,204,205,206,207,208,209,304), found 401
REQUEST		request_173	1694274913959	1694274914317	OK	 
REQUEST		request_173	1694274914318	1694274914595	OK	 
REQUEST		request_175	1694274915604	1694274915898	OK	 
REQUEST		request_175 Redirect 1	1694274915899	1694274916182	OK	 
REQUEST		favicon.ico?v=1688731390829	1694274916187	1694274916199	OK	 
REQUEST		chunk-vendors.css?v=1688731390829	1694274916190	1694274916202	OK	 
REQUEST		app.css?v=1688731390829	1694274916195	1694274916205	OK	 
REQUEST		chunk-vendors.js?v=1688731390829	1694274916196	1694274916209	OK	 
REQUEST		request_176	1694274916197	1694274916210	OK	 
REQUEST		app.js?v=1688731390829	1694274916197	1694274916211	OK	 
REQUEST		request_189	1694274916200	1694274916431	OK	 
REQUEST		request_190	1694274916204	1694274916534	KO	status.find.in(200,201,202,203,204,205,206,207,208,209,304), found 401
REQUEST		request_189	1694274916431	1694274916751	OK	 
REQUEST		request_191	1694274917758	1694274918067	KO	status.find.in(200,201,202,203,204,205,206,207,208,209,304), found 401
REQUEST		request_192	1694274919084	1694274919417	OK	 
REQUEST		request_192 Redirect 1	1694274919417	1694274919681	OK	 
REQUEST		favicon.ico?v=1688731390829	1694274919688	1694274919712	OK	 
REQUEST		chunk-vendors.js?v=1688731390829	1694274919696	1694274919726	OK	 
REQUEST		chunk-vendors.css?v=1688731390829	1694274919693	1694274919728	OK	 
REQUEST		app.js?v=1688731390829	1694274919697	1694274919729	OK	 
REQUEST		app.css?v=1688731390829	1694274919695	1694274919731	OK	 
REQUEST		request_193	1694274919698	1694274919731	OK	 
REQUEST		request_206	1694274919715	1694274919980	OK	 
REQUEST		request_207	1694274919727	1694274920055	KO	status.find.in(200,201,202,203,204,205,206,207,208,209,304), found 401
REQUEST		request_206	1694274919981	1694274920264	OK	 
REQUEST		request_208	1694274921269	1694274921670	OK	 
REQUEST		request_208 Redirect 1	1694274921671	1694274921923	OK	 
REQUEST		favicon.ico?v=1688731390829	1694274921929	1694274921934	OK	 
REQUEST		chunk-vendors.css?v=1688731390829	1694274921930	1694274921947	OK	 
REQUEST		app.css?v=1688731390829	1694274921930	1694274921950	OK	 
REQUEST		chunk-vendors.js?v=1688731390829	1694274921931	1694274921959	OK	 
REQUEST		app.js?v=1688731390829	1694274921931	1694274921960	OK	 
REQUEST		request_209	1694274921932	1694274921961	OK	 
REQUEST		request_218	1694274921935	1694274922243	OK	 
REQUEST		request_219	1694274921948	1694274922307	KO	status.find.in(200,201,202,203,204,205,206,207,208,209,304), found 401
REQUEST		request_218	1694274922244	1694274922462	OK	 
USER	RecordedSimulation	END	1694274922466
