RUN	com.gatling.tests.OHRMApplicantRecruitement	ohrmapplicantrecruitement	1694273717116	 	3.6.1
USER	OHRMApplicantRecruitement	START	1694273719820
REQUEST		request_0	1694273719883	1694273720652	OK	 
REQUEST		chunk-vendors.js?v=1688731390829	1694273720854	1694273720992	OK	 
REQUEST		favicon.ico?v=1688731390829	1694273720848	1694273721003	OK	 
REQUEST		app.css?v=1688731390829	1694273720853	1694273721013	OK	 
REQUEST		chunk-vendors.css?v=1688731390829	1694273720852	1694273721133	OK	 
REQUEST		request_2	1694273721000	1694273721175	OK	 
REQUEST		request_1	1694273720854	1694273721186	OK	 
REQUEST		request_7	1694273721161	1694273721245	OK	 
REQUEST		request_8	1694273721181	1694273721248	OK	 
REQUEST		request_9	1694273721200	1694273721251	OK	 
REQUEST		app.js?v=1688731390829	1694273720854	1694273721262	OK	 
REQUEST		request_3	1694273721009	1694273721269	OK	 
REQUEST		request_10	1694273721246	1694273721279	OK	 
REQUEST		request_11	1694273721249	1694273721281	OK	 
REQUEST		request_12	1694273721252	1694273721287	OK	 
REQUEST		request_13	1694273721263	1694273721294	OK	 
REQUEST		request_6	1694273721051	1694273721553	OK	 
REQUEST		request_14	1694273722631	1694273722894	OK	 
REQUEST		request_14 Redirect 1	1694273722898	1694273723346	OK	 
REQUEST		app.css?v=1688731390829	1694273723354	1694273723360	OK	 
REQUEST		chunk-vendors.css?v=1688731390829	1694273723353	1694273723363	OK	 
REQUEST		favicon.ico?v=1688731390829	1694273723353	1694273723364	OK	 
REQUEST		request_24	1694273723362	1694273723366	OK	 
REQUEST		request_25	1694273723363	1694273723368	OK	 
REQUEST		request_26	1694273723364	1694273723369	OK	 
REQUEST		request_15	1694273723358	1694273723370	OK	 
REQUEST		app.js?v=1688731390829	1694273723356	1694273723375	OK	 
REQUEST		chunk-vendors.js?v=1688731390829	1694273723355	1694273723376	OK	 
REQUEST		request_27	1694273723367	1694273723377	OK	 
REQUEST		request_28	1694273723368	1694273723379	OK	 
REQUEST		request_32	1694273723377	1694273723821	OK	 
REQUEST		request_30	1694273723371	1694273723934	KO	status.find.in(200,201,202,203,204,205,206,207,208,209,304), found 401
REQUEST		request_31	1694273723376	1694273724016	KO	status.find.in(200,201,202,203,204,205,206,207,208,209,304), found 401
REQUEST		request_34	1694273723408	1694273724171	KO	status.find.in(200,201,202,203,204,205,206,207,208,209,304), found 401
REQUEST		request_29	1694273723370	1694273724362	OK	 
REQUEST		request_33	1694273723378	1694273724529	KO	status.find.in(200,201,202,203,204,205,206,207,208,209,304), found 401
REQUEST		request_32	1694273723822	1694273724664	OK	 
REQUEST		request_35	1694273723951	1694273724729	KO	status.find.in(200,201,202,203,204,205,206,207,208,209,304), found 401
REQUEST		request_36	1694273724017	1694273724799	KO	status.find.in(200,201,202,203,204,205,206,207,208,209,304), found 401
REQUEST		request_37	1694273724172	1694273724887	KO	status.find.in(200,201,202,203,204,205,206,207,208,209,304), found 401
REQUEST		request_29	1694273724363	1694273725027	OK	 
REQUEST		request_38	1694273726034	1694273726330	OK	 
REQUEST		request_38 Redirect 1	1694273726331	1694273726548	OK	 
REQUEST		app.css?v=1688731390829	1694273726558	1694273726565	OK	 
REQUEST		chunk-vendors.css?v=1688731390829	1694273726557	1694273726569	OK	 
REQUEST		app.js?v=1688731390829	1694273726559	1694273726574	OK	 
REQUEST		request_39	1694273726559	1694273726576	OK	 
REQUEST		favicon.ico?v=1688731390829	1694273726555	1694273726579	OK	 
REQUEST		chunk-vendors.js?v=1688731390829	1694273726558	1694273726580	OK	 
REQUEST		request_54	1694273726575	1694273726900	KO	status.find.in(200,201,202,203,204,205,206,207,208,209,304), found 401
REQUEST		request_55	1694273726577	1694273726962	KO	status.find.in(200,201,202,203,204,205,206,207,208,209,304), found 401
REQUEST		request_57	1694273726581	1694273727022	KO	status.find.in(200,201,202,203,204,205,206,207,208,209,304), found 401
REQUEST		request_52	1694273726567	1694273727089	OK	 
REQUEST		request_56	1694273726579	1694273727181	KO	status.find.in(200,201,202,203,204,205,206,207,208,209,304), found 401
REQUEST		request_53	1694273726570	1694273727250	KO	status.find.in(200,201,202,203,204,205,206,207,208,209,304), found 401
REQUEST		request_58	1694273726901	1694273727348	KO	status.find.in(200,201,202,203,204,205,206,207,208,209,304), found 401
REQUEST		request_59	1694273726963	1694273727418	KO	status.find.in(200,201,202,203,204,205,206,207,208,209,304), found 401
REQUEST		request_60	1694273727023	1694273727481	KO	status.find.in(200,201,202,203,204,205,206,207,208,209,304), found 401
REQUEST		request_52	1694273727089	1694273727572	OK	 
REQUEST		request_61	1694273727183	1694273727628	KO	status.find.in(200,201,202,203,204,205,206,207,208,209,304), found 401
REQUEST		request_62	1694273728633	1694273728898	OK	 
REQUEST		request_62 Redirect 1	1694273728898	1694273729230	OK	 
REQUEST		chunk-vendors.js?v=1688731390829	1694273729238	1694273729247	OK	 
REQUEST		app.js?v=1688731390829	1694273729239	1694273729250	OK	 
REQUEST		chunk-vendors.css?v=1688731390829	1694273729237	1694273729251	OK	 
REQUEST		favicon.ico?v=1688731390829	1694273729236	1694273729252	OK	 
REQUEST		app.css?v=1688731390829	1694273729237	1694273729254	OK	 
REQUEST		request_63	1694273729240	1694273729255	OK	 
REQUEST		request_81	1694273729256	1694273729580	KO	status.find.in(200,201,202,203,204,205,206,207,208,209,304), found 401
REQUEST		request_76	1694273729249	1694273729644	OK	 
REQUEST		request_77	1694273729250	1694273729706	KO	status.find.in(200,201,202,203,204,205,206,207,208,209,304), found 401
REQUEST		request_78	1694273729252	1694273729783	KO	status.find.in(200,201,202,203,204,205,206,207,208,209,304), found 401
REQUEST		request_80	1694273729254	1694273729864	KO	status.find.in(200,201,202,203,204,205,206,207,208,209,304), found 401
REQUEST		request_79	1694273729253	1694273730145	KO	status.find.in(200,201,202,203,204,205,206,207,208,209,304), found 401
REQUEST		request_82	1694273729581	1694273730240	KO	status.find.in(200,201,202,203,204,205,206,207,208,209,304), found 401
REQUEST		request_76	1694273729645	1694273730355	OK	 
REQUEST		request_83	1694273729707	1694273730425	KO	status.find.in(200,201,202,203,204,205,206,207,208,209,304), found 401
REQUEST		request_84	1694273731436	1694273731820	OK	 
REQUEST		request_84 Redirect 1	1694273731821	1694273732108	OK	 
REQUEST		favicon.ico?v=1688731390829	1694273732112	1694273732119	OK	 
REQUEST		chunk-vendors.css?v=1688731390829	1694273732113	1694273732125	OK	 
REQUEST		chunk-vendors.js?v=1688731390829	1694273732114	1694273732127	OK	 
REQUEST		request_85	1694273732114	1694273732127	OK	 
REQUEST		app.js?v=1688731390829	1694273732114	1694273732128	OK	 
REQUEST		app.css?v=1688731390829	1694273732113	1694273732128	OK	 
REQUEST		request_99	1694273732126	1694273732364	KO	status.find.in(200,201,202,203,204,205,206,207,208,209,304), found 401
REQUEST		request_98	1694273732124	1694273732454	OK	 
REQUEST		request_98	1694273732455	1694273732725	OK	 
REQUEST		request_100	1694273733740	1694273733992	KO	status.find.in(200,201,202,203,204,205,206,207,208,209,304), found 401
REQUEST		request_101	1694273734999	1694273735273	OK	 
REQUEST		request_101 Redirect 1	1694273735274	1694273736020	OK	 
REQUEST		favicon.ico?v=1688731390829	1694273736028	1694273736041	OK	 
REQUEST		chunk-vendors.css?v=1688731390829	1694273736029	1694273736047	OK	 
REQUEST		app.css?v=1688731390829	1694273736029	1694273736049	OK	 
REQUEST		app.js?v=1688731390829	1694273736031	1694273736051	OK	 
REQUEST		chunk-vendors.js?v=1688731390829	1694273736030	1694273736053	OK	 
REQUEST		request_102	1694273736031	1694273736141	OK	 
REQUEST		request_115	1694273736045	1694273736419	OK	 
REQUEST		request_120	1694273736142	1694273736501	KO	status.find.in(200,201,202,203,204,205,206,207,208,209,304), found 401
REQUEST		request_116	1694273736048	1694273736571	KO	status.find.in(200,201,202,203,204,205,206,207,208,209,304), found 401
REQUEST		request_118	1694273736052	1694273736661	KO	status.find.in(200,201,202,203,204,205,206,207,208,209,304), found 401
REQUEST		request_117	1694273736050	1694273736746	KO	status.find.in(200,201,202,203,204,205,206,207,208,209,304), found 401
REQUEST		request_119	1694273736054	1694273736801	KO	status.find.in(200,201,202,203,204,205,206,207,208,209,304), found 401
REQUEST		request_115	1694273736420	1694273736906	OK	 
REQUEST		request_122	1694273736572	1694273736971	KO	status.find.in(200,201,202,203,204,205,206,207,208,209,304), found 401
REQUEST		request_121	1694273736502	1694273737125	KO	status.find.in(200,201,202,203,204,205,206,207,208,209,304), found 401
REQUEST		request_123	1694273738143	1694273738443	OK	 
REQUEST		request_123 Redirect 1	1694273738444	1694273738729	OK	 
REQUEST		favicon.ico?v=1688731390829	1694273738733	1694273738748	OK	 
REQUEST		app.css?v=1688731390829	1694273738734	1694273738750	OK	 
REQUEST		request_124	1694273738738	1694273738751	OK	 
REQUEST		app.js?v=1688731390829	1694273738735	1694273738752	OK	 
REQUEST		chunk-vendors.js?v=1688731390829	1694273738735	1694273738777	OK	 
REQUEST		chunk-vendors.css?v=1688731390829	1694273738734	1694273738805	OK	 
REQUEST		request_137	1694273738750	1694273738997	OK	 
REQUEST		request_138	1694273738751	1694273739058	KO	status.find.in(200,201,202,203,204,205,206,207,208,209,304), found 401
REQUEST		request_139	1694273738751	1694273739125	KO	status.find.in(200,201,202,203,204,205,206,207,208,209,304), found 401
REQUEST		request_140	1694273738752	1694273739188	KO	status.find.in(200,201,202,203,204,205,206,207,208,209,304), found 401
REQUEST		request_137	1694273738997	1694273739293	OK	 
REQUEST		request_141	1694273740295	1694273740511	KO	status.find.in(200,201,202,203,204,205,206,207,208,209,304), found 401
REQUEST		request_142	1694273741526	1694273741836	KO	status.find.in(200,201,202,203,204,205,206,207,208,209,304), found 401
REQUEST		request_143	1694273742848	1694273743120	KO	status.find.in(200,201,202,203,204,205,206,207,208,209,304), found 401
REQUEST		request_144	1694273744124	1694273744390	KO	status.find.in(200,201,202,203,204,205,206,207,208,209,304), found 401
REQUEST		request_145	1694273745404	1694273745409	OK	 
REQUEST		request_146	1694273745413	1694273745420	OK	 
REQUEST		request_148	1694273745414	1694273745429	OK	 
REQUEST		request_149	1694273745415	1694273745432	OK	 
REQUEST		request_151	1694273745417	1694273745441	OK	 
REQUEST		request_150	1694273745416	1694273745442	OK	 
REQUEST		request_163	1694273745442	1694273745770	KO	status.find.in(200,201,202,203,204,205,206,207,208,209,304), found 401
REQUEST		request_161	1694273745433	1694273745820	KO	status.find.in(200,201,202,203,204,205,206,207,208,209,304), found 401
REQUEST		request_162	1694273745441	1694273745892	KO	status.find.in(200,201,202,203,204,205,206,207,208,209,304), found 401
REQUEST		request_159	1694273745421	1694273745961	OK	 
REQUEST		request_147	1694273745413	1694273746036	OK	 
REQUEST		request_160	1694273745429	1694273746112	KO	status.find.in(200,201,202,203,204,205,206,207,208,209,304), found 401
REQUEST		request_164	1694273745771	1694273746181	KO	status.find.in(200,201,202,203,204,205,206,207,208,209,304), found 401
REQUEST		request_165	1694273745821	1694273746247	KO	status.find.in(200,201,202,203,204,205,206,207,208,209,304), found 401
REQUEST		request_166	1694273745893	1694273746312	KO	status.find.in(200,201,202,203,204,205,206,207,208,209,304), found 401
REQUEST		request_159	1694273745962	1694273746403	OK	 
REQUEST		request_147	1694273746038	1694273746506	OK	 
REQUEST		request_167	1694273747514	1694273747831	OK	 
REQUEST		request_167 Redirect 1	1694273747831	1694273748163	OK	 
REQUEST		favicon.ico?v=1688731390829	1694273748167	1694273748177	OK	 
REQUEST		app.css?v=1688731390829	1694273748168	1694273748181	OK	 
REQUEST		chunk-vendors.css?v=1688731390829	1694273748167	1694273748183	OK	 
REQUEST		request_168	1694273748170	1694273748183	OK	 
REQUEST		app.js?v=1688731390829	1694273748169	1694273748184	OK	 
REQUEST		chunk-vendors.js?v=1688731390829	1694273748168	1694273748185	OK	 
REQUEST		request_182	1694273748182	1694273748422	KO	status.find.in(200,201,202,203,204,205,206,207,208,209,304), found 401
REQUEST		request_181	1694273748180	1694273748483	OK	 
REQUEST		request_181	1694273748483	1694273748674	OK	 
REQUEST		request_183	1694273749681	1694273749956	KO	status.find.in(200,201,202,203,204,205,206,207,208,209,304), found 401
REQUEST		request_184	1694273750960	1694273751135	OK	 
REQUEST		request_184 Redirect 1	1694273751136	1694273751323	OK	 
REQUEST		favicon.ico?v=1688731390829	1694273751325	1694273751331	OK	 
REQUEST		chunk-vendors.css?v=1688731390829	1694273751326	1694273751332	OK	 
REQUEST		app.css?v=1688731390829	1694273751326	1694273751333	OK	 
REQUEST		chunk-vendors.js?v=1688731390829	1694273751327	1694273751334	OK	 
REQUEST		app.js?v=1688731390829	1694273751327	1694273751335	OK	 
REQUEST		request_185	1694273751327	1694273751337	OK	 
REQUEST		request_199	1694273751333	1694273751681	KO	status.find.in(200,201,202,203,204,205,206,207,208,209,304), found 401
REQUEST		request_202	1694273751335	1694273751747	KO	status.find.in(200,201,202,203,204,205,206,207,208,209,304), found 401
REQUEST		request_198	1694273751332	1694273751802	OK	 
REQUEST		request_201	1694273751334	1694273751893	KO	status.find.in(200,201,202,203,204,205,206,207,208,209,304), found 401
REQUEST		request_203	1694273751337	1694273751947	KO	status.find.in(200,201,202,203,204,205,206,207,208,209,304), found 401
REQUEST		request_200	1694273751333	1694273752010	KO	status.find.in(200,201,202,203,204,205,206,207,208,209,304), found 401
REQUEST		request_204	1694273751682	1694273752065	KO	status.find.in(200,201,202,203,204,205,206,207,208,209,304), found 401
REQUEST		request_205	1694273751747	1694273752124	KO	status.find.in(200,201,202,203,204,205,206,207,208,209,304), found 401
REQUEST		request_198	1694273751803	1694273752221	OK	 
REQUEST		request_206	1694273753234	1694273753507	OK	 
REQUEST		request_206 Redirect 1	1694273753508	1694273753761	OK	 
REQUEST		app.css?v=1688731390829	1694273753765	1694273753774	OK	 
REQUEST		app.js?v=1688731390829	1694273753766	1694273753777	OK	 
REQUEST		request_207	1694273753766	1694273753779	OK	 
REQUEST		favicon.ico?v=1688731390829	1694273753763	1694273753779	OK	 
REQUEST		chunk-vendors.css?v=1688731390829	1694273753764	1694273753782	OK	 
REQUEST		chunk-vendors.js?v=1688731390829	1694273753765	1694273753783	OK	 
REQUEST		request_220	1694273753776	1694273753994	OK	 
REQUEST		request_221	1694273753778	1694273754063	KO	status.find.in(200,201,202,203,204,205,206,207,208,209,304), found 401
REQUEST		request_220	1694273753994	1694273754223	OK	 
REQUEST		request_222	1694273755231	1694273755561	KO	status.find.in(200,201,202,203,204,205,206,207,208,209,304), found 401
REQUEST		request_223	1694273756570	1694273756909	OK	 
REQUEST		request_223 Redirect 1	1694273756910	1694273757320	OK	 
REQUEST		favicon.ico?v=1688731390829	1694273757327	1694273757337	OK	 
REQUEST		chunk-vendors.css?v=1688731390829	1694273757328	1694273757342	OK	 
REQUEST		app.css?v=1688731390829	1694273757328	1694273757344	OK	 
REQUEST		chunk-vendors.js?v=1688731390829	1694273757329	1694273757347	OK	 
REQUEST		request_224	1694273757330	1694273757349	OK	 
REQUEST		app.js?v=1688731390829	1694273757330	1694273757351	OK	 
REQUEST		request_239	1694273757345	1694273757679	KO	status.find.in(200,201,202,203,204,205,206,207,208,209,304), found 401
REQUEST		request_240	1694273757348	1694273757738	KO	status.find.in(200,201,202,203,204,205,206,207,208,209,304), found 401
REQUEST		request_238	1694273757343	1694273757801	KO	status.find.in(200,201,202,203,204,205,206,207,208,209,304), found 401
REQUEST		request_241	1694273757350	1694273757888	KO	status.find.in(200,201,202,203,204,205,206,207,208,209,304), found 401
REQUEST		request_242	1694273757351	1694273757944	KO	status.find.in(200,201,202,203,204,205,206,207,208,209,304), found 401
REQUEST		request_237	1694273757341	1694273758007	OK	 
REQUEST		request_243	1694273757680	1694273758077	KO	status.find.in(200,201,202,203,204,205,206,207,208,209,304), found 401
REQUEST		request_244	1694273757738	1694273758140	KO	status.find.in(200,201,202,203,204,205,206,207,208,209,304), found 401
REQUEST		request_237	1694273758008	1694273758255	OK	 
REQUEST		request_245	1694273759270	1694273759591	OK	 
REQUEST		request_245 Redirect 1	1694273759591	1694273759873	OK	 
REQUEST		favicon.ico?v=1688731390829	1694273759876	1694273759881	OK	 
REQUEST		chunk-vendors.css?v=1688731390829	1694273759876	1694273759882	OK	 
REQUEST		chunk-vendors.js?v=1688731390829	1694273759877	1694273759883	OK	 
REQUEST		app.css?v=1688731390829	1694273759877	1694273759883	OK	 
REQUEST		app.js?v=1688731390829	1694273759877	1694273759884	OK	 
REQUEST		request_246	1694273759878	1694273759885	OK	 
REQUEST		request_260	1694273759883	1694273760115	KO	status.find.in(200,201,202,203,204,205,206,207,208,209,304), found 401
REQUEST		request_259	1694273759882	1694273760178	OK	 
REQUEST		request_259	1694273760178	1694273760392	OK	 
REQUEST		request_261	1694273761403	1694273761657	KO	status.find.in(200,201,202,203,204,205,206,207,208,209,304), found 401
REQUEST		request_262	1694273762674	1694273762967	OK	 
REQUEST		request_262 Redirect 1	1694273762968	1694273763217	OK	 
REQUEST		favicon.ico?v=1688731390829	1694273763223	1694273763230	OK	 
REQUEST		chunk-vendors.js?v=1688731390829	1694273763224	1694273763232	OK	 
REQUEST		app.js?v=1688731390829	1694273763225	1694273763240	OK	 
REQUEST		app.css?v=1688731390829	1694273763224	1694273763241	OK	 
REQUEST		request_263	1694273763225	1694273763273	OK	 
REQUEST		chunk-vendors.css?v=1688731390829	1694273763223	1694273763288	OK	 
REQUEST		request_274	1694273763240	1694273763574	KO	status.find.in(200,201,202,203,204,205,206,207,208,209,304), found 401
REQUEST		request_275	1694273763242	1694273763634	KO	status.find.in(200,201,202,203,204,205,206,207,208,209,304), found 401
REQUEST		request_276	1694273763273	1694273763719	KO	status.find.in(200,201,202,203,204,205,206,207,208,209,304), found 401
REQUEST		request_273	1694273763232	1694273763782	KO	status.find.in(200,201,202,203,204,205,206,207,208,209,304), found 401
REQUEST		request_272	1694273763230	1694273763846	OK	 
REQUEST		request_277	1694273763288	1694273763914	KO	status.find.in(200,201,202,203,204,205,206,207,208,209,304), found 401
REQUEST		request_278	1694273763575	1694273763978	KO	status.find.in(200,201,202,203,204,205,206,207,208,209,304), found 401
REQUEST		request_279	1694273763635	1694273764041	KO	status.find.in(200,201,202,203,204,205,206,207,208,209,304), found 401
REQUEST		request_272	1694273763847	1694273764148	OK	 
USER	OHRMApplicantRecruitement	END	1694273764149
